{"/Volumes/tkr-riffic/@tkr-projects/tkr-docusearch/frontend/src/features/details/hooks/useChunkNavigation.ts": {"path":"/Volumes/tkr-riffic/@tkr-projects/tkr-docusearch/frontend/src/features/details/hooks/useChunkNavigation.ts","statementMap":{"0":{"start":{"line":122,"column":67},"end":{"line":122,"column":null}},"1":{"start":{"line":125,"column":21},"end":{"line":125,"column":null}},"2":{"start":{"line":128,"column":8},"end":{"line":128,"column":null}},"3":{"start":{"line":131,"column":8},"end":{"line":131,"column":null}},"4":{"start":{"line":137,"column":8},"end":{"line":167,"column":null}},"5":{"start":{"line":140,"column":6},"end":{"line":143,"column":null}},"6":{"start":{"line":141,"column":8},"end":{"line":141,"column":null}},"7":{"start":{"line":142,"column":8},"end":{"line":142,"column":null}},"8":{"start":{"line":145,"column":29},"end":{"line":145,"column":null}},"9":{"start":{"line":148,"column":6},"end":{"line":154,"column":null}},"10":{"start":{"line":149,"column":8},"end":{"line":153,"column":null}},"11":{"start":{"line":150,"column":10},"end":{"line":150,"column":null}},"12":{"start":{"line":152,"column":10},"end":{"line":152,"column":null}},"13":{"start":{"line":157,"column":30},"end":{"line":157,"column":null}},"14":{"start":{"line":158,"column":6},"end":{"line":164,"column":null}},"15":{"start":{"line":159,"column":8},"end":{"line":163,"column":null}},"16":{"start":{"line":160,"column":10},"end":{"line":160,"column":null}},"17":{"start":{"line":162,"column":10},"end":{"line":162,"column":null}},"18":{"start":{"line":173,"column":2},"end":{"line":196,"column":null}},"19":{"start":{"line":175,"column":4},"end":{"line":177,"column":null}},"20":{"start":{"line":176,"column":6},"end":{"line":176,"column":null}},"21":{"start":{"line":180,"column":4},"end":{"line":182,"column":null}},"22":{"start":{"line":181,"column":6},"end":{"line":181,"column":null}},"23":{"start":{"line":185,"column":4},"end":{"line":185,"column":null}},"24":{"start":{"line":189,"column":4},"end":{"line":195,"column":null}},"25":{"start":{"line":190,"column":6},"end":{"line":194,"column":null}},"26":{"start":{"line":191,"column":8},"end":{"line":191,"column":null}},"27":{"start":{"line":193,"column":8},"end":{"line":193,"column":null}},"28":{"start":{"line":198,"column":2},"end":{"line":201,"column":null}}},"fnMap":{"0":{"name":"useChunkNavigation","decl":{"start":{"line":119,"column":16},"end":{"line":119,"column":null}},"loc":{"start":{"line":121,"column":28},"end":{"line":202,"column":null}},"line":121},"1":{"name":"(anonymous_1)","decl":{"start":{"line":138,"column":4},"end":{"line":138,"column":5}},"loc":{"start":{"line":138,"column":54},"end":{"line":165,"column":null}},"line":138},"2":{"name":"(anonymous_2)","decl":{"start":{"line":173,"column":12},"end":{"line":173,"column":18}},"loc":{"start":{"line":173,"column":18},"end":{"line":196,"column":5}},"line":173}},"branchMap":{"0":{"loc":{"start":{"line":120,"column":2},"end":{"line":120,"column":null}},"type":"default-arg","locations":[{"start":{"line":120,"column":39},"end":{"line":120,"column":null}}],"line":120},"1":{"loc":{"start":{"line":122,"column":38},"end":{"line":122,"column":63}},"type":"default-arg","locations":[{"start":{"line":122,"column":57},"end":{"line":122,"column":63}}],"line":122},"2":{"loc":{"start":{"line":140,"column":6},"end":{"line":143,"column":null}},"type":"if","locations":[{"start":{"line":140,"column":6},"end":{"line":143,"column":null}},{"start":{},"end":{}}],"line":140},"3":{"loc":{"start":{"line":140,"column":10},"end":{"line":140,"column":45}},"type":"binary-expr","locations":[{"start":{"line":140,"column":10},"end":{"line":140,"column":22}},{"start":{"line":140,"column":22},"end":{"line":140,"column":45}}],"line":140},"4":{"loc":{"start":{"line":148,"column":6},"end":{"line":154,"column":null}},"type":"if","locations":[{"start":{"line":148,"column":6},"end":{"line":154,"column":null}},{"start":{},"end":{}}],"line":148},"5":{"loc":{"start":{"line":157,"column":30},"end":{"line":157,"column":null}},"type":"binary-expr","locations":[{"start":{"line":157,"column":30},"end":{"line":157,"column":51}},{"start":{"line":157,"column":51},"end":{"line":157,"column":null}}],"line":157},"6":{"loc":{"start":{"line":158,"column":6},"end":{"line":164,"column":null}},"type":"if","locations":[{"start":{"line":158,"column":6},"end":{"line":164,"column":null}},{"start":{},"end":{}}],"line":158},"7":{"loc":{"start":{"line":175,"column":4},"end":{"line":177,"column":null}},"type":"if","locations":[{"start":{"line":175,"column":4},"end":{"line":177,"column":null}},{"start":{},"end":{}}],"line":175},"8":{"loc":{"start":{"line":180,"column":4},"end":{"line":182,"column":null}},"type":"if","locations":[{"start":{"line":180,"column":4},"end":{"line":182,"column":null}},{"start":{},"end":{}}],"line":180},"9":{"loc":{"start":{"line":189,"column":4},"end":{"line":195,"column":null}},"type":"if","locations":[{"start":{"line":189,"column":4},"end":{"line":195,"column":null}},{"start":{},"end":{}}],"line":189}},"s":{"0":38,"1":38,"2":38,"3":38,"4":38,"5":21,"6":2,"7":2,"8":19,"9":19,"10":16,"11":16,"12":1,"13":19,"14":21,"15":7,"16":7,"17":1,"18":38,"19":34,"20":22,"21":12,"22":0,"23":12,"24":12,"25":8,"26":8,"27":1,"28":38},"f":{"0":38,"1":21,"2":34},"b":{"0":[38],"1":[38],"2":[2,19],"3":[21,20],"4":[16,3],"5":[19,16],"6":[7,14],"7":[22,12],"8":[0,12],"9":[8,4]},"meta":{"lastBranch":10,"lastFunction":3,"lastStatement":29,"seen":{"f:119:16:119:Infinity":0,"b:120:39:120:Infinity":0,"s:122:67:122:Infinity":0,"b:122:57:122:63":1,"s:125:21:125:Infinity":1,"s:128:8:128:Infinity":2,"s:131:8:131:Infinity":3,"s:137:8:167:Infinity":4,"f:138:4:138:5":1,"b:140:6:143:Infinity:undefined:undefined:undefined:undefined":2,"s:140:6:143:Infinity":5,"b:140:10:140:22:140:22:140:45":3,"s:141:8:141:Infinity":6,"s:142:8:142:Infinity":7,"s:145:29:145:Infinity":8,"b:148:6:154:Infinity:undefined:undefined:undefined:undefined":4,"s:148:6:154:Infinity":9,"s:149:8:153:Infinity":10,"s:150:10:150:Infinity":11,"s:152:10:152:Infinity":12,"s:157:30:157:Infinity":13,"b:157:30:157:51:157:51:157:Infinity":5,"b:158:6:164:Infinity:undefined:undefined:undefined:undefined":6,"s:158:6:164:Infinity":14,"s:159:8:163:Infinity":15,"s:160:10:160:Infinity":16,"s:162:10:162:Infinity":17,"s:173:2:196:Infinity":18,"f:173:12:173:18":2,"b:175:4:177:Infinity:undefined:undefined:undefined:undefined":7,"s:175:4:177:Infinity":19,"s:176:6:176:Infinity":20,"b:180:4:182:Infinity:undefined:undefined:undefined:undefined":8,"s:180:4:182:Infinity":21,"s:181:6:181:Infinity":22,"s:185:4:185:Infinity":23,"b:189:4:195:Infinity:undefined:undefined:undefined:undefined":9,"s:189:4:195:Infinity":24,"s:190:6:194:Infinity":25,"s:191:8:191:Infinity":26,"s:193:8:193:Infinity":27,"s:198:2:201:Infinity":28}}}
,"/Volumes/tkr-riffic/@tkr-projects/tkr-docusearch/frontend/src/features/details/utils/urlParams.ts": {"path":"/Volumes/tkr-riffic/@tkr-projects/tkr-docusearch/frontend/src/features/details/utils/urlParams.ts","statementMap":{"0":{"start":{"line":42,"column":2},"end":{"line":55,"column":null}},"1":{"start":{"line":43,"column":19},"end":{"line":43,"column":null}},"2":{"start":{"line":44,"column":18},"end":{"line":44,"column":null}},"3":{"start":{"line":47,"column":4},"end":{"line":49,"column":null}},"4":{"start":{"line":48,"column":6},"end":{"line":48,"column":null}},"5":{"start":{"line":51,"column":4},"end":{"line":51,"column":null}},"6":{"start":{"line":53,"column":4},"end":{"line":53,"column":null}},"7":{"start":{"line":54,"column":4},"end":{"line":54,"column":null}},"8":{"start":{"line":73,"column":2},"end":{"line":86,"column":null}},"9":{"start":{"line":74,"column":4},"end":{"line":77,"column":null}},"10":{"start":{"line":75,"column":6},"end":{"line":75,"column":null}},"11":{"start":{"line":76,"column":6},"end":{"line":76,"column":null}},"12":{"start":{"line":79,"column":16},"end":{"line":79,"column":null}},"13":{"start":{"line":80,"column":4},"end":{"line":80,"column":null}},"14":{"start":{"line":83,"column":4},"end":{"line":83,"column":null}},"15":{"start":{"line":85,"column":4},"end":{"line":85,"column":null}},"16":{"start":{"line":102,"column":2},"end":{"line":110,"column":null}},"17":{"start":{"line":103,"column":16},"end":{"line":103,"column":null}},"18":{"start":{"line":104,"column":4},"end":{"line":104,"column":null}},"19":{"start":{"line":107,"column":4},"end":{"line":107,"column":null}},"20":{"start":{"line":109,"column":4},"end":{"line":109,"column":null}},"21":{"start":{"line":127,"column":23},"end":{"line":127,"column":null}},"22":{"start":{"line":128,"column":2},"end":{"line":128,"column":null}},"23":{"start":{"line":155,"column":17},"end":{"line":155,"column":null}},"24":{"start":{"line":156,"column":2},"end":{"line":156,"column":null}},"25":{"start":{"line":158,"column":22},"end":{"line":158,"column":null}},"26":{"start":{"line":159,"column":2},"end":{"line":159,"column":null}}},"fnMap":{"0":{"name":"parseChunkFromUrl","decl":{"start":{"line":41,"column":16},"end":{"line":41,"column":34}},"loc":{"start":{"line":41,"column":65},"end":{"line":56,"column":null}},"line":41},"1":{"name":"updateChunkInUrl","decl":{"start":{"line":72,"column":16},"end":{"line":72,"column":33}},"loc":{"start":{"line":72,"column":56},"end":{"line":87,"column":null}},"line":72},"2":{"name":"removeChunkFromUrl","decl":{"start":{"line":101,"column":16},"end":{"line":101,"column":43}},"loc":{"start":{"line":101,"column":43},"end":{"line":111,"column":null}},"line":101},"3":{"name":"hasChunkInUrl","decl":{"start":{"line":126,"column":16},"end":{"line":126,"column":30}},"loc":{"start":{"line":126,"column":56},"end":{"line":129,"column":null}},"line":126},"4":{"name":"buildUrlWithChunk","decl":{"start":{"line":150,"column":16},"end":{"line":150,"column":null}},"loc":{"start":{"line":154,"column":10},"end":{"line":160,"column":null}},"line":154}},"branchMap":{"0":{"loc":{"start":{"line":47,"column":4},"end":{"line":49,"column":null}},"type":"if","locations":[{"start":{"line":47,"column":4},"end":{"line":49,"column":null}},{"start":{},"end":{}}],"line":47},"1":{"loc":{"start":{"line":47,"column":8},"end":{"line":47,"column":39}},"type":"binary-expr","locations":[{"start":{"line":47,"column":8},"end":{"line":47,"column":18}},{"start":{"line":47,"column":18},"end":{"line":47,"column":39}}],"line":47},"2":{"loc":{"start":{"line":74,"column":4},"end":{"line":77,"column":null}},"type":"if","locations":[{"start":{"line":74,"column":4},"end":{"line":77,"column":null}},{"start":{},"end":{}}],"line":74},"3":{"loc":{"start":{"line":74,"column":8},"end":{"line":74,"column":43}},"type":"binary-expr","locations":[{"start":{"line":74,"column":8},"end":{"line":74,"column":20}},{"start":{"line":74,"column":20},"end":{"line":74,"column":43}}],"line":74},"4":{"loc":{"start":{"line":127,"column":23},"end":{"line":127,"column":null}},"type":"binary-expr","locations":[{"start":{"line":127,"column":23},"end":{"line":127,"column":33}},{"start":{"line":127,"column":33},"end":{"line":127,"column":null}}],"line":127},"5":{"loc":{"start":{"line":155,"column":17},"end":{"line":155,"column":null}},"type":"cond-expr","locations":[{"start":{"line":155,"column":34},"end":{"line":155,"column":72}},{"start":{"line":155,"column":72},"end":{"line":155,"column":null}}],"line":155},"6":{"loc":{"start":{"line":159,"column":9},"end":{"line":159,"column":null}},"type":"cond-expr","locations":[{"start":{"line":159,"column":23},"end":{"line":159,"column":54}},{"start":{"line":159,"column":54},"end":{"line":159,"column":null}}],"line":159}},"s":{"0":30,"1":30,"2":30,"3":30,"4":11,"5":19,"6":0,"7":0,"8":12,"9":12,"10":2,"11":2,"12":10,"13":10,"14":10,"15":1,"16":9,"17":9,"18":9,"19":9,"20":1,"21":8,"22":8,"23":13,"24":13,"25":13,"26":13},"f":{"0":30,"1":12,"2":9,"3":8,"4":13},"b":{"0":[11,19],"1":[30,20],"2":[2,10],"3":[12,11],"4":[8,3],"5":[4,9],"6":[13,0]},"meta":{"lastBranch":7,"lastFunction":5,"lastStatement":27,"seen":{"f:41:16:41:34":0,"s:42:2:55:Infinity":0,"s:43:19:43:Infinity":1,"s:44:18:44:Infinity":2,"b:47:4:49:Infinity:undefined:undefined:undefined:undefined":0,"s:47:4:49:Infinity":3,"b:47:8:47:18:47:18:47:39":1,"s:48:6:48:Infinity":4,"s:51:4:51:Infinity":5,"s:53:4:53:Infinity":6,"s:54:4:54:Infinity":7,"f:72:16:72:33":1,"s:73:2:86:Infinity":8,"b:74:4:77:Infinity:undefined:undefined:undefined:undefined":2,"s:74:4:77:Infinity":9,"b:74:8:74:20:74:20:74:43":3,"s:75:6:75:Infinity":10,"s:76:6:76:Infinity":11,"s:79:16:79:Infinity":12,"s:80:4:80:Infinity":13,"s:83:4:83:Infinity":14,"s:85:4:85:Infinity":15,"f:101:16:101:43":2,"s:102:2:110:Infinity":16,"s:103:16:103:Infinity":17,"s:104:4:104:Infinity":18,"s:107:4:107:Infinity":19,"s:109:4:109:Infinity":20,"f:126:16:126:30":3,"s:127:23:127:Infinity":21,"b:127:23:127:33:127:33:127:Infinity":4,"s:128:2:128:Infinity":22,"f:150:16:150:Infinity":4,"s:155:17:155:Infinity":23,"b:155:34:155:72:155:72:155:Infinity":5,"s:156:2:156:Infinity":24,"s:158:22:158:Infinity":25,"s:159:2:159:Infinity":26,"b:159:23:159:54:159:54:159:Infinity":6}}}
}
