{"/Volumes/tkr-riffic/@tkr-projects/tkr-docusearch/frontend/src/features/library/FilterBar.jsx": {"path":"/Volumes/tkr-riffic/@tkr-projects/tkr-docusearch/frontend/src/features/library/FilterBar.jsx","statementMap":{"0":{"start":{"line":23,"column":8},"end":{"line":23,"column":null}},"1":{"start":{"line":23,"column":46},"end":{"line":23,"column":59}},"2":{"start":{"line":24,"column":8},"end":{"line":24,"column":null}},"3":{"start":{"line":24,"column":48},"end":{"line":24,"column":63}},"4":{"start":{"line":25,"column":8},"end":{"line":25,"column":null}},"5":{"start":{"line":25,"column":48},"end":{"line":25,"column":63}},"6":{"start":{"line":26,"column":8},"end":{"line":26,"column":null}},"7":{"start":{"line":26,"column":55},"end":{"line":26,"column":77}},"8":{"start":{"line":27,"column":8},"end":{"line":27,"column":null}},"9":{"start":{"line":27,"column":46},"end":{"line":27,"column":59}},"10":{"start":{"line":28,"column":8},"end":{"line":28,"column":null}},"11":{"start":{"line":28,"column":51},"end":{"line":28,"column":69}},"12":{"start":{"line":31,"column":36},"end":{"line":31,"column":null}},"13":{"start":{"line":32,"column":40},"end":{"line":32,"column":null}},"14":{"start":{"line":35,"column":33},"end":{"line":45,"column":null}},"15":{"start":{"line":36,"column":18},"end":{"line":36,"column":null}},"16":{"start":{"line":37,"column":4},"end":{"line":44,"column":null}},"17":{"start":{"line":39,"column":20},"end":{"line":39,"column":null}},"18":{"start":{"line":40,"column":6},"end":{"line":40,"column":null}},"19":{"start":{"line":43,"column":6},"end":{"line":43,"column":null}},"20":{"start":{"line":48,"column":2},"end":{"line":50,"column":null}},"21":{"start":{"line":49,"column":4},"end":{"line":49,"column":null}},"22":{"start":{"line":53,"column":8},"end":{"line":73,"column":null}},"23":{"start":{"line":55,"column":6},"end":{"line":55,"column":null}},"24":{"start":{"line":58,"column":6},"end":{"line":60,"column":null}},"25":{"start":{"line":59,"column":8},"end":{"line":59,"column":null}},"26":{"start":{"line":63,"column":22},"end":{"line":68,"column":null}},"27":{"start":{"line":64,"column":8},"end":{"line":64,"column":null}},"28":{"start":{"line":65,"column":8},"end":{"line":67,"column":null}},"29":{"start":{"line":66,"column":10},"end":{"line":66,"column":null}},"30":{"start":{"line":70,"column":6},"end":{"line":70,"column":null}},"31":{"start":{"line":76,"column":27},"end":{"line":82,"column":null}},"32":{"start":{"line":77,"column":19},"end":{"line":77,"column":null}},"33":{"start":{"line":78,"column":4},"end":{"line":78,"column":null}},"34":{"start":{"line":79,"column":4},"end":{"line":81,"column":null}},"35":{"start":{"line":80,"column":6},"end":{"line":80,"column":null}},"36":{"start":{"line":85,"column":31},"end":{"line":91,"column":null}},"37":{"start":{"line":86,"column":26},"end":{"line":86,"column":null}},"38":{"start":{"line":87,"column":4},"end":{"line":87,"column":null}},"39":{"start":{"line":88,"column":4},"end":{"line":90,"column":null}},"40":{"start":{"line":89,"column":6},"end":{"line":89,"column":null}},"41":{"start":{"line":94,"column":29},"end":{"line":106,"column":null}},"42":{"start":{"line":95,"column":4},"end":{"line":95,"column":null}},"43":{"start":{"line":96,"column":4},"end":{"line":96,"column":null}},"44":{"start":{"line":97,"column":4},"end":{"line":105,"column":null}},"45":{"start":{"line":98,"column":6},"end":{"line":104,"column":null}},"46":{"start":{"line":109,"column":22},"end":{"line":109,"column":null}},"47":{"start":{"line":110,"column":21},"end":{"line":110,"column":null}},"48":{"start":{"line":111,"column":25},"end":{"line":111,"column":null}},"49":{"start":{"line":113,"column":29},"end":{"line":121,"column":null}},"50":{"start":{"line":114,"column":4},"end":{"line":120,"column":null}},"51":{"start":{"line":115,"column":22},"end":{"line":115,"column":null}},"52":{"start":{"line":116,"column":6},"end":{"line":116,"column":null}},"53":{"start":{"line":117,"column":6},"end":{"line":119,"column":null}},"54":{"start":{"line":118,"column":8},"end":{"line":118,"column":null}},"55":{"start":{"line":123,"column":25},"end":{"line":131,"column":null}},"56":{"start":{"line":124,"column":4},"end":{"line":130,"column":null}},"57":{"start":{"line":125,"column":22},"end":{"line":125,"column":null}},"58":{"start":{"line":126,"column":6},"end":{"line":126,"column":null}},"59":{"start":{"line":127,"column":6},"end":{"line":129,"column":null}},"60":{"start":{"line":128,"column":8},"end":{"line":128,"column":null}},"61":{"start":{"line":133,"column":2},"end":{"line":281,"column":null}}},"fnMap":{"0":{"name":"FilterBar","decl":{"start":{"line":22,"column":24},"end":{"line":22,"column":34}},"loc":{"start":{"line":22,"column":70},"end":{"line":283,"column":null}},"line":22},"1":{"name":"(anonymous_1)","decl":{"start":{"line":23,"column":35},"end":{"line":23,"column":36}},"loc":{"start":{"line":23,"column":46},"end":{"line":23,"column":59}},"line":23},"2":{"name":"(anonymous_2)","decl":{"start":{"line":24,"column":37},"end":{"line":24,"column":38}},"loc":{"start":{"line":24,"column":48},"end":{"line":24,"column":63}},"line":24},"3":{"name":"(anonymous_3)","decl":{"start":{"line":25,"column":37},"end":{"line":25,"column":38}},"loc":{"start":{"line":25,"column":48},"end":{"line":25,"column":63}},"line":25},"4":{"name":"(anonymous_4)","decl":{"start":{"line":26,"column":44},"end":{"line":26,"column":45}},"loc":{"start":{"line":26,"column":55},"end":{"line":26,"column":77}},"line":26},"5":{"name":"(anonymous_5)","decl":{"start":{"line":27,"column":35},"end":{"line":27,"column":36}},"loc":{"start":{"line":27,"column":46},"end":{"line":27,"column":59}},"line":27},"6":{"name":"(anonymous_6)","decl":{"start":{"line":28,"column":40},"end":{"line":28,"column":41}},"loc":{"start":{"line":28,"column":51},"end":{"line":28,"column":69}},"line":28},"7":{"name":"(anonymous_7)","decl":{"start":{"line":35,"column":33},"end":{"line":35,"column":34}},"loc":{"start":{"line":35,"column":40},"end":{"line":45,"column":null}},"line":35},"8":{"name":"(anonymous_8)","decl":{"start":{"line":48,"column":12},"end":{"line":48,"column":18}},"loc":{"start":{"line":48,"column":18},"end":{"line":50,"column":5}},"line":48},"9":{"name":"(anonymous_9)","decl":{"start":{"line":54,"column":4},"end":{"line":54,"column":5}},"loc":{"start":{"line":54,"column":15},"end":{"line":71,"column":null}},"line":54},"10":{"name":"(anonymous_10)","decl":{"start":{"line":63,"column":33},"end":{"line":63,"column":39}},"loc":{"start":{"line":63,"column":39},"end":{"line":68,"column":9}},"line":63},"11":{"name":"(anonymous_11)","decl":{"start":{"line":76,"column":27},"end":{"line":76,"column":28}},"loc":{"start":{"line":76,"column":34},"end":{"line":82,"column":null}},"line":76},"12":{"name":"(anonymous_12)","decl":{"start":{"line":85,"column":31},"end":{"line":85,"column":32}},"loc":{"start":{"line":85,"column":38},"end":{"line":91,"column":null}},"line":85},"13":{"name":"(anonymous_13)","decl":{"start":{"line":94,"column":29},"end":{"line":94,"column":35}},"loc":{"start":{"line":94,"column":35},"end":{"line":106,"column":null}},"line":94},"14":{"name":"(anonymous_14)","decl":{"start":{"line":113,"column":29},"end":{"line":113,"column":35}},"loc":{"start":{"line":113,"column":35},"end":{"line":121,"column":null}},"line":113},"15":{"name":"(anonymous_15)","decl":{"start":{"line":123,"column":25},"end":{"line":123,"column":31}},"loc":{"start":{"line":123,"column":31},"end":{"line":131,"column":null}},"line":123}},"branchMap":{"0":{"loc":{"start":{"line":22,"column":36},"end":{"line":22,"column":52}},"type":"default-arg","locations":[{"start":{"line":22,"column":49},"end":{"line":22,"column":52}}],"line":22},"1":{"loc":{"start":{"line":37,"column":4},"end":{"line":44,"column":null}},"type":"if","locations":[{"start":{"line":37,"column":4},"end":{"line":44,"column":null}},{"start":{},"end":{}}],"line":37},"2":{"loc":{"start":{"line":37,"column":8},"end":{"line":37,"column":35}},"type":"binary-expr","locations":[{"start":{"line":37,"column":8},"end":{"line":37,"column":17}},{"start":{"line":37,"column":17},"end":{"line":37,"column":35}}],"line":37},"3":{"loc":{"start":{"line":58,"column":6},"end":{"line":60,"column":null}},"type":"if","locations":[{"start":{"line":58,"column":6},"end":{"line":60,"column":null}},{"start":{},"end":{}}],"line":58},"4":{"loc":{"start":{"line":65,"column":8},"end":{"line":67,"column":null}},"type":"if","locations":[{"start":{"line":65,"column":8},"end":{"line":67,"column":null}},{"start":{},"end":{}}],"line":65},"5":{"loc":{"start":{"line":79,"column":4},"end":{"line":81,"column":null}},"type":"if","locations":[{"start":{"line":79,"column":4},"end":{"line":81,"column":null}},{"start":{},"end":{}}],"line":79},"6":{"loc":{"start":{"line":88,"column":4},"end":{"line":90,"column":null}},"type":"if","locations":[{"start":{"line":88,"column":4},"end":{"line":90,"column":null}},{"start":{},"end":{}}],"line":88},"7":{"loc":{"start":{"line":97,"column":4},"end":{"line":105,"column":null}},"type":"if","locations":[{"start":{"line":97,"column":4},"end":{"line":105,"column":null}},{"start":{},"end":{}}],"line":97},"8":{"loc":{"start":{"line":114,"column":4},"end":{"line":120,"column":null}},"type":"if","locations":[{"start":{"line":114,"column":4},"end":{"line":120,"column":null}},{"start":{},"end":{}}],"line":114},"9":{"loc":{"start":{"line":117,"column":6},"end":{"line":119,"column":null}},"type":"if","locations":[{"start":{"line":117,"column":6},"end":{"line":119,"column":null}},{"start":{},"end":{}}],"line":117},"10":{"loc":{"start":{"line":124,"column":4},"end":{"line":130,"column":null}},"type":"if","locations":[{"start":{"line":124,"column":4},"end":{"line":130,"column":null}},{"start":{},"end":{}}],"line":124},"11":{"loc":{"start":{"line":127,"column":6},"end":{"line":129,"column":null}},"type":"if","locations":[{"start":{"line":127,"column":6},"end":{"line":129,"column":null}},{"start":{},"end":{}}],"line":127},"12":{"loc":{"start":{"line":256,"column":7},"end":{"line":279,"column":null}},"type":"binary-expr","locations":[{"start":{"line":256,"column":7},"end":{"line":256,"column":null}},{"start":{"line":257,"column":8},"end":{"line":279,"column":null}}],"line":256}},"s":{"0":48,"1":48,"2":48,"3":48,"4":48,"5":48,"6":48,"7":48,"8":48,"9":48,"10":48,"11":48,"12":48,"13":48,"14":48,"15":4,"16":4,"17":4,"18":4,"19":4,"20":48,"21":43,"22":48,"23":0,"24":0,"25":0,"26":0,"27":0,"28":0,"29":0,"30":0,"31":48,"32":14,"33":14,"34":14,"35":12,"36":48,"37":10,"38":10,"39":10,"40":9,"41":48,"42":4,"43":4,"44":4,"45":2,"46":48,"47":48,"48":48,"49":48,"50":1,"51":1,"52":1,"53":1,"54":1,"55":48,"56":2,"57":2,"58":2,"59":2,"60":2,"61":48},"f":{"0":48,"1":48,"2":48,"3":48,"4":48,"5":48,"6":48,"7":4,"8":43,"9":0,"10":0,"11":14,"12":10,"13":4,"14":1,"15":2},"b":{"0":[48],"1":[4,0],"2":[4,4],"3":[0,0],"4":[0,0],"5":[12,2],"6":[9,1],"7":[2,2],"8":[1,0],"9":[1,0],"10":[2,0],"11":[2,0],"12":[48,19]},"meta":{"lastBranch":13,"lastFunction":16,"lastStatement":62,"seen":{"f:22:24:22:34":0,"b:22:49:22:52":0,"s:23:8:23:Infinity":0,"f:23:35:23:36":1,"s:23:46:23:59":1,"s:24:8:24:Infinity":2,"f:24:37:24:38":2,"s:24:48:24:63":3,"s:25:8:25:Infinity":4,"f:25:37:25:38":3,"s:25:48:25:63":5,"s:26:8:26:Infinity":6,"f:26:44:26:45":4,"s:26:55:26:77":7,"s:27:8:27:Infinity":8,"f:27:35:27:36":5,"s:27:46:27:59":9,"s:28:8:28:Infinity":10,"f:28:40:28:41":6,"s:28:51:28:69":11,"s:31:36:31:Infinity":12,"s:32:40:32:Infinity":13,"s:35:33:45:Infinity":14,"f:35:33:35:34":7,"s:36:18:36:Infinity":15,"b:37:4:44:Infinity:undefined:undefined:undefined:undefined":1,"s:37:4:44:Infinity":16,"b:37:8:37:17:37:17:37:35":2,"s:39:20:39:Infinity":17,"s:40:6:40:Infinity":18,"s:43:6:43:Infinity":19,"s:48:2:50:Infinity":20,"f:48:12:48:18":8,"s:49:4:49:Infinity":21,"s:53:8:73:Infinity":22,"f:54:4:54:5":9,"s:55:6:55:Infinity":23,"b:58:6:60:Infinity:undefined:undefined:undefined:undefined":3,"s:58:6:60:Infinity":24,"s:59:8:59:Infinity":25,"s:63:22:68:Infinity":26,"f:63:33:63:39":10,"s:64:8:64:Infinity":27,"b:65:8:67:Infinity:undefined:undefined:undefined:undefined":4,"s:65:8:67:Infinity":28,"s:66:10:66:Infinity":29,"s:70:6:70:Infinity":30,"s:76:27:82:Infinity":31,"f:76:27:76:28":11,"s:77:19:77:Infinity":32,"s:78:4:78:Infinity":33,"b:79:4:81:Infinity:undefined:undefined:undefined:undefined":5,"s:79:4:81:Infinity":34,"s:80:6:80:Infinity":35,"s:85:31:91:Infinity":36,"f:85:31:85:32":12,"s:86:26:86:Infinity":37,"s:87:4:87:Infinity":38,"b:88:4:90:Infinity:undefined:undefined:undefined:undefined":6,"s:88:4:90:Infinity":39,"s:89:6:89:Infinity":40,"s:94:29:106:Infinity":41,"f:94:29:94:35":13,"s:95:4:95:Infinity":42,"s:96:4:96:Infinity":43,"b:97:4:105:Infinity:undefined:undefined:undefined:undefined":7,"s:97:4:105:Infinity":44,"s:98:6:104:Infinity":45,"s:109:22:109:Infinity":46,"s:110:21:110:Infinity":47,"s:111:25:111:Infinity":48,"s:113:29:121:Infinity":49,"f:113:29:113:35":14,"b:114:4:120:Infinity:undefined:undefined:undefined:undefined":8,"s:114:4:120:Infinity":50,"s:115:22:115:Infinity":51,"s:116:6:116:Infinity":52,"b:117:6:119:Infinity:undefined:undefined:undefined:undefined":9,"s:117:6:119:Infinity":53,"s:118:8:118:Infinity":54,"s:123:25:131:Infinity":55,"f:123:25:123:31":15,"b:124:4:130:Infinity:undefined:undefined:undefined:undefined":10,"s:124:4:130:Infinity":56,"s:125:22:125:Infinity":57,"s:126:6:126:Infinity":58,"b:127:6:129:Infinity:undefined:undefined:undefined:undefined":11,"s:127:6:129:Infinity":59,"s:128:8:128:Infinity":60,"s:133:2:281:Infinity":61,"b:256:7:256:Infinity:257:8:279:Infinity":12}}}
}
