TN:
SF:src/features/library/FilterBar.jsx
FN:22,FilterBar
FN:23,(anonymous_1)
FN:24,(anonymous_2)
FN:25,(anonymous_3)
FN:26,(anonymous_4)
FN:27,(anonymous_5)
FN:28,(anonymous_6)
FN:35,(anonymous_7)
FN:48,(anonymous_8)
FN:54,(anonymous_9)
FN:63,(anonymous_10)
FN:76,(anonymous_11)
FN:85,(anonymous_12)
FN:94,(anonymous_13)
FN:113,(anonymous_14)
FN:123,(anonymous_15)
FNF:16
FNH:14
FNDA:48,FilterBar
FNDA:48,(anonymous_1)
FNDA:48,(anonymous_2)
FNDA:48,(anonymous_3)
FNDA:48,(anonymous_4)
FNDA:48,(anonymous_5)
FNDA:48,(anonymous_6)
FNDA:4,(anonymous_7)
FNDA:43,(anonymous_8)
FNDA:0,(anonymous_9)
FNDA:0,(anonymous_10)
FNDA:14,(anonymous_11)
FNDA:10,(anonymous_12)
FNDA:4,(anonymous_13)
FNDA:1,(anonymous_14)
FNDA:2,(anonymous_15)
DA:23,48
DA:24,48
DA:25,48
DA:26,48
DA:27,48
DA:28,48
DA:31,48
DA:32,48
DA:35,48
DA:36,4
DA:37,4
DA:39,4
DA:40,4
DA:43,4
DA:48,48
DA:49,43
DA:53,48
DA:55,0
DA:58,0
DA:59,0
DA:63,0
DA:64,0
DA:65,0
DA:66,0
DA:70,0
DA:76,48
DA:77,14
DA:78,14
DA:79,14
DA:80,12
DA:85,48
DA:86,10
DA:87,10
DA:88,10
DA:89,9
DA:94,48
DA:95,4
DA:96,4
DA:97,4
DA:98,2
DA:109,48
DA:110,48
DA:111,48
DA:113,48
DA:114,1
DA:115,1
DA:116,1
DA:117,1
DA:118,1
DA:123,48
DA:124,2
DA:125,2
DA:126,2
DA:127,2
DA:128,2
DA:133,48
LF:56
LH:48
BRDA:22,0,0,48
BRDA:37,1,0,4
BRDA:37,1,1,0
BRDA:37,2,0,4
BRDA:37,2,1,4
BRDA:58,3,0,0
BRDA:58,3,1,0
BRDA:65,4,0,0
BRDA:65,4,1,0
BRDA:79,5,0,12
BRDA:79,5,1,2
BRDA:88,6,0,9
BRDA:88,6,1,1
BRDA:97,7,0,2
BRDA:97,7,1,2
BRDA:114,8,0,1
BRDA:114,8,1,0
BRDA:117,9,0,1
BRDA:117,9,1,0
BRDA:124,10,0,2
BRDA:124,10,1,0
BRDA:127,11,0,2
BRDA:127,11,1,0
BRDA:256,12,0,48
BRDA:256,12,1,19
BRF:25
BRH:16
end_of_record
