TN:
SF:src/features/details/hooks/useChunkNavigation.ts
FN:119,useChunkNavigation
FN:138,(anonymous_1)
FN:173,(anonymous_2)
FNF:3
FNH:3
FNDA:38,useChunkNavigation
FNDA:21,(anonymous_1)
FNDA:34,(anonymous_2)
DA:122,38
DA:125,38
DA:128,38
DA:131,38
DA:137,38
DA:140,21
DA:141,2
DA:142,2
DA:145,19
DA:148,19
DA:149,16
DA:150,16
DA:152,1
DA:157,19
DA:158,21
DA:159,7
DA:160,7
DA:162,1
DA:173,38
DA:175,34
DA:176,22
DA:180,12
DA:181,0
DA:185,12
DA:189,12
DA:190,8
DA:191,8
DA:193,1
DA:198,38
LF:29
LH:28
BRDA:120,0,0,38
BRDA:122,1,0,38
BRDA:140,2,0,2
BRDA:140,2,1,19
BRDA:140,3,0,21
BRDA:140,3,1,20
BRDA:148,4,0,16
BRDA:148,4,1,3
BRDA:157,5,0,19
BRDA:157,5,1,16
BRDA:158,6,0,7
BRDA:158,6,1,14
BRDA:175,7,0,22
BRDA:175,7,1,12
BRDA:180,8,0,0
BRDA:180,8,1,12
BRDA:189,9,0,8
BRDA:189,9,1,4
BRF:18
BRH:17
end_of_record
TN:
SF:src/features/details/utils/urlParams.ts
FN:41,parseChunkFromUrl
FN:72,updateChunkInUrl
FN:101,removeChunkFromUrl
FN:126,hasChunkInUrl
FN:150,buildUrlWithChunk
FNF:5
FNH:5
FNDA:30,parseChunkFromUrl
FNDA:12,updateChunkInUrl
FNDA:9,removeChunkFromUrl
FNDA:8,hasChunkInUrl
FNDA:13,buildUrlWithChunk
DA:42,30
DA:43,30
DA:44,30
DA:47,30
DA:48,11
DA:51,19
DA:53,0
DA:54,0
DA:73,12
DA:74,12
DA:75,2
DA:76,2
DA:79,10
DA:80,10
DA:83,10
DA:85,1
DA:102,9
DA:103,9
DA:104,9
DA:107,9
DA:109,1
DA:127,8
DA:128,8
DA:155,13
DA:156,13
DA:158,13
DA:159,13
LF:27
LH:25
BRDA:47,0,0,11
BRDA:47,0,1,19
BRDA:47,1,0,30
BRDA:47,1,1,20
BRDA:74,2,0,2
BRDA:74,2,1,10
BRDA:74,3,0,12
BRDA:74,3,1,11
BRDA:127,4,0,8
BRDA:127,4,1,3
BRDA:155,5,0,4
BRDA:155,5,1,9
BRDA:159,6,0,13
BRDA:159,6,1,0
BRF:14
BRH:13
end_of_record
