{"meta": {"format": 3, "version": "7.10.7", "timestamp": "2025-10-16T12:18:22.562284", "branch_coverage": false, "show_contexts": false}, "files": {"src/search/__init__.py": {"executed_lines": [1, 41, 42, 43, 45, 58, 59], "summary": {"covered_lines": 6, "num_statements": 6, "percent_covered": 100.0, "percent_covered_display": "100", "missing_lines": 0, "excluded_lines": 0}, "missing_lines": [], "excluded_lines": [], "functions": {"": {"executed_lines": [1, 41, 42, 43, 45, 58, 59], "summary": {"covered_lines": 6, "num_statements": 6, "percent_covered": 100.0, "percent_covered_display": "100", "missing_lines": 0, "excluded_lines": 0}, "missing_lines": [], "excluded_lines": []}}, "classes": {"": {"executed_lines": [1, 41, 42, 43, 45, 58, 59], "summary": {"covered_lines": 6, "num_statements": 6, "percent_covered": 100.0, "percent_covered_display": "100", "missing_lines": 0, "excluded_lines": 0}, "missing_lines": [], "excluded_lines": []}}}, "src/search/mocks.py": {"executed_lines": [1, 13, 14, 15, 16, 18, 21, 22, 30, 46, 47, 48, 49, 50, 52, 57, 75, 76, 78, 81, 82, 86, 87, 89, 91, 93, 96, 99, 101, 109, 132, 138, 140, 141, 142, 143, 149, 150, 153, 156, 158, 164, 173, 176, 177, 180, 183, 184, 187, 189, 191, 193, 205, 206, 214, 232, 233, 234, 235, 236, 239, 240, 243, 245, 250, 253, 254, 262, 264, 265, 266, 267, 269, 287, 288, 289, 290, 291, 293, 312, 314, 315, 319, 321, 322, 324, 341, 343, 344, 347, 348, 350, 351, 354, 356, 365, 366, 369, 372, 373, 375, 382, 384, 388, 389, 391, 392, 395, 397, 406, 407, 410, 413, 414, 416, 418, 419, 422, 428, 429, 430, 432, 434, 435, 436, 438, 440, 441, 442, 443, 444, 446], "summary": {"covered_lines": 129, "num_statements": 142, "percent_covered": 90.84507042253522, "percent_covered_display": "91", "missing_lines": 13, "excluded_lines": 0}, "missing_lines": [97, 133, 154, 317, 370, 385, 411, 421, 423, 424, 425, 426, 427], "excluded_lines": [], "functions": {"MockEmbeddingEngine.__init__": {"executed_lines": [46, 47, 48, 49, 50, 52], "summary": {"covered_lines": 6, "num_statements": 6, "percent_covered": 100.0, "percent_covered_display": "100", "missing_lines": 0, "excluded_lines": 0}, "missing_lines": [], "excluded_lines": []}, "MockEmbeddingEngine.embed_query": {"executed_lines": [75, 76, 78, 81, 82, 86, 87, 89, 91, 93, 96, 99, 101], "summary": {"covered_lines": 13, "num_statements": 14, "percent_covered": 92.85714285714286, "percent_covered_display": "93", "missing_lines": 1, "excluded_lines": 0}, "missing_lines": [97], "excluded_lines": []}, "MockEmbeddingEngine.score_multi_vector": {"executed_lines": [132, 138, 140, 141, 142, 143, 149, 150, 153, 156, 158], "summary": {"covered_lines": 11, "num_statements": 13, "percent_covered": 84.61538461538461, "percent_covered_display": "85", "missing_lines": 2, "excluded_lines": 0}, "missing_lines": [133, 154], "excluded_lines": []}, "MockEmbeddingEngine._maxsim_score": {"executed_lines": [173, 176, 177, 180, 183, 184, 187, 189], "summary": {"covered_lines": 8, "num_statements": 8, "percent_covered": 100.0, "percent_covered_display": "100", "missing_lines": 0, "excluded_lines": 0}, "missing_lines": [], "excluded_lines": []}, "MockEmbeddingEngine.get_model_info": {"executed_lines": [193], "summary": {"covered_lines": 1, "num_statements": 1, "percent_covered": 100.0, "percent_covered_display": "100", "missing_lines": 0, "excluded_lines": 0}, "missing_lines": [], "excluded_lines": []}, "MockStorageClient.__init__": {"executed_lines": [232, 233, 234, 235, 236, 239, 240, 243, 245], "summary": {"covered_lines": 9, "num_statements": 9, "percent_covered": 100.0, "percent_covered_display": "100", "missing_lines": 0, "excluded_lines": 0}, "missing_lines": [], "excluded_lines": []}, "MockStorageClient._generate_mock_data": {"executed_lines": [253, 254, 262, 264, 265, 266, 267, 269, 287, 288, 289, 290, 291, 293], "summary": {"covered_lines": 14, "num_statements": 14, "percent_covered": 100.0, "percent_covered_display": "100", "missing_lines": 0, "excluded_lines": 0}, "missing_lines": [], "excluded_lines": []}, "MockStorageClient._generate_mock_embedding": {"executed_lines": [314, 315, 319, 321, 322], "summary": {"covered_lines": 5, "num_statements": 6, "percent_covered": 83.33333333333333, "percent_covered_display": "83", "missing_lines": 1, "excluded_lines": 0}, "missing_lines": [317], "excluded_lines": []}, "MockStorageClient.search_visual": {"executed_lines": [341, 343, 344, 347, 348, 350, 351, 354, 356, 365, 366, 369, 372, 373], "summary": {"covered_lines": 14, "num_statements": 15, "percent_covered": 93.33333333333333, "percent_covered_display": "93", "missing_lines": 1, "excluded_lines": 0}, "missing_lines": [370], "excluded_lines": []}, "MockStorageClient.search_text": {"executed_lines": [382, 384, 388, 389, 391, 392, 395, 397, 406, 407, 410, 413, 414], "summary": {"covered_lines": 13, "num_statements": 15, "percent_covered": 86.66666666666667, "percent_covered_display": "87", "missing_lines": 2, "excluded_lines": 0}, "missing_lines": [385, 411], "excluded_lines": []}, "MockStorageClient._matches_filters": {"executed_lines": [418, 419, 422, 428, 429, 430], "summary": {"covered_lines": 6, "num_statements": 12, "percent_covered": 50.0, "percent_covered_display": "50", "missing_lines": 6, "excluded_lines": 0}, "missing_lines": [421, 423, 424, 425, 426, 427], "excluded_lines": []}, "MockStorageClient._cosine_similarity": {"executed_lines": [434, 435, 436], "summary": {"covered_lines": 3, "num_statements": 3, "percent_covered": 100.0, "percent_covered_display": "100", "missing_lines": 0, "excluded_lines": 0}, "missing_lines": [], "excluded_lines": []}, "MockStorageClient.get_collection_stats": {"executed_lines": [440, 441, 442, 443, 444, 446], "summary": {"covered_lines": 6, "num_statements": 6, "percent_covered": 100.0, "percent_covered_display": "100", "missing_lines": 0, "excluded_lines": 0}, "missing_lines": [], "excluded_lines": []}, "": {"executed_lines": [1, 13, 14, 15, 16, 18, 21, 22, 30, 57, 109, 164, 191, 205, 206, 214, 250, 312, 324, 375, 416, 432, 438], "summary": {"covered_lines": 20, "num_statements": 20, "percent_covered": 100.0, "percent_covered_display": "100", "missing_lines": 0, "excluded_lines": 0}, "missing_lines": [], "excluded_lines": []}}, "classes": {"MockEmbeddingEngine": {"executed_lines": [46, 47, 48, 49, 50, 52, 75, 76, 78, 81, 82, 86, 87, 89, 91, 93, 96, 99, 101, 132, 138, 140, 141, 142, 143, 149, 150, 153, 156, 158, 173, 176, 177, 180, 183, 184, 187, 189, 193], "summary": {"covered_lines": 39, "num_statements": 42, "percent_covered": 92.85714285714286, "percent_covered_display": "93", "missing_lines": 3, "excluded_lines": 0}, "missing_lines": [97, 133, 154], "excluded_lines": []}, "MockStorageClient": {"executed_lines": [232, 233, 234, 235, 236, 239, 240, 243, 245, 253, 254, 262, 264, 265, 266, 267, 269, 287, 288, 289, 290, 291, 293, 314, 315, 319, 321, 322, 341, 343, 344, 347, 348, 350, 351, 354, 356, 365, 366, 369, 372, 373, 382, 384, 388, 389, 391, 392, 395, 397, 406, 407, 410, 413, 414, 418, 419, 422, 428, 429, 430, 434, 435, 436, 440, 441, 442, 443, 444, 446], "summary": {"covered_lines": 70, "num_statements": 80, "percent_covered": 87.5, "percent_covered_display": "88", "missing_lines": 10, "excluded_lines": 0}, "missing_lines": [317, 370, 385, 411, 421, 423, 424, 425, 426, 427], "excluded_lines": []}, "": {"executed_lines": [1, 13, 14, 15, 16, 18, 21, 22, 30, 57, 109, 164, 191, 205, 206, 214, 250, 312, 324, 375, 416, 432, 438], "summary": {"covered_lines": 20, "num_statements": 20, "percent_covered": 100.0, "percent_covered_display": "100", "missing_lines": 0, "excluded_lines": 0}, "missing_lines": [], "excluded_lines": []}}}, "src/search/query_processor.py": {"executed_lines": [1, 13, 14, 15, 17, 20, 21, 31, 39, 40, 42, 46, 67, 70, 73, 74, 76, 89, 102, 103, 105, 108, 110, 111, 113, 117, 119, 135, 138, 139, 140, 144, 146, 148, 162, 163, 167, 169, 170, 174, 177, 180, 183, 184, 185], "summary": {"covered_lines": 42, "num_statements": 50, "percent_covered": 84.0, "percent_covered_display": "84", "missing_lines": 8, "excluded_lines": 0}, "missing_lines": [85, 86, 87, 106, 114, 115, 175, 178], "excluded_lines": [], "functions": {"QueryProcessor.__init__": {"executed_lines": [39, 40, 42], "summary": {"covered_lines": 3, "num_statements": 3, "percent_covered": 100.0, "percent_covered_display": "100", "missing_lines": 0, "excluded_lines": 0}, "missing_lines": [], "excluded_lines": []}, "QueryProcessor.process_query": {"executed_lines": [67, 70, 73, 74, 76], "summary": {"covered_lines": 5, "num_statements": 8, "percent_covered": 62.5, "percent_covered_display": "62", "missing_lines": 3, "excluded_lines": 0}, "missing_lines": [85, 86, 87], "excluded_lines": []}, "QueryProcessor._validate_query": {"executed_lines": [102, 103, 105, 108, 110, 111, 113, 117], "summary": {"covered_lines": 8, "num_statements": 11, "percent_covered": 72.72727272727273, "percent_covered_display": "73", "missing_lines": 3, "excluded_lines": 0}, "missing_lines": [106, 114, 115], "excluded_lines": []}, "QueryProcessor._preprocess_query": {"executed_lines": [135, 138, 139, 140, 144, 146], "summary": {"covered_lines": 6, "num_statements": 6, "percent_covered": 100.0, "percent_covered_display": "100", "missing_lines": 0, "excluded_lines": 0}, "missing_lines": [], "excluded_lines": []}, "QueryProcessor.validate_embedding": {"executed_lines": [162, 163, 167, 169, 170, 174, 177, 180], "summary": {"covered_lines": 8, "num_statements": 10, "percent_covered": 80.0, "percent_covered_display": "80", "missing_lines": 2, "excluded_lines": 0}, "missing_lines": [175, 178], "excluded_lines": []}, "": {"executed_lines": [1, 13, 14, 15, 17, 20, 21, 31, 46, 89, 119, 148, 183, 184, 185], "summary": {"covered_lines": 12, "num_statements": 12, "percent_covered": 100.0, "percent_covered_display": "100", "missing_lines": 0, "excluded_lines": 0}, "missing_lines": [], "excluded_lines": []}}, "classes": {"QueryProcessor": {"executed_lines": [39, 40, 42, 67, 70, 73, 74, 76, 102, 103, 105, 108, 110, 111, 113, 117, 135, 138, 139, 140, 144, 146, 162, 163, 167, 169, 170, 174, 177, 180], "summary": {"covered_lines": 30, "num_statements": 38, "percent_covered": 78.94736842105263, "percent_covered_display": "79", "missing_lines": 8, "excluded_lines": 0}, "missing_lines": [85, 86, 87, 106, 114, 115, 175, 178], "excluded_lines": []}, "QueryProcessingError": {"executed_lines": [], "summary": {"covered_lines": 0, "num_statements": 0, "percent_covered": 100.0, "percent_covered_display": "100", "missing_lines": 0, "excluded_lines": 0}, "missing_lines": [], "excluded_lines": []}, "": {"executed_lines": [1, 13, 14, 15, 17, 20, 21, 31, 46, 89, 119, 148, 183, 184, 185], "summary": {"covered_lines": 12, "num_statements": 12, "percent_covered": 100.0, "percent_covered_display": "100", "missing_lines": 0, "excluded_lines": 0}, "missing_lines": [], "excluded_lines": []}}}, "src/search/result_ranker.py": {"executed_lines": [1, 16, 17, 18, 20, 23, 24, 34, 41, 43, 47, 73, 74, 76, 77, 80, 81, 84, 85, 88, 90, 95, 97, 114, 117, 119, 121, 122, 124, 125, 128, 156, 157, 158, 159, 161, 163, 178, 179, 181, 182, 184, 189, 190, 191, 193, 198, 200, 218, 225, 226, 227, 230, 232, 236, 238, 253, 255, 276, 278, 284, 285, 286, 288, 295, 297, 298, 300, 301, 303], "summary": {"covered_lines": 68, "num_statements": 85, "percent_covered": 80.0, "percent_covered_display": "80", "missing_lines": 17, "excluded_lines": 0}, "missing_lines": [115, 130, 132, 133, 135, 136, 138, 140, 142, 144, 147, 151, 152, 153, 186, 187, 219], "excluded_lines": [], "functions": {"ResultRanker.__init__": {"executed_lines": [41, 43], "summary": {"covered_lines": 2, "num_statements": 2, "percent_covered": 100.0, "percent_covered_display": "100", "missing_lines": 0, "excluded_lines": 0}, "missing_lines": [], "excluded_lines": []}, "ResultRanker.merge_results": {"executed_lines": [73, 74, 76, 77, 80, 81, 84, 85, 88, 90, 95], "summary": {"covered_lines": 11, "num_statements": 11, "percent_covered": 100.0, "percent_covered_display": "100", "missing_lines": 0, "excluded_lines": 0}, "missing_lines": [], "excluded_lines": []}, "ResultRanker._normalize_scores": {"executed_lines": [114, 117, 119, 121, 122, 124, 125, 128, 156, 157, 158, 159, 161], "summary": {"covered_lines": 13, "num_statements": 27, "percent_covered": 48.148148148148145, "percent_covered_display": "48", "missing_lines": 14, "excluded_lines": 0}, "missing_lines": [115, 130, 132, 133, 135, 136, 138, 140, 142, 144, 147, 151, 152, 153], "excluded_lines": []}, "ResultRanker._deduplicate_by_doc": {"executed_lines": [178, 179, 181, 182, 184, 189, 190, 191, 193, 198], "summary": {"covered_lines": 10, "num_statements": 12, "percent_covered": 83.33333333333333, "percent_covered_display": "83", "missing_lines": 2, "excluded_lines": 0}, "missing_lines": [186, 187], "excluded_lines": []}, "ResultRanker.rank_by_late_interaction": {"executed_lines": [218, 225, 226, 227, 230, 232, 236], "summary": {"covered_lines": 7, "num_statements": 8, "percent_covered": 87.5, "percent_covered_display": "88", "missing_lines": 1, "excluded_lines": 0}, "missing_lines": [219], "excluded_lines": []}, "ResultRanker.format_search_result": {"executed_lines": [253, 255, 276], "summary": {"covered_lines": 3, "num_statements": 3, "percent_covered": 100.0, "percent_covered_display": "100", "missing_lines": 0, "excluded_lines": 0}, "missing_lines": [], "excluded_lines": []}, "ResultRanker._generate_thumbnail_url": {"executed_lines": [284, 285, 286], "summary": {"covered_lines": 3, "num_statements": 3, "percent_covered": 100.0, "percent_covered_display": "100", "missing_lines": 0, "excluded_lines": 0}, "missing_lines": [], "excluded_lines": []}, "ResultRanker._extract_highlights": {"executed_lines": [295, 297, 298, 300, 301, 303], "summary": {"covered_lines": 6, "num_statements": 6, "percent_covered": 100.0, "percent_covered_display": "100", "missing_lines": 0, "excluded_lines": 0}, "missing_lines": [], "excluded_lines": []}, "": {"executed_lines": [1, 16, 17, 18, 20, 23, 24, 34, 47, 97, 163, 200, 238, 278, 288], "summary": {"covered_lines": 13, "num_statements": 13, "percent_covered": 100.0, "percent_covered_display": "100", "missing_lines": 0, "excluded_lines": 0}, "missing_lines": [], "excluded_lines": []}}, "classes": {"ResultRanker": {"executed_lines": [41, 43, 73, 74, 76, 77, 80, 81, 84, 85, 88, 90, 95, 114, 117, 119, 121, 122, 124, 125, 128, 156, 157, 158, 159, 161, 178, 179, 181, 182, 184, 189, 190, 191, 193, 198, 218, 225, 226, 227, 230, 232, 236, 253, 255, 276, 284, 285, 286, 295, 297, 298, 300, 301, 303], "summary": {"covered_lines": 55, "num_statements": 72, "percent_covered": 76.38888888888889, "percent_covered_display": "76", "missing_lines": 17, "excluded_lines": 0}, "missing_lines": [115, 130, 132, 133, 135, 136, 138, 140, 142, 144, 147, 151, 152, 153, 186, 187, 219], "excluded_lines": []}, "": {"executed_lines": [1, 16, 17, 18, 20, 23, 24, 34, 47, 97, 163, 200, 238, 278, 288], "summary": {"covered_lines": 13, "num_statements": 13, "percent_covered": 100.0, "percent_covered_display": "100", "missing_lines": 0, "excluded_lines": 0}, "missing_lines": [], "excluded_lines": []}}}, "src/search/search_engine.py": {"executed_lines": [1, 25, 26, 27, 28, 30, 31, 33, 36, 37, 46, 62, 63, 65, 66, 69, 70, 73, 80, 85, 120, 121, 124, 125, 130, 132, 134, 135, 137, 138, 141, 142, 148, 150, 155, 156, 157, 158, 162, 164, 169, 175, 178, 181, 193, 198, 200, 204, 205, 206, 208, 229, 230, 232, 234, 235, 240, 242, 243, 248, 251, 252, 259, 261, 267, 284, 287, 289, 290, 292, 293, 301, 303, 308, 314, 317, 322, 329, 359, 371, 373, 374, 375, 376, 379, 380, 383, 396, 405, 414, 415, 416, 419, 420, 421, 424, 425, 426, 429, 430, 431], "summary": {"covered_lines": 95, "num_statements": 112, "percent_covered": 84.82142857142857, "percent_covered_display": "85", "missing_lines": 17, "excluded_lines": 0}, "missing_lines": [201, 202, 263, 264, 265, 285, 294, 299, 304, 305, 324, 325, 327, 352, 369, 381, 397], "excluded_lines": [], "functions": {"SearchEngine.__init__": {"executed_lines": [62, 63, 65, 66, 69, 70, 73, 80], "summary": {"covered_lines": 8, "num_statements": 8, "percent_covered": 100.0, "percent_covered_display": "100", "missing_lines": 0, "excluded_lines": 0}, "missing_lines": [], "excluded_lines": []}, "SearchEngine.search": {"executed_lines": [120, 121, 124, 125, 130, 132, 134, 135, 137, 138, 141, 142, 148, 150, 155, 156, 157, 158, 162, 164, 169, 175, 178, 181, 193, 198, 200, 204, 205, 206], "summary": {"covered_lines": 30, "num_statements": 32, "percent_covered": 93.75, "percent_covered_display": "94", "missing_lines": 2, "excluded_lines": 0}, "missing_lines": [201, 202], "excluded_lines": []}, "SearchEngine._stage1_retrieval": {"executed_lines": [229, 230, 232, 234, 235, 240, 242, 243, 248, 251, 252, 259, 261], "summary": {"covered_lines": 13, "num_statements": 16, "percent_covered": 81.25, "percent_covered_display": "81", "missing_lines": 3, "excluded_lines": 0}, "missing_lines": [263, 264, 265], "excluded_lines": []}, "SearchEngine._stage2_reranking": {"executed_lines": [284, 287, 289, 290, 292, 293, 301, 303, 308, 314, 317, 322], "summary": {"covered_lines": 12, "num_statements": 20, "percent_covered": 60.0, "percent_covered_display": "60", "missing_lines": 8, "excluded_lines": 0}, "missing_lines": [285, 294, 299, 304, 305, 324, 325, 327], "excluded_lines": []}, "SearchEngine._merge_results": {"executed_lines": [], "summary": {"covered_lines": 0, "num_statements": 1, "percent_covered": 0.0, "percent_covered_display": "0", "missing_lines": 1, "excluded_lines": 0}, "missing_lines": [352], "excluded_lines": []}, "SearchEngine._format_result": {"executed_lines": [], "summary": {"covered_lines": 0, "num_statements": 1, "percent_covered": 0.0, "percent_covered_display": "0", "missing_lines": 1, "excluded_lines": 0}, "missing_lines": [369], "excluded_lines": []}, "SearchEngine._update_stats": {"executed_lines": [373, 374, 375, 376, 379, 380], "summary": {"covered_lines": 6, "num_statements": 7, "percent_covered": 85.71428571428571, "percent_covered_display": "86", "missing_lines": 1, "excluded_lines": 0}, "missing_lines": [381], "excluded_lines": []}, "SearchEngine.get_search_stats": {"executed_lines": [396, 405], "summary": {"covered_lines": 2, "num_statements": 3, "percent_covered": 66.66666666666667, "percent_covered_display": "67", "missing_lines": 1, "excluded_lines": 0}, "missing_lines": [397], "excluded_lines": []}, "": {"executed_lines": [1, 25, 26, 27, 28, 30, 31, 33, 36, 37, 46, 85, 208, 267, 329, 359, 371, 383, 414, 415, 416, 419, 420, 421, 424, 425, 426, 429, 430, 431], "summary": {"covered_lines": 24, "num_statements": 24, "percent_covered": 100.0, "percent_covered_display": "100", "missing_lines": 0, "excluded_lines": 0}, "missing_lines": [], "excluded_lines": []}}, "classes": {"SearchEngine": {"executed_lines": [62, 63, 65, 66, 69, 70, 73, 80, 120, 121, 124, 125, 130, 132, 134, 135, 137, 138, 141, 142, 148, 150, 155, 156, 157, 158, 162, 164, 169, 175, 178, 181, 193, 198, 200, 204, 205, 206, 229, 230, 232, 234, 235, 240, 242, 243, 248, 251, 252, 259, 261, 284, 287, 289, 290, 292, 293, 301, 303, 308, 314, 317, 322, 373, 374, 375, 376, 379, 380, 396, 405], "summary": {"covered_lines": 71, "num_statements": 88, "percent_covered": 80.68181818181819, "percent_covered_display": "81", "missing_lines": 17, "excluded_lines": 0}, "missing_lines": [201, 202, 263, 264, 265, 285, 294, 299, 304, 305, 324, 325, 327, 352, 369, 381, 397], "excluded_lines": []}, "SearchError": {"executed_lines": [], "summary": {"covered_lines": 0, "num_statements": 0, "percent_covered": 100.0, "percent_covered_display": "100", "missing_lines": 0, "excluded_lines": 0}, "missing_lines": [], "excluded_lines": []}, "RetrievalError": {"executed_lines": [], "summary": {"covered_lines": 0, "num_statements": 0, "percent_covered": 100.0, "percent_covered_display": "100", "missing_lines": 0, "excluded_lines": 0}, "missing_lines": [], "excluded_lines": []}, "RerankingError": {"executed_lines": [], "summary": {"covered_lines": 0, "num_statements": 0, "percent_covered": 100.0, "percent_covered_display": "100", "missing_lines": 0, "excluded_lines": 0}, "missing_lines": [], "excluded_lines": []}, "ResultFormattingError": {"executed_lines": [], "summary": {"covered_lines": 0, "num_statements": 0, "percent_covered": 100.0, "percent_covered_display": "100", "missing_lines": 0, "excluded_lines": 0}, "missing_lines": [], "excluded_lines": []}, "": {"executed_lines": [1, 25, 26, 27, 28, 30, 31, 33, 36, 37, 46, 85, 208, 267, 329, 359, 371, 383, 414, 415, 416, 419, 420, 421, 424, 425, 426, 429, 430, 431], "summary": {"covered_lines": 24, "num_statements": 24, "percent_covered": 100.0, "percent_covered_display": "100", "missing_lines": 0, "excluded_lines": 0}, "missing_lines": [], "excluded_lines": []}}}, "src/search/test_search.py": {"executed_lines": [1, 17, 18, 19, 20, 22, 23, 24, 25, 32, 33, 35, 38, 39, 41, 44, 45, 47, 55, 56, 58, 61, 62, 64, 71, 72, 74, 76, 77, 78, 80, 82, 84, 85, 86, 87, 90, 91, 92, 93, 95, 96, 98, 100, 101, 103, 105, 106, 107, 109, 114, 116, 117, 118, 120, 125, 126, 127, 128, 130, 132, 133, 135, 136, 141, 143, 145, 146, 147, 154, 155, 157, 159, 161, 162, 163, 164, 166, 168, 170, 175, 176, 177, 178, 179, 181, 183, 185, 190, 191, 193, 195, 198, 204, 209, 211, 213, 214, 221, 222, 224, 226, 228, 229, 230, 231, 232, 234, 235, 237, 239, 240, 242, 244, 245, 247, 249, 250, 252, 253, 255, 257, 258, 261, 262, 265, 266, 273, 274, 276, 278, 282, 287, 293, 295, 296, 298, 300, 303, 307, 315, 316, 318, 320, 325, 327, 333, 334, 335, 338, 340, 342, 355, 357, 358, 359, 360, 361, 362, 369, 370, 372, 374, 375, 377, 379, 386, 387, 388, 389, 390, 391, 392, 394, 395, 397, 399, 405, 406, 407, 409, 411, 417, 418, 419, 421, 423, 429, 434, 436, 441, 442, 444, 446, 447, 449, 451, 452, 454, 456, 461, 462, 464, 467, 468, 470, 472, 473, 474, 475, 476, 483, 484, 486, 488, 495, 497, 499, 506, 508, 510, 517, 524, 525, 527, 530, 539, 540, 541, 544, 545, 546, 547, 548, 549, 550, 553, 554, 555, 556, 558, 560, 567, 568, 569, 570, 573, 574, 577], "summary": {"covered_lines": 241, "num_statements": 242, "percent_covered": 99.58677685950413, "percent_covered_display": "99", "missing_lines": 1, "excluded_lines": 0}, "missing_lines": [578], "excluded_lines": [], "functions": {"mock_embedding_engine": {"executed_lines": [35], "summary": {"covered_lines": 1, "num_statements": 1, "percent_covered": 100.0, "percent_covered_display": "100", "missing_lines": 0, "excluded_lines": 0}, "missing_lines": [], "excluded_lines": []}, "mock_storage_client": {"executed_lines": [41], "summary": {"covered_lines": 1, "num_statements": 1, "percent_covered": 100.0, "percent_covered_display": "100", "missing_lines": 0, "excluded_lines": 0}, "missing_lines": [], "excluded_lines": []}, "search_engine": {"executed_lines": [47], "summary": {"covered_lines": 1, "num_statements": 1, "percent_covered": 100.0, "percent_covered_display": "100", "missing_lines": 0, "excluded_lines": 0}, "missing_lines": [], "excluded_lines": []}, "query_processor": {"executed_lines": [58], "summary": {"covered_lines": 1, "num_statements": 1, "percent_covered": 100.0, "percent_covered_display": "100", "missing_lines": 0, "excluded_lines": 0}, "missing_lines": [], "excluded_lines": []}, "result_ranker": {"executed_lines": [64], "summary": {"covered_lines": 1, "num_statements": 1, "percent_covered": 100.0, "percent_covered_display": "100", "missing_lines": 0, "excluded_lines": 0}, "missing_lines": [], "excluded_lines": []}, "TestMockEmbeddingEngine.test_initialization": {"executed_lines": [76, 77, 78], "summary": {"covered_lines": 3, "num_statements": 3, "percent_covered": 100.0, "percent_covered_display": "100", "missing_lines": 0, "excluded_lines": 0}, "missing_lines": [], "excluded_lines": []}, "TestMockEmbeddingEngine.test_embed_query_success": {"executed_lines": [82, 84, 85, 86, 87, 90, 91, 92, 93, 95, 96], "summary": {"covered_lines": 11, "num_statements": 11, "percent_covered": 100.0, "percent_covered_display": "100", "missing_lines": 0, "excluded_lines": 0}, "missing_lines": [], "excluded_lines": []}, "TestMockEmbeddingEngine.test_embed_query_empty": {"executed_lines": [100, 101], "summary": {"covered_lines": 2, "num_statements": 2, "percent_covered": 100.0, "percent_covered_display": "100", "missing_lines": 0, "excluded_lines": 0}, "missing_lines": [], "excluded_lines": []}, "TestMockEmbeddingEngine.test_embed_query_reproducible": {"executed_lines": [105, 106, 107, 109], "summary": {"covered_lines": 4, "num_statements": 4, "percent_covered": 100.0, "percent_covered_display": "100", "missing_lines": 0, "excluded_lines": 0}, "missing_lines": [], "excluded_lines": []}, "TestMockEmbeddingEngine.test_score_multi_vector": {"executed_lines": [116, 117, 118, 120, 125, 126, 127, 128], "summary": {"covered_lines": 8, "num_statements": 8, "percent_covered": 100.0, "percent_covered_display": "100", "missing_lines": 0, "excluded_lines": 0}, "missing_lines": [], "excluded_lines": []}, "TestMockEmbeddingEngine.test_score_multi_vector_invalid_shape": {"executed_lines": [132, 133, 135, 136], "summary": {"covered_lines": 4, "num_statements": 4, "percent_covered": 100.0, "percent_covered_display": "100", "missing_lines": 0, "excluded_lines": 0}, "missing_lines": [], "excluded_lines": []}, "TestMockEmbeddingEngine.test_get_model_info": {"executed_lines": [143, 145, 146, 147], "summary": {"covered_lines": 4, "num_statements": 4, "percent_covered": 100.0, "percent_covered_display": "100", "missing_lines": 0, "excluded_lines": 0}, "missing_lines": [], "excluded_lines": []}, "TestMockStorageClient.test_initialization": {"executed_lines": [159, 161, 162, 163, 164], "summary": {"covered_lines": 5, "num_statements": 5, "percent_covered": 100.0, "percent_covered_display": "100", "missing_lines": 0, "excluded_lines": 0}, "missing_lines": [], "excluded_lines": []}, "TestMockStorageClient.test_search_visual": {"executed_lines": [168, 170, 175, 176, 177, 178, 179], "summary": {"covered_lines": 7, "num_statements": 7, "percent_covered": 100.0, "percent_covered_display": "100", "missing_lines": 0, "excluded_lines": 0}, "missing_lines": [], "excluded_lines": []}, "TestMockStorageClient.test_search_text": {"executed_lines": [183, 185, 190, 191], "summary": {"covered_lines": 4, "num_statements": 4, "percent_covered": 100.0, "percent_covered_display": "100", "missing_lines": 0, "excluded_lines": 0}, "missing_lines": [], "excluded_lines": []}, "TestMockStorageClient.test_search_with_filters": {"executed_lines": [195, 198, 204], "summary": {"covered_lines": 3, "num_statements": 3, "percent_covered": 100.0, "percent_covered_display": "100", "missing_lines": 0, "excluded_lines": 0}, "missing_lines": [], "excluded_lines": []}, "TestMockStorageClient.test_search_invalid_shape": {"executed_lines": [211, 213, 214], "summary": {"covered_lines": 3, "num_statements": 3, "percent_covered": 100.0, "percent_covered_display": "100", "missing_lines": 0, "excluded_lines": 0}, "missing_lines": [], "excluded_lines": []}, "TestQueryProcessor.test_process_query_success": {"executed_lines": [226, 228, 229, 230, 231, 232, 234, 235], "summary": {"covered_lines": 8, "num_statements": 8, "percent_covered": 100.0, "percent_covered_display": "100", "missing_lines": 0, "excluded_lines": 0}, "missing_lines": [], "excluded_lines": []}, "TestQueryProcessor.test_process_query_empty": {"executed_lines": [239, 240], "summary": {"covered_lines": 2, "num_statements": 2, "percent_covered": 100.0, "percent_covered_display": "100", "missing_lines": 0, "excluded_lines": 0}, "missing_lines": [], "excluded_lines": []}, "TestQueryProcessor.test_process_query_whitespace": {"executed_lines": [244, 245], "summary": {"covered_lines": 2, "num_statements": 2, "percent_covered": 100.0, "percent_covered_display": "100", "missing_lines": 0, "excluded_lines": 0}, "missing_lines": [], "excluded_lines": []}, "TestQueryProcessor.test_process_query_long": {"executed_lines": [249, 250, 252, 253], "summary": {"covered_lines": 4, "num_statements": 4, "percent_covered": 100.0, "percent_covered_display": "100", "missing_lines": 0, "excluded_lines": 0}, "missing_lines": [], "excluded_lines": []}, "TestQueryProcessor.test_validate_embedding": {"executed_lines": [257, 258, 261, 262, 265, 266], "summary": {"covered_lines": 6, "num_statements": 6, "percent_covered": 100.0, "percent_covered_display": "100", "missing_lines": 0, "excluded_lines": 0}, "missing_lines": [], "excluded_lines": []}, "TestResultRanker.test_merge_results_hybrid": {"executed_lines": [278, 282, 287, 293, 295, 296], "summary": {"covered_lines": 6, "num_statements": 6, "percent_covered": 100.0, "percent_covered_display": "100", "missing_lines": 0, "excluded_lines": 0}, "missing_lines": [], "excluded_lines": []}, "TestResultRanker.test_merge_results_deduplication": {"executed_lines": [300, 303, 307, 315, 316], "summary": {"covered_lines": 5, "num_statements": 5, "percent_covered": 100.0, "percent_covered_display": "100", "missing_lines": 0, "excluded_lines": 0}, "missing_lines": [], "excluded_lines": []}, "TestResultRanker.test_rank_by_late_interaction": {"executed_lines": [320, 325, 327, 333, 334, 335, 338], "summary": {"covered_lines": 7, "num_statements": 7, "percent_covered": 100.0, "percent_covered_display": "100", "missing_lines": 0, "excluded_lines": 0}, "missing_lines": [], "excluded_lines": []}, "TestResultRanker.test_format_search_result": {"executed_lines": [342, 355, 357, 358, 359, 360, 361, 362], "summary": {"covered_lines": 8, "num_statements": 8, "percent_covered": 100.0, "percent_covered_display": "100", "missing_lines": 0, "excluded_lines": 0}, "missing_lines": [], "excluded_lines": []}, "TestSearchEngine.test_initialization": {"executed_lines": [374, 375], "summary": {"covered_lines": 2, "num_statements": 2, "percent_covered": 100.0, "percent_covered_display": "100", "missing_lines": 0, "excluded_lines": 0}, "missing_lines": [], "excluded_lines": []}, "TestSearchEngine.test_search_hybrid_success": {"executed_lines": [379, 386, 387, 388, 389, 390, 391, 392, 394, 395], "summary": {"covered_lines": 10, "num_statements": 10, "percent_covered": 100.0, "percent_covered_display": "100", "missing_lines": 0, "excluded_lines": 0}, "missing_lines": [], "excluded_lines": []}, "TestSearchEngine.test_search_visual_only": {"executed_lines": [399, 405, 406, 407], "summary": {"covered_lines": 4, "num_statements": 4, "percent_covered": 100.0, "percent_covered_display": "100", "missing_lines": 0, "excluded_lines": 0}, "missing_lines": [], "excluded_lines": []}, "TestSearchEngine.test_search_text_only": {"executed_lines": [411, 417, 418, 419], "summary": {"covered_lines": 4, "num_statements": 4, "percent_covered": 100.0, "percent_covered_display": "100", "missing_lines": 0, "excluded_lines": 0}, "missing_lines": [], "excluded_lines": []}, "TestSearchEngine.test_search_with_filters": {"executed_lines": [423, 429], "summary": {"covered_lines": 2, "num_statements": 2, "percent_covered": 100.0, "percent_covered_display": "100", "missing_lines": 0, "excluded_lines": 0}, "missing_lines": [], "excluded_lines": []}, "TestSearchEngine.test_search_without_reranking": {"executed_lines": [436, 441, 442], "summary": {"covered_lines": 3, "num_statements": 3, "percent_covered": 100.0, "percent_covered_display": "100", "missing_lines": 0, "excluded_lines": 0}, "missing_lines": [], "excluded_lines": []}, "TestSearchEngine.test_search_invalid_query": {"executed_lines": [446, 447], "summary": {"covered_lines": 2, "num_statements": 2, "percent_covered": 100.0, "percent_covered_display": "100", "missing_lines": 0, "excluded_lines": 0}, "missing_lines": [], "excluded_lines": []}, "TestSearchEngine.test_search_invalid_mode": {"executed_lines": [451, 452], "summary": {"covered_lines": 2, "num_statements": 2, "percent_covered": 100.0, "percent_covered_display": "100", "missing_lines": 0, "excluded_lines": 0}, "missing_lines": [], "excluded_lines": []}, "TestSearchEngine.test_search_results_sorted": {"executed_lines": [456, 461, 462], "summary": {"covered_lines": 3, "num_statements": 3, "percent_covered": 100.0, "percent_covered_display": "100", "missing_lines": 0, "excluded_lines": 0}, "missing_lines": [], "excluded_lines": []}, "TestSearchEngine.test_search_stats": {"executed_lines": [467, 468, 470, 472, 473, 474, 475, 476], "summary": {"covered_lines": 8, "num_statements": 8, "percent_covered": 100.0, "percent_covered_display": "100", "missing_lines": 0, "excluded_lines": 0}, "missing_lines": [], "excluded_lines": []}, "TestPerformance.test_stage1_latency": {"executed_lines": [488, 495], "summary": {"covered_lines": 2, "num_statements": 2, "percent_covered": 100.0, "percent_covered_display": "100", "missing_lines": 0, "excluded_lines": 0}, "missing_lines": [], "excluded_lines": []}, "TestPerformance.test_stage2_latency": {"executed_lines": [499, 506], "summary": {"covered_lines": 2, "num_statements": 2, "percent_covered": 100.0, "percent_covered_display": "100", "missing_lines": 0, "excluded_lines": 0}, "missing_lines": [], "excluded_lines": []}, "TestPerformance.test_total_latency_hybrid": {"executed_lines": [510, 517], "summary": {"covered_lines": 2, "num_statements": 2, "percent_covered": 100.0, "percent_covered_display": "100", "missing_lines": 0, "excluded_lines": 0}, "missing_lines": [], "excluded_lines": []}, "TestIntegration.test_end_to_end_search": {"executed_lines": [530, 539, 540, 541, 544, 545, 546, 547, 548, 549, 550, 553, 554, 555, 556], "summary": {"covered_lines": 15, "num_statements": 15, "percent_covered": 100.0, "percent_covered_display": "100", "missing_lines": 0, "excluded_lines": 0}, "missing_lines": [], "excluded_lines": []}, "TestIntegration.test_multiple_searches": {"executed_lines": [560, 567, 568, 569, 570, 573, 574], "summary": {"covered_lines": 7, "num_statements": 7, "percent_covered": 100.0, "percent_covered_display": "100", "missing_lines": 0, "excluded_lines": 0}, "missing_lines": [], "excluded_lines": []}, "": {"executed_lines": [1, 17, 18, 19, 20, 22, 23, 24, 25, 32, 33, 38, 39, 44, 45, 55, 56, 61, 62, 71, 72, 74, 80, 98, 103, 114, 130, 141, 154, 155, 157, 166, 181, 193, 209, 221, 222, 224, 237, 242, 247, 255, 273, 274, 276, 298, 318, 340, 369, 370, 372, 377, 397, 409, 421, 434, 444, 449, 454, 464, 483, 484, 486, 497, 508, 524, 525, 527, 558, 577], "summary": {"covered_lines": 62, "num_statements": 63, "percent_covered": 98.41269841269842, "percent_covered_display": "98", "missing_lines": 1, "excluded_lines": 0}, "missing_lines": [578], "excluded_lines": []}}, "classes": {"TestMockEmbeddingEngine": {"executed_lines": [76, 77, 78, 82, 84, 85, 86, 87, 90, 91, 92, 93, 95, 96, 100, 101, 105, 106, 107, 109, 116, 117, 118, 120, 125, 126, 127, 128, 132, 133, 135, 136, 143, 145, 146, 147], "summary": {"covered_lines": 36, "num_statements": 36, "percent_covered": 100.0, "percent_covered_display": "100", "missing_lines": 0, "excluded_lines": 0}, "missing_lines": [], "excluded_lines": []}, "TestMockStorageClient": {"executed_lines": [159, 161, 162, 163, 164, 168, 170, 175, 176, 177, 178, 179, 183, 185, 190, 191, 195, 198, 204, 211, 213, 214], "summary": {"covered_lines": 22, "num_statements": 22, "percent_covered": 100.0, "percent_covered_display": "100", "missing_lines": 0, "excluded_lines": 0}, "missing_lines": [], "excluded_lines": []}, "TestQueryProcessor": {"executed_lines": [226, 228, 229, 230, 231, 232, 234, 235, 239, 240, 244, 245, 249, 250, 252, 253, 257, 258, 261, 262, 265, 266], "summary": {"covered_lines": 22, "num_statements": 22, "percent_covered": 100.0, "percent_covered_display": "100", "missing_lines": 0, "excluded_lines": 0}, "missing_lines": [], "excluded_lines": []}, "TestResultRanker": {"executed_lines": [278, 282, 287, 293, 295, 296, 300, 303, 307, 315, 316, 320, 325, 327, 333, 334, 335, 338, 342, 355, 357, 358, 359, 360, 361, 362], "summary": {"covered_lines": 26, "num_statements": 26, "percent_covered": 100.0, "percent_covered_display": "100", "missing_lines": 0, "excluded_lines": 0}, "missing_lines": [], "excluded_lines": []}, "TestSearchEngine": {"executed_lines": [374, 375, 379, 386, 387, 388, 389, 390, 391, 392, 394, 395, 399, 405, 406, 407, 411, 417, 418, 419, 423, 429, 436, 441, 442, 446, 447, 451, 452, 456, 461, 462, 467, 468, 470, 472, 473, 474, 475, 476], "summary": {"covered_lines": 40, "num_statements": 40, "percent_covered": 100.0, "percent_covered_display": "100", "missing_lines": 0, "excluded_lines": 0}, "missing_lines": [], "excluded_lines": []}, "TestPerformance": {"executed_lines": [488, 495, 499, 506, 510, 517], "summary": {"covered_lines": 6, "num_statements": 6, "percent_covered": 100.0, "percent_covered_display": "100", "missing_lines": 0, "excluded_lines": 0}, "missing_lines": [], "excluded_lines": []}, "TestIntegration": {"executed_lines": [530, 539, 540, 541, 544, 545, 546, 547, 548, 549, 550, 553, 554, 555, 556, 560, 567, 568, 569, 570, 573, 574], "summary": {"covered_lines": 22, "num_statements": 22, "percent_covered": 100.0, "percent_covered_display": "100", "missing_lines": 0, "excluded_lines": 0}, "missing_lines": [], "excluded_lines": []}, "": {"executed_lines": [1, 17, 18, 19, 20, 22, 23, 24, 25, 32, 33, 35, 38, 39, 41, 44, 45, 47, 55, 56, 58, 61, 62, 64, 71, 72, 74, 80, 98, 103, 114, 130, 141, 154, 155, 157, 166, 181, 193, 209, 221, 222, 224, 237, 242, 247, 255, 273, 274, 276, 298, 318, 340, 369, 370, 372, 377, 397, 409, 421, 434, 444, 449, 454, 464, 483, 484, 486, 497, 508, 524, 525, 527, 558, 577], "summary": {"covered_lines": 67, "num_statements": 68, "percent_covered": 98.52941176470588, "percent_covered_display": "99", "missing_lines": 1, "excluded_lines": 0}, "missing_lines": [578], "excluded_lines": []}}}, "src/search/validate_search.py": {"executed_lines": [], "summary": {"covered_lines": 0, "num_statements": 117, "percent_covered": 0.0, "percent_covered_display": "0", "missing_lines": 117, "excluded_lines": 0}, "missing_lines": [12, 13, 14, 17, 20, 24, 27, 28, 31, 33, 36, 37, 38, 41, 49, 50, 51, 53, 54, 55, 56, 58, 61, 63, 65, 66, 67, 70, 71, 72, 75, 76, 77, 80, 81, 83, 86, 88, 90, 91, 92, 95, 100, 101, 105, 107, 109, 112, 114, 117, 118, 120, 121, 122, 123, 124, 127, 128, 129, 131, 132, 133, 134, 135, 137, 140, 142, 144, 145, 146, 149, 155, 156, 157, 160, 165, 166, 167, 169, 172, 174, 176, 177, 178, 181, 182, 184, 186, 187, 188, 189, 190, 192, 195, 197, 198, 199, 201, 210, 211, 213, 214, 215, 216, 217, 218, 219, 220, 222, 223, 224, 226, 227, 229, 230, 233, 234], "excluded_lines": [], "functions": {"test_basic_search": {"executed_lines": [], "summary": {"covered_lines": 0, "num_statements": 13, "percent_covered": 0.0, "percent_covered_display": "0", "missing_lines": 13, "excluded_lines": 0}, "missing_lines": [33, 36, 37, 38, 41, 49, 50, 51, 53, 54, 55, 56, 58], "excluded_lines": []}, "test_search_modes": {"executed_lines": [], "summary": {"covered_lines": 0, "num_statements": 13, "percent_covered": 0.0, "percent_covered_display": "0", "missing_lines": 13, "excluded_lines": 0}, "missing_lines": [63, 65, 66, 67, 70, 71, 72, 75, 76, 77, 80, 81, 83], "excluded_lines": []}, "test_filters": {"executed_lines": [], "summary": {"covered_lines": 0, "num_statements": 10, "percent_covered": 0.0, "percent_covered_display": "0", "missing_lines": 10, "excluded_lines": 0}, "missing_lines": [88, 90, 91, 92, 95, 100, 101, 105, 107, 109], "excluded_lines": []}, "test_mock_contracts": {"executed_lines": [], "summary": {"covered_lines": 0, "num_statements": 17, "percent_covered": 0.0, "percent_covered_display": "0", "missing_lines": 17, "excluded_lines": 0}, "missing_lines": [114, 117, 118, 120, 121, 122, 123, 124, 127, 128, 129, 131, 132, 133, 134, 135, 137], "excluded_lines": []}, "test_two_stage_pipeline": {"executed_lines": [], "summary": {"covered_lines": 0, "num_statements": 13, "percent_covered": 0.0, "percent_covered_display": "0", "missing_lines": 13, "excluded_lines": 0}, "missing_lines": [142, 144, 145, 146, 149, 155, 156, 157, 160, 165, 166, 167, 169], "excluded_lines": []}, "test_statistics": {"executed_lines": [], "summary": {"covered_lines": 0, "num_statements": 13, "percent_covered": 0.0, "percent_covered_display": "0", "missing_lines": 13, "excluded_lines": 0}, "missing_lines": [174, 176, 177, 178, 181, 182, 184, 186, 187, 188, 189, 190, 192], "excluded_lines": []}, "main": {"executed_lines": [], "summary": {"covered_lines": 0, "num_statements": 21, "percent_covered": 0.0, "percent_covered_display": "0", "missing_lines": 21, "excluded_lines": 0}, "missing_lines": [197, 198, 199, 201, 210, 211, 213, 214, 215, 216, 217, 218, 219, 220, 222, 223, 224, 226, 227, 229, 230], "excluded_lines": []}, "": {"executed_lines": [], "summary": {"covered_lines": 0, "num_statements": 17, "percent_covered": 0.0, "percent_covered_display": "0", "missing_lines": 17, "excluded_lines": 0}, "missing_lines": [12, 13, 14, 17, 20, 24, 27, 28, 31, 61, 86, 112, 140, 172, 195, 233, 234], "excluded_lines": []}}, "classes": {"": {"executed_lines": [], "summary": {"covered_lines": 0, "num_statements": 117, "percent_covered": 0.0, "percent_covered_display": "0", "missing_lines": 117, "excluded_lines": 0}, "missing_lines": [12, 13, 14, 17, 20, 24, 27, 28, 31, 33, 36, 37, 38, 41, 49, 50, 51, 53, 54, 55, 56, 58, 61, 63, 65, 66, 67, 70, 71, 72, 75, 76, 77, 80, 81, 83, 86, 88, 90, 91, 92, 95, 100, 101, 105, 107, 109, 112, 114, 117, 118, 120, 121, 122, 123, 124, 127, 128, 129, 131, 132, 133, 134, 135, 137, 140, 142, 144, 145, 146, 149, 155, 156, 157, 160, 165, 166, 167, 169, 172, 174, 176, 177, 178, 181, 182, 184, 186, 187, 188, 189, 190, 192, 195, 197, 198, 199, 201, 210, 211, 213, 214, 215, 216, 217, 218, 219, 220, 222, 223, 224, 226, 227, 229, 230, 233, 234], "excluded_lines": []}}}, "src/storage/__init__.py": {"executed_lines": [1, 14, 22, 23, 30], "summary": {"covered_lines": 4, "num_statements": 4, "percent_covered": 100.0, "percent_covered_display": "100", "missing_lines": 0, "excluded_lines": 0}, "missing_lines": [], "excluded_lines": [], "functions": {"": {"executed_lines": [1, 14, 22, 23, 30], "summary": {"covered_lines": 4, "num_statements": 4, "percent_covered": 100.0, "percent_covered_display": "100", "missing_lines": 0, "excluded_lines": 0}, "missing_lines": [], "excluded_lines": []}}, "classes": {"": {"executed_lines": [1, 14, 22, 23, 30], "summary": {"covered_lines": 4, "num_statements": 4, "percent_covered": 100.0, "percent_covered_display": "100", "missing_lines": 0, "excluded_lines": 0}, "missing_lines": [], "excluded_lines": []}}}, "src/storage/chroma_client.py": {"executed_lines": [1, 9, 10, 11, 13, 14, 15, 16, 18, 27, 30, 33, 34, 35, 38, 39, 40, 43, 44, 45, 48, 49, 50, 53, 54, 55, 58, 59, 70, 88, 89, 90, 91, 94, 95, 105, 106, 108, 109, 110, 111, 114, 118, 123, 127, 128, 132, 133, 137, 151, 152, 155, 157, 158, 163, 177, 182, 183, 187, 189, 195, 196, 201, 206, 215, 216, 218, 235, 236, 239, 240, 242, 248, 252, 261, 292, 295, 298, 301, 304, 324, 325, 326, 327, 330, 331, 343, 344, 345, 346, 351, 352, 353, 354, 355, 356, 364, 367, 368, 374, 379, 386, 409, 412, 415, 418, 421, 441, 442, 454, 455, 456, 462, 465, 466, 472, 477, 484, 540, 572, 609, 635, 639, 641, 642, 649, 650, 651, 654, 655, 667, 675, 680, 687, 709, 713, 715, 716, 723, 724, 725, 728, 729, 741, 749, 754, 761, 780, 782, 784, 786, 787, 791, 794, 795, 797, 798, 803, 806, 808, 812, 814, 815, 816, 817, 818, 819, 821, 833, 834, 836, 838, 842, 843, 844, 847, 851, 852, 853, 855, 860, 867, 878, 880, 881, 885, 886, 887, 888, 896, 898, 905, 907], "summary": {"covered_lines": 186, "num_statements": 307, "percent_covered": 60.586319218241044, "percent_covered_display": "61", "missing_lines": 121, "excluded_lines": 0}, "missing_lines": [130, 135, 153, 154, 178, 190, 202, 243, 254, 255, 256, 257, 258, 259, 305, 307, 308, 310, 311, 312, 313, 314, 315, 317, 318, 321, 360, 361, 381, 382, 383, 384, 422, 424, 425, 427, 428, 429, 430, 431, 432, 434, 435, 438, 457, 479, 480, 481, 482, 498, 504, 506, 512, 513, 515, 518, 519, 520, 523, 524, 525, 526, 527, 528, 529, 530, 531, 532, 535, 536, 538, 554, 557, 558, 559, 560, 563, 564, 565, 566, 568, 570, 586, 589, 590, 593, 594, 595, 596, 597, 598, 605, 607, 636, 657, 658, 660, 661, 662, 682, 683, 684, 685, 710, 731, 732, 734, 735, 736, 756, 757, 758, 759, 862, 863, 864, 865, 909, 910, 911, 912], "excluded_lines": [], "functions": {"ChromaClient.__init__": {"executed_lines": [88, 89, 90, 91, 94, 95, 105, 106, 108, 109, 110, 111, 114, 118, 123], "summary": {"covered_lines": 15, "num_statements": 15, "percent_covered": 100.0, "percent_covered_display": "100", "missing_lines": 0, "excluded_lines": 0}, "missing_lines": [], "excluded_lines": []}, "ChromaClient.visual_collection": {"executed_lines": [], "summary": {"covered_lines": 0, "num_statements": 1, "percent_covered": 0.0, "percent_covered_display": "0", "missing_lines": 1, "excluded_lines": 0}, "missing_lines": [130], "excluded_lines": []}, "ChromaClient.text_collection": {"executed_lines": [], "summary": {"covered_lines": 0, "num_statements": 1, "percent_covered": 0.0, "percent_covered_display": "0", "missing_lines": 1, "excluded_lines": 0}, "missing_lines": [135], "excluded_lines": []}, "ChromaClient._get_or_create_collection": {"executed_lines": [151, 152, 155, 157, 158], "summary": {"covered_lines": 5, "num_statements": 7, "percent_covered": 71.42857142857143, "percent_covered_display": "71", "missing_lines": 2, "excluded_lines": 0}, "missing_lines": [153, 154], "excluded_lines": []}, "ChromaClient._validate_embedding_shape": {"executed_lines": [177, 182, 183, 187, 189, 195, 196, 201], "summary": {"covered_lines": 8, "num_statements": 11, "percent_covered": 72.72727272727273, "percent_covered_display": "73", "missing_lines": 3, "excluded_lines": 0}, "missing_lines": [178, 190, 202], "excluded_lines": []}, "ChromaClient._extract_cls_token": {"executed_lines": [215, 216], "summary": {"covered_lines": 2, "num_statements": 2, "percent_covered": 100.0, "percent_covered_display": "100", "missing_lines": 0, "excluded_lines": 0}, "missing_lines": [], "excluded_lines": []}, "ChromaClient._compress_and_validate": {"executed_lines": [235, 236, 239, 240, 242, 248, 252], "summary": {"covered_lines": 7, "num_statements": 14, "percent_covered": 50.0, "percent_covered_display": "50", "missing_lines": 7, "excluded_lines": 0}, "missing_lines": [243, 254, 255, 256, 257, 258, 259], "excluded_lines": []}, "ChromaClient.add_visual_embedding": {"executed_lines": [292, 295, 298, 301, 304, 324, 325, 326, 327, 330, 331, 343, 344, 345, 346, 351, 352, 353, 354, 355, 356, 364, 367, 368, 374, 379], "summary": {"covered_lines": 26, "num_statements": 44, "percent_covered": 59.09090909090909, "percent_covered_display": "59", "missing_lines": 18, "excluded_lines": 0}, "missing_lines": [305, 307, 308, 310, 311, 312, 313, 314, 315, 317, 318, 321, 360, 361, 381, 382, 383, 384], "excluded_lines": []}, "ChromaClient.add_text_embedding": {"executed_lines": [409, 412, 415, 418, 421, 441, 442, 454, 455, 456, 462, 465, 466, 472, 477], "summary": {"covered_lines": 15, "num_statements": 32, "percent_covered": 46.875, "percent_covered_display": "47", "missing_lines": 17, "excluded_lines": 0}, "missing_lines": [422, 424, 425, 427, 428, 429, 430, 431, 432, 434, 435, 438, 457, 479, 480, 481, 482], "excluded_lines": []}, "ChromaClient.get_document_markdown": {"executed_lines": [], "summary": {"covered_lines": 0, "num_statements": 22, "percent_covered": 0.0, "percent_covered_display": "0", "missing_lines": 22, "excluded_lines": 0}, "missing_lines": [498, 504, 506, 512, 513, 515, 518, 519, 520, 523, 524, 525, 526, 527, 528, 529, 530, 531, 532, 535, 536, 538], "excluded_lines": []}, "ChromaClient._prepare_enhanced_visual_metadata": {"executed_lines": [], "summary": {"covered_lines": 0, "num_statements": 11, "percent_covered": 0.0, "percent_covered_display": "0", "missing_lines": 11, "excluded_lines": 0}, "missing_lines": [554, 557, 558, 559, 560, 563, 564, 565, 566, 568, 570], "excluded_lines": []}, "ChromaClient._prepare_enhanced_text_metadata": {"executed_lines": [], "summary": {"covered_lines": 0, "num_statements": 11, "percent_covered": 0.0, "percent_covered_display": "0", "missing_lines": 11, "excluded_lines": 0}, "missing_lines": [586, 589, 590, 593, 594, 595, 596, 597, 598, 605, 607], "excluded_lines": []}, "ChromaClient.search_visual": {"executed_lines": [635, 639, 641, 642, 649, 650, 651, 654, 655, 667, 675, 680], "summary": {"covered_lines": 12, "num_statements": 22, "percent_covered": 54.54545454545455, "percent_covered_display": "55", "missing_lines": 10, "excluded_lines": 0}, "missing_lines": [636, 657, 658, 660, 661, 662, 682, 683, 684, 685], "excluded_lines": []}, "ChromaClient.search_text": {"executed_lines": [709, 713, 715, 716, 723, 724, 725, 728, 729, 741, 749, 754], "summary": {"covered_lines": 12, "num_statements": 22, "percent_covered": 54.54545454545455, "percent_covered_display": "55", "missing_lines": 10, "excluded_lines": 0}, "missing_lines": [710, 731, 732, 734, 735, 736, 756, 757, 758, 759], "excluded_lines": []}, "ChromaClient.get_full_embeddings": {"executed_lines": [780, 782, 784, 786, 787, 791, 794, 795, 797, 798, 803, 806, 808, 812, 814, 815, 816, 817, 818, 819], "summary": {"covered_lines": 20, "num_statements": 20, "percent_covered": 100.0, "percent_covered_display": "100", "missing_lines": 0, "excluded_lines": 0}, "missing_lines": [], "excluded_lines": []}, "ChromaClient.delete_document": {"executed_lines": [833, 834, 836, 838, 842, 843, 844, 847, 851, 852, 853, 855, 860], "summary": {"covered_lines": 13, "num_statements": 17, "percent_covered": 76.47058823529412, "percent_covered_display": "76", "missing_lines": 4, "excluded_lines": 0}, "missing_lines": [862, 863, 864, 865], "excluded_lines": []}, "ChromaClient.get_collection_stats": {"executed_lines": [878, 880, 881, 885, 886, 887, 888, 896, 898, 905, 907], "summary": {"covered_lines": 11, "num_statements": 15, "percent_covered": 73.33333333333333, "percent_covered_display": "73", "missing_lines": 4, "excluded_lines": 0}, "missing_lines": [909, 910, 911, 912], "excluded_lines": []}, "": {"executed_lines": [1, 9, 10, 11, 13, 14, 15, 16, 18, 27, 30, 33, 34, 35, 38, 39, 40, 43, 44, 45, 48, 49, 50, 53, 54, 55, 58, 59, 70, 127, 128, 132, 133, 137, 163, 206, 218, 261, 386, 484, 540, 572, 609, 687, 761, 821, 867], "summary": {"covered_lines": 40, "num_statements": 40, "percent_covered": 100.0, "percent_covered_display": "100", "missing_lines": 0, "excluded_lines": 0}, "missing_lines": [], "excluded_lines": []}}, "classes": {"StorageError": {"executed_lines": [], "summary": {"covered_lines": 0, "num_statements": 0, "percent_covered": 100.0, "percent_covered_display": "100", "missing_lines": 0, "excluded_lines": 0}, "missing_lines": [], "excluded_lines": []}, "ChromaDBConnectionError": {"executed_lines": [], "summary": {"covered_lines": 0, "num_statements": 0, "percent_covered": 100.0, "percent_covered_display": "100", "missing_lines": 0, "excluded_lines": 0}, "missing_lines": [], "excluded_lines": []}, "EmbeddingValidationError": {"executed_lines": [], "summary": {"covered_lines": 0, "num_statements": 0, "percent_covered": 100.0, "percent_covered_display": "100", "missing_lines": 0, "excluded_lines": 0}, "missing_lines": [], "excluded_lines": []}, "MetadataCompressionError": {"executed_lines": [], "summary": {"covered_lines": 0, "num_statements": 0, "percent_covered": 100.0, "percent_covered_display": "100", "missing_lines": 0, "excluded_lines": 0}, "missing_lines": [], "excluded_lines": []}, "DocumentNotFoundError": {"executed_lines": [], "summary": {"covered_lines": 0, "num_statements": 0, "percent_covered": 100.0, "percent_covered_display": "100", "missing_lines": 0, "excluded_lines": 0}, "missing_lines": [], "excluded_lines": []}, "ChromaClient": {"executed_lines": [88, 89, 90, 91, 94, 95, 105, 106, 108, 109, 110, 111, 114, 118, 123, 151, 152, 155, 157, 158, 177, 182, 183, 187, 189, 195, 196, 201, 215, 216, 235, 236, 239, 240, 242, 248, 252, 292, 295, 298, 301, 304, 324, 325, 326, 327, 330, 331, 343, 344, 345, 346, 351, 352, 353, 354, 355, 356, 364, 367, 368, 374, 379, 409, 412, 415, 418, 421, 441, 442, 454, 455, 456, 462, 465, 466, 472, 477, 635, 639, 641, 642, 649, 650, 651, 654, 655, 667, 675, 680, 709, 713, 715, 716, 723, 724, 725, 728, 729, 741, 749, 754, 780, 782, 784, 786, 787, 791, 794, 795, 797, 798, 803, 806, 808, 812, 814, 815, 816, 817, 818, 819, 833, 834, 836, 838, 842, 843, 844, 847, 851, 852, 853, 855, 860, 878, 880, 881, 885, 886, 887, 888, 896, 898, 905, 907], "summary": {"covered_lines": 146, "num_statements": 267, "percent_covered": 54.6816479400749, "percent_covered_display": "55", "missing_lines": 121, "excluded_lines": 0}, "missing_lines": [130, 135, 153, 154, 178, 190, 202, 243, 254, 255, 256, 257, 258, 259, 305, 307, 308, 310, 311, 312, 313, 314, 315, 317, 318, 321, 360, 361, 381, 382, 383, 384, 422, 424, 425, 427, 428, 429, 430, 431, 432, 434, 435, 438, 457, 479, 480, 481, 482, 498, 504, 506, 512, 513, 515, 518, 519, 520, 523, 524, 525, 526, 527, 528, 529, 530, 531, 532, 535, 536, 538, 554, 557, 558, 559, 560, 563, 564, 565, 566, 568, 570, 586, 589, 590, 593, 594, 595, 596, 597, 598, 605, 607, 636, 657, 658, 660, 661, 662, 682, 683, 684, 685, 710, 731, 732, 734, 735, 736, 756, 757, 758, 759, 862, 863, 864, 865, 909, 910, 911, 912], "excluded_lines": []}, "": {"executed_lines": [1, 9, 10, 11, 13, 14, 15, 16, 18, 27, 30, 33, 34, 35, 38, 39, 40, 43, 44, 45, 48, 49, 50, 53, 54, 55, 58, 59, 70, 127, 128, 132, 133, 137, 163, 206, 218, 261, 386, 484, 540, 572, 609, 687, 761, 821, 867], "summary": {"covered_lines": 40, "num_statements": 40, "percent_covered": 100.0, "percent_covered_display": "100", "missing_lines": 0, "excluded_lines": 0}, "missing_lines": [], "excluded_lines": []}}}, "src/storage/collection_manager.py": {"executed_lines": [1, 8, 9, 10, 12, 19, 22, 23, 32, 38, 39, 41, 62, 70, 72, 73, 74, 77, 78, 79, 82, 83, 87, 88, 92, 94, 95, 99, 100, 104, 107, 111, 112, 113, 115, 122, 124, 138, 141, 146, 147, 151, 152, 154, 155, 157, 161, 162, 167, 169, 193, 194, 198, 205, 206, 207, 208, 210, 211, 212, 213, 214, 216, 226, 236, 238, 261, 263, 268, 270, 271, 272, 275, 276, 285, 288, 292, 293, 294, 295, 298, 305, 308, 310, 317, 328, 334, 336, 340, 348, 352, 359, 361, 368, 389, 394, 401, 403, 406, 407, 410, 413, 414, 417, 419, 423, 432, 434, 451, 457, 458, 459, 462, 464, 465, 468, 470, 475], "summary": {"covered_lines": 116, "num_statements": 165, "percent_covered": 70.3030303030303, "percent_covered_display": "70", "missing_lines": 49, "excluded_lines": 1}, "missing_lines": [117, 118, 119, 120, 148, 153, 156, 158, 217, 218, 220, 221, 222, 223, 224, 230, 231, 232, 233, 234, 273, 306, 312, 313, 314, 315, 341, 342, 343, 344, 345, 353, 354, 355, 356, 357, 363, 364, 365, 366, 390, 427, 428, 429, 430, 477, 478, 479, 480], "excluded_lines": [242], "functions": {"CollectionManager.__init__": {"executed_lines": [38, 39], "summary": {"covered_lines": 2, "num_statements": 2, "percent_covered": 100.0, "percent_covered_display": "100", "missing_lines": 0, "excluded_lines": 0}, "missing_lines": [], "excluded_lines": []}, "CollectionManager.validate_collections": {"executed_lines": [62, 70, 72, 73, 74, 77, 78, 79, 82, 83, 87, 88, 92, 94, 95, 99, 100, 104, 107, 111, 112, 113, 115, 122], "summary": {"covered_lines": 24, "num_statements": 28, "percent_covered": 85.71428571428571, "percent_covered_display": "86", "missing_lines": 4, "excluded_lines": 0}, "missing_lines": [117, 118, 119, 120], "excluded_lines": []}, "CollectionManager._validate_metadata": {"executed_lines": [138, 141, 146, 147, 151, 152, 154, 155, 157, 161, 162, 167], "summary": {"covered_lines": 12, "num_statements": 16, "percent_covered": 75.0, "percent_covered_display": "75", "missing_lines": 4, "excluded_lines": 0}, "missing_lines": [148, 153, 156, 158], "excluded_lines": []}, "CollectionManager.reset_collection": {"executed_lines": [193, 194, 198, 205, 206, 207, 208, 210, 211, 212, 213, 214, 216, 226, 236], "summary": {"covered_lines": 15, "num_statements": 27, "percent_covered": 55.55555555555556, "percent_covered_display": "56", "missing_lines": 12, "excluded_lines": 0}, "missing_lines": [217, 218, 220, 221, 222, 223, 224, 230, 231, 232, 233, 234], "excluded_lines": []}, "CollectionManager.get_document_list": {"executed_lines": [261, 263, 268, 270, 271, 272, 275, 276, 285, 288, 292, 293, 294, 295, 298, 305, 308, 310], "summary": {"covered_lines": 18, "num_statements": 24, "percent_covered": 75.0, "percent_covered_display": "75", "missing_lines": 6, "excluded_lines": 1}, "missing_lines": [273, 306, 312, 313, 314, 315], "excluded_lines": [242]}, "CollectionManager.get_orphaned_embeddings": {"executed_lines": [328, 334, 336, 340, 348, 352, 359, 361], "summary": {"covered_lines": 8, "num_statements": 22, "percent_covered": 36.36363636363637, "percent_covered_display": "36", "missing_lines": 14, "excluded_lines": 0}, "missing_lines": [341, 342, 343, 344, 345, 353, 354, 355, 356, 357, 363, 364, 365, 366], "excluded_lines": []}, "CollectionManager.cleanup_orphaned_embeddings": {"executed_lines": [389, 394, 401, 403, 406, 407, 410, 413, 414, 417, 419, 423, 432], "summary": {"covered_lines": 13, "num_statements": 18, "percent_covered": 72.22222222222223, "percent_covered_display": "72", "missing_lines": 5, "excluded_lines": 0}, "missing_lines": [390, 427, 428, 429, 430], "excluded_lines": []}, "CollectionManager.export_collection_metadata": {"executed_lines": [451, 457, 458, 459, 462, 464, 465, 468, 470, 475], "summary": {"covered_lines": 10, "num_statements": 14, "percent_covered": 71.42857142857143, "percent_covered_display": "71", "missing_lines": 4, "excluded_lines": 0}, "missing_lines": [477, 478, 479, 480], "excluded_lines": []}, "": {"executed_lines": [1, 8, 9, 10, 12, 19, 22, 23, 32, 41, 124, 169, 238, 317, 368, 434], "summary": {"covered_lines": 14, "num_statements": 14, "percent_covered": 100.0, "percent_covered_display": "100", "missing_lines": 0, "excluded_lines": 0}, "missing_lines": [], "excluded_lines": []}}, "classes": {"CollectionManager": {"executed_lines": [38, 39, 62, 70, 72, 73, 74, 77, 78, 79, 82, 83, 87, 88, 92, 94, 95, 99, 100, 104, 107, 111, 112, 113, 115, 122, 138, 141, 146, 147, 151, 152, 154, 155, 157, 161, 162, 167, 193, 194, 198, 205, 206, 207, 208, 210, 211, 212, 213, 214, 216, 226, 236, 261, 263, 268, 270, 271, 272, 275, 276, 285, 288, 292, 293, 294, 295, 298, 305, 308, 310, 328, 334, 336, 340, 348, 352, 359, 361, 389, 394, 401, 403, 406, 407, 410, 413, 414, 417, 419, 423, 432, 451, 457, 458, 459, 462, 464, 465, 468, 470, 475], "summary": {"covered_lines": 102, "num_statements": 151, "percent_covered": 67.54966887417218, "percent_covered_display": "68", "missing_lines": 49, "excluded_lines": 1}, "missing_lines": [117, 118, 119, 120, 148, 153, 156, 158, 217, 218, 220, 221, 222, 223, 224, 230, 231, 232, 233, 234, 273, 306, 312, 313, 314, 315, 341, 342, 343, 344, 345, 353, 354, 355, 356, 357, 363, 364, 365, 366, 390, 427, 428, 429, 430, 477, 478, 479, 480], "excluded_lines": [242]}, "": {"executed_lines": [1, 8, 9, 10, 12, 19, 22, 23, 32, 41, 124, 169, 238, 317, 368, 434], "summary": {"covered_lines": 14, "num_statements": 14, "percent_covered": 100.0, "percent_covered_display": "100", "missing_lines": 0, "excluded_lines": 0}, "missing_lines": [], "excluded_lines": []}}}, "src/storage/compression.py": {"executed_lines": [1, 8, 9, 10, 11, 12, 19, 20, 21, 24, 25, 26, 29, 30, 31, 34, 52, 55, 58, 60, 63, 86, 89, 92, 95, 97, 100, 109, 110, 113, 128, 129, 131, 134, 137, 169, 199, 224, 226, 228, 229, 240, 247, 294], "summary": {"covered_lines": 40, "num_statements": 84, "percent_covered": 47.61904761904762, "percent_covered_display": "48", "missing_lines": 44, "excluded_lines": 0}, "missing_lines": [132, 157, 158, 161, 164, 166, 187, 190, 193, 194, 196, 231, 232, 234, 235, 238, 273, 274, 276, 277, 281, 283, 286, 288, 290, 291, 314, 316, 319, 322, 323, 324, 329, 331, 333, 334, 335, 336, 337, 338, 339, 340, 341, 342], "excluded_lines": [], "functions": {"compress_embeddings": {"executed_lines": [52, 55, 58, 60], "summary": {"covered_lines": 4, "num_statements": 4, "percent_covered": 100.0, "percent_covered_display": "100", "missing_lines": 0, "excluded_lines": 0}, "missing_lines": [], "excluded_lines": []}, "decompress_embeddings": {"executed_lines": [86, 89, 92, 95, 97], "summary": {"covered_lines": 5, "num_statements": 5, "percent_covered": 100.0, "percent_covered_display": "100", "missing_lines": 0, "excluded_lines": 0}, "missing_lines": [], "excluded_lines": []}, "estimate_compressed_size": {"executed_lines": [109, 110], "summary": {"covered_lines": 2, "num_statements": 2, "percent_covered": 100.0, "percent_covered_display": "100", "missing_lines": 0, "excluded_lines": 0}, "missing_lines": [], "excluded_lines": []}, "compression_ratio": {"executed_lines": [128, 129, 131, 134], "summary": {"covered_lines": 4, "num_statements": 5, "percent_covered": 80.0, "percent_covered_display": "80", "missing_lines": 1, "excluded_lines": 0}, "missing_lines": [132], "excluded_lines": []}, "compress_structure_metadata": {"executed_lines": [], "summary": {"covered_lines": 0, "num_statements": 5, "percent_covered": 0.0, "percent_covered_display": "0", "missing_lines": 5, "excluded_lines": 0}, "missing_lines": [157, 158, 161, 164, 166], "excluded_lines": []}, "decompress_structure_metadata": {"executed_lines": [], "summary": {"covered_lines": 0, "num_statements": 5, "percent_covered": 0.0, "percent_covered_display": "0", "missing_lines": 5, "excluded_lines": 0}, "missing_lines": [187, 190, 193, 194, 196], "excluded_lines": []}, "sanitize_metadata_for_chroma": {"executed_lines": [224, 226, 228, 229, 240], "summary": {"covered_lines": 5, "num_statements": 10, "percent_covered": 50.0, "percent_covered_display": "50", "missing_lines": 5, "excluded_lines": 0}, "missing_lines": [231, 232, 234, 235, 238], "excluded_lines": []}, "compress_markdown": {"executed_lines": [], "summary": {"covered_lines": 0, "num_statements": 10, "percent_covered": 0.0, "percent_covered_display": "0", "missing_lines": 10, "excluded_lines": 0}, "missing_lines": [273, 274, 276, 277, 281, 283, 286, 288, 290, 291], "excluded_lines": []}, "decompress_markdown": {"executed_lines": [], "summary": {"covered_lines": 0, "num_statements": 18, "percent_covered": 0.0, "percent_covered_display": "0", "missing_lines": 18, "excluded_lines": 0}, "missing_lines": [314, 316, 319, 322, 323, 324, 329, 331, 333, 334, 335, 336, 337, 338, 339, 340, 341, 342], "excluded_lines": []}, "": {"executed_lines": [1, 8, 9, 10, 11, 12, 19, 20, 21, 24, 25, 26, 29, 30, 31, 34, 63, 100, 113, 137, 169, 199, 247, 294], "summary": {"covered_lines": 20, "num_statements": 20, "percent_covered": 100.0, "percent_covered_display": "100", "missing_lines": 0, "excluded_lines": 0}, "missing_lines": [], "excluded_lines": []}}, "classes": {"CompressionError": {"executed_lines": [], "summary": {"covered_lines": 0, "num_statements": 0, "percent_covered": 100.0, "percent_covered_display": "100", "missing_lines": 0, "excluded_lines": 0}, "missing_lines": [], "excluded_lines": []}, "MarkdownTooLargeError": {"executed_lines": [], "summary": {"covered_lines": 0, "num_statements": 0, "percent_covered": 100.0, "percent_covered_display": "100", "missing_lines": 0, "excluded_lines": 0}, "missing_lines": [], "excluded_lines": []}, "CorruptedDataError": {"executed_lines": [], "summary": {"covered_lines": 0, "num_statements": 0, "percent_covered": 100.0, "percent_covered_display": "100", "missing_lines": 0, "excluded_lines": 0}, "missing_lines": [], "excluded_lines": []}, "": {"executed_lines": [1, 8, 9, 10, 11, 12, 19, 20, 21, 24, 25, 26, 29, 30, 31, 34, 52, 55, 58, 60, 63, 86, 89, 92, 95, 97, 100, 109, 110, 113, 128, 129, 131, 134, 137, 169, 199, 224, 226, 228, 229, 240, 247, 294], "summary": {"covered_lines": 40, "num_statements": 84, "percent_covered": 47.61904761904762, "percent_covered_display": "48", "missing_lines": 44, "excluded_lines": 0}, "missing_lines": [132, 157, 158, 161, 164, 166, 187, 190, 193, 194, 196, 231, 232, 234, 235, 238, 273, 274, 276, 277, 281, 283, 286, 288, 290, 291, 314, 316, 319, 322, 323, 324, 329, 331, 333, 334, 335, 336, 337, 338, 339, 340, 341, 342], "excluded_lines": []}}}, "src/storage/markdown_utils.py": {"executed_lines": [], "summary": {"covered_lines": 0, "num_statements": 62, "percent_covered": 0.0, "percent_covered_display": "0", "missing_lines": 62, "excluded_lines": 0}, "missing_lines": [11, 12, 13, 15, 17, 20, 23, 30, 32, 39, 58, 59, 61, 64, 65, 66, 68, 69, 70, 73, 74, 75, 76, 78, 79, 80, 83, 97, 98, 99, 101, 102, 103, 104, 105, 108, 127, 128, 130, 133, 150, 151, 152, 154, 155, 156, 158, 159, 160, 161, 163, 164, 165, 166, 167, 168, 169, 171, 172, 174, 175, 177], "excluded_lines": [], "functions": {"delete_document_markdown": {"executed_lines": [], "summary": {"covered_lines": 0, "num_statements": 16, "percent_covered": 0.0, "percent_covered_display": "0", "missing_lines": 16, "excluded_lines": 0}, "missing_lines": [58, 59, 61, 64, 65, 66, 68, 69, 70, 73, 74, 75, 76, 78, 79, 80], "excluded_lines": []}, "markdown_exists": {"executed_lines": [], "summary": {"covered_lines": 0, "num_statements": 8, "percent_covered": 0.0, "percent_covered_display": "0", "missing_lines": 8, "excluded_lines": 0}, "missing_lines": [97, 98, 99, 101, 102, 103, 104, 105], "excluded_lines": []}, "get_markdown_path": {"executed_lines": [], "summary": {"covered_lines": 0, "num_statements": 3, "percent_covered": 0.0, "percent_covered_display": "0", "missing_lines": 3, "excluded_lines": 0}, "missing_lines": [127, 128, 130], "excluded_lines": []}, "cleanup_orphaned_markdown": {"executed_lines": [], "summary": {"covered_lines": 0, "num_statements": 22, "percent_covered": 0.0, "percent_covered_display": "0", "missing_lines": 22, "excluded_lines": 0}, "missing_lines": [150, 151, 152, 154, 155, 156, 158, 159, 160, 161, 163, 164, 165, 166, 167, 168, 169, 171, 172, 174, 175, 177], "excluded_lines": []}, "": {"executed_lines": [], "summary": {"covered_lines": 0, "num_statements": 13, "percent_covered": 0.0, "percent_covered_display": "0", "missing_lines": 13, "excluded_lines": 0}, "missing_lines": [11, 12, 13, 15, 17, 20, 23, 30, 32, 39, 83, 108, 133], "excluded_lines": []}}, "classes": {"MarkdownStorageError": {"executed_lines": [], "summary": {"covered_lines": 0, "num_statements": 0, "percent_covered": 100.0, "percent_covered_display": "100", "missing_lines": 0, "excluded_lines": 0}, "missing_lines": [], "excluded_lines": []}, "": {"executed_lines": [], "summary": {"covered_lines": 0, "num_statements": 62, "percent_covered": 0.0, "percent_covered_display": "0", "missing_lines": 62, "excluded_lines": 0}, "missing_lines": [11, 12, 13, 15, 17, 20, 23, 30, 32, 39, 58, 59, 61, 64, 65, 66, 68, 69, 70, 73, 74, 75, 76, 78, 79, 80, 83, 97, 98, 99, 101, 102, 103, 104, 105, 108, 127, 128, 130, 133, 150, 151, 152, 154, 155, 156, 158, 159, 160, 161, 163, 164, 165, 166, 167, 168, 169, 171, 172, 174, 175, 177], "excluded_lines": []}}}, "src/storage/metadata_schema.py": {"executed_lines": [1, 8, 9, 10, 11, 14, 15, 16, 17, 18, 19, 22, 23, 24, 25, 26, 27, 28, 29, 32, 33, 34, 43, 44, 45, 46, 47, 50, 51, 52, 63, 64, 65, 66, 67, 68, 69, 72, 73, 74, 84, 85, 86, 87, 88, 89, 92, 93, 94, 102, 103, 104, 105, 108, 109, 110, 117, 118, 119, 122, 123, 124, 136, 137, 138, 139, 140, 143, 144, 145, 147, 207, 208, 270, 276, 277, 278, 290, 291, 292, 293, 294, 295, 296, 297, 299, 312, 313, 327, 340, 359, 389], "summary": {"covered_lines": 82, "num_statements": 123, "percent_covered": 66.66666666666667, "percent_covered_display": "67", "missing_lines": 41, "excluded_lines": 0}, "missing_lines": [149, 210, 213, 214, 223, 224, 235, 236, 246, 247, 255, 256, 263, 264, 265, 266, 268, 272, 273, 301, 315, 336, 337, 350, 351, 353, 354, 369, 371, 375, 377, 381, 385, 386, 399, 400, 404, 405, 409, 410, 414], "excluded_lines": [], "functions": {"DocumentStructure.to_dict": {"executed_lines": [], "summary": {"covered_lines": 0, "num_statements": 1, "percent_covered": 0.0, "percent_covered_display": "0", "missing_lines": 1, "excluded_lines": 0}, "missing_lines": [149], "excluded_lines": []}, "DocumentStructure.from_dict": {"executed_lines": [], "summary": {"covered_lines": 0, "num_statements": 16, "percent_covered": 0.0, "percent_covered_display": "0", "missing_lines": 16, "excluded_lines": 0}, "missing_lines": [210, 213, 214, 223, 224, 235, 236, 246, 247, 255, 256, 263, 264, 265, 266, 268], "excluded_lines": []}, "DocumentStructure.size_estimate_kb": {"executed_lines": [], "summary": {"covered_lines": 0, "num_statements": 2, "percent_covered": 0.0, "percent_covered_display": "0", "missing_lines": 2, "excluded_lines": 0}, "missing_lines": [272, 273], "excluded_lines": []}, "ChunkContext.to_dict": {"executed_lines": [], "summary": {"covered_lines": 0, "num_statements": 1, "percent_covered": 0.0, "percent_covered_display": "0", "missing_lines": 1, "excluded_lines": 0}, "missing_lines": [301], "excluded_lines": []}, "ChunkContext.from_dict": {"executed_lines": [], "summary": {"covered_lines": 0, "num_statements": 1, "percent_covered": 0.0, "percent_covered_display": "0", "missing_lines": 1, "excluded_lines": 0}, "missing_lines": [315], "excluded_lines": []}, "estimate_metadata_size": {"executed_lines": [], "summary": {"covered_lines": 0, "num_statements": 2, "percent_covered": 0.0, "percent_covered_display": "0", "missing_lines": 2, "excluded_lines": 0}, "missing_lines": [336, 337], "excluded_lines": []}, "validate_metadata_size": {"executed_lines": [], "summary": {"covered_lines": 0, "num_statements": 4, "percent_covered": 0.0, "percent_covered_display": "0", "missing_lines": 4, "excluded_lines": 0}, "missing_lines": [350, 351, 353, 354], "excluded_lines": []}, "validate_document_structure": {"executed_lines": [], "summary": {"covered_lines": 0, "num_statements": 7, "percent_covered": 0.0, "percent_covered_display": "0", "missing_lines": 7, "excluded_lines": 0}, "missing_lines": [369, 371, 375, 377, 381, 385, 386], "excluded_lines": []}, "validate_chunk_context": {"executed_lines": [], "summary": {"covered_lines": 0, "num_statements": 7, "percent_covered": 0.0, "percent_covered_display": "0", "missing_lines": 7, "excluded_lines": 0}, "missing_lines": [399, 400, 404, 405, 409, 410, 414], "excluded_lines": []}, "": {"executed_lines": [1, 8, 9, 10, 11, 14, 15, 16, 17, 18, 19, 22, 23, 24, 25, 26, 27, 28, 29, 32, 33, 34, 43, 44, 45, 46, 47, 50, 51, 52, 63, 64, 65, 66, 67, 68, 69, 72, 73, 74, 84, 85, 86, 87, 88, 89, 92, 93, 94, 102, 103, 104, 105, 108, 109, 110, 117, 118, 119, 122, 123, 124, 136, 137, 138, 139, 140, 143, 144, 145, 147, 207, 208, 270, 276, 277, 278, 290, 291, 292, 293, 294, 295, 296, 297, 299, 312, 313, 327, 340, 359, 389], "summary": {"covered_lines": 82, "num_statements": 82, "percent_covered": 100.0, "percent_covered_display": "100", "missing_lines": 0, "excluded_lines": 0}, "missing_lines": [], "excluded_lines": []}}, "classes": {"HeadingLevel": {"executed_lines": [], "summary": {"covered_lines": 0, "num_statements": 0, "percent_covered": 100.0, "percent_covered_display": "100", "missing_lines": 0, "excluded_lines": 0}, "missing_lines": [], "excluded_lines": []}, "PictureType": {"executed_lines": [], "summary": {"covered_lines": 0, "num_statements": 0, "percent_covered": 100.0, "percent_covered_display": "100", "missing_lines": 0, "excluded_lines": 0}, "missing_lines": [], "excluded_lines": []}, "HeadingInfo": {"executed_lines": [], "summary": {"covered_lines": 0, "num_statements": 0, "percent_covered": 100.0, "percent_covered_display": "100", "missing_lines": 0, "excluded_lines": 0}, "missing_lines": [], "excluded_lines": []}, "TableInfo": {"executed_lines": [], "summary": {"covered_lines": 0, "num_statements": 0, "percent_covered": 100.0, "percent_covered_display": "100", "missing_lines": 0, "excluded_lines": 0}, "missing_lines": [], "excluded_lines": []}, "PictureInfo": {"executed_lines": [], "summary": {"covered_lines": 0, "num_statements": 0, "percent_covered": 100.0, "percent_covered_display": "100", "missing_lines": 0, "excluded_lines": 0}, "missing_lines": [], "excluded_lines": []}, "CodeBlockInfo": {"executed_lines": [], "summary": {"covered_lines": 0, "num_statements": 0, "percent_covered": 100.0, "percent_covered_display": "100", "missing_lines": 0, "excluded_lines": 0}, "missing_lines": [], "excluded_lines": []}, "FormulaInfo": {"executed_lines": [], "summary": {"covered_lines": 0, "num_statements": 0, "percent_covered": 100.0, "percent_covered_display": "100", "missing_lines": 0, "excluded_lines": 0}, "missing_lines": [], "excluded_lines": []}, "DocumentStructure": {"executed_lines": [], "summary": {"covered_lines": 0, "num_statements": 19, "percent_covered": 0.0, "percent_covered_display": "0", "missing_lines": 19, "excluded_lines": 0}, "missing_lines": [149, 210, 213, 214, 223, 224, 235, 236, 246, 247, 255, 256, 263, 264, 265, 266, 268, 272, 273], "excluded_lines": []}, "ChunkContext": {"executed_lines": [], "summary": {"covered_lines": 0, "num_statements": 2, "percent_covered": 0.0, "percent_covered_display": "0", "missing_lines": 2, "excluded_lines": 0}, "missing_lines": [301, 315], "excluded_lines": []}, "": {"executed_lines": [1, 8, 9, 10, 11, 14, 15, 16, 17, 18, 19, 22, 23, 24, 25, 26, 27, 28, 29, 32, 33, 34, 43, 44, 45, 46, 47, 50, 51, 52, 63, 64, 65, 66, 67, 68, 69, 72, 73, 74, 84, 85, 86, 87, 88, 89, 92, 93, 94, 102, 103, 104, 105, 108, 109, 110, 117, 118, 119, 122, 123, 124, 136, 137, 138, 139, 140, 143, 144, 145, 147, 207, 208, 270, 276, 277, 278, 290, 291, 292, 293, 294, 295, 296, 297, 299, 312, 313, 327, 340, 359, 389], "summary": {"covered_lines": 82, "num_statements": 102, "percent_covered": 80.3921568627451, "percent_covered_display": "80", "missing_lines": 20, "excluded_lines": 0}, "missing_lines": [336, 337, 350, 351, 353, 354, 369, 371, 375, 377, 381, 385, 386, 399, 400, 404, 405, 409, 410, 414], "excluded_lines": []}}}, "src/storage/test_compression.py": {"executed_lines": [], "summary": {"covered_lines": 0, "num_statements": 133, "percent_covered": 0.0, "percent_covered_display": "0", "missing_lines": 133, "excluded_lines": 0}, "missing_lines": [7, 8, 9, 18, 21, 23, 24, 26, 27, 30, 32, 33, 34, 36, 38, 40, 41, 42, 44, 46, 48, 49, 50, 52, 54, 56, 58, 59, 60, 62, 64, 66, 68, 69, 70, 72, 74, 75, 77, 79, 80, 81, 83, 85, 87, 88, 90, 91, 93, 95, 97, 98, 100, 102, 104, 105, 107, 109, 111, 114, 116, 117, 119, 121, 123, 125, 126, 128, 131, 134, 137, 139, 140, 141, 143, 145, 147, 150, 151, 153, 154, 155, 157, 159, 161, 164, 180, 182, 183, 184, 187, 190, 193, 195, 196, 198, 200, 201, 202, 203, 204, 206, 207, 208, 209, 212, 215, 218, 219, 222, 223, 225, 228, 229, 232, 233, 235, 237, 238, 239, 241, 243, 245, 246, 247, 249, 251, 253, 262, 263, 265, 268, 269], "excluded_lines": [], "functions": {"TestMarkdownCompression.test_compress_markdown_basic": {"executed_lines": [], "summary": {"covered_lines": 0, "num_statements": 4, "percent_covered": 0.0, "percent_covered_display": "0", "missing_lines": 4, "excluded_lines": 0}, "missing_lines": [23, 24, 26, 27], "excluded_lines": []}, "TestMarkdownCompression.test_decompress_markdown_basic": {"executed_lines": [], "summary": {"covered_lines": 0, "num_statements": 4, "percent_covered": 0.0, "percent_covered_display": "0", "missing_lines": 4, "excluded_lines": 0}, "missing_lines": [32, 33, 34, 36], "excluded_lines": []}, "TestMarkdownCompression.test_round_trip_small": {"executed_lines": [], "summary": {"covered_lines": 0, "num_statements": 4, "percent_covered": 0.0, "percent_covered_display": "0", "missing_lines": 4, "excluded_lines": 0}, "missing_lines": [40, 41, 42, 44], "excluded_lines": []}, "TestMarkdownCompression.test_round_trip_1kb": {"executed_lines": [], "summary": {"covered_lines": 0, "num_statements": 5, "percent_covered": 0.0, "percent_covered_display": "0", "missing_lines": 5, "excluded_lines": 0}, "missing_lines": [48, 49, 50, 52, 54], "excluded_lines": []}, "TestMarkdownCompression.test_round_trip_100kb": {"executed_lines": [], "summary": {"covered_lines": 0, "num_statements": 5, "percent_covered": 0.0, "percent_covered_display": "0", "missing_lines": 5, "excluded_lines": 0}, "missing_lines": [58, 59, 60, 62, 64], "excluded_lines": []}, "TestMarkdownCompression.test_round_trip_1mb": {"executed_lines": [], "summary": {"covered_lines": 0, "num_statements": 6, "percent_covered": 0.0, "percent_covered_display": "0", "missing_lines": 6, "excluded_lines": 0}, "missing_lines": [68, 69, 70, 72, 74, 75], "excluded_lines": []}, "TestMarkdownCompression.test_unicode_and_emoji": {"executed_lines": [], "summary": {"covered_lines": 0, "num_statements": 4, "percent_covered": 0.0, "percent_covered_display": "0", "missing_lines": 4, "excluded_lines": 0}, "missing_lines": [79, 80, 81, 83], "excluded_lines": []}, "TestMarkdownCompression.test_empty_string": {"executed_lines": [], "summary": {"covered_lines": 0, "num_statements": 4, "percent_covered": 0.0, "percent_covered_display": "0", "missing_lines": 4, "excluded_lines": 0}, "missing_lines": [87, 88, 90, 91], "excluded_lines": []}, "TestMarkdownCompression.test_markdown_too_large": {"executed_lines": [], "summary": {"covered_lines": 0, "num_statements": 4, "percent_covered": 0.0, "percent_covered_display": "0", "missing_lines": 4, "excluded_lines": 0}, "missing_lines": [95, 97, 98, 100], "excluded_lines": []}, "TestMarkdownCompression.test_corrupted_base64": {"executed_lines": [], "summary": {"covered_lines": 0, "num_statements": 3, "percent_covered": 0.0, "percent_covered_display": "0", "missing_lines": 3, "excluded_lines": 0}, "missing_lines": [104, 105, 107], "excluded_lines": []}, "TestMarkdownCompression.test_corrupted_gzip": {"executed_lines": [], "summary": {"covered_lines": 0, "num_statements": 5, "percent_covered": 0.0, "percent_covered_display": "0", "missing_lines": 5, "excluded_lines": 0}, "missing_lines": [111, 114, 116, 117, 119], "excluded_lines": []}, "TestMarkdownCompression.test_deterministic_output": {"executed_lines": [], "summary": {"covered_lines": 0, "num_statements": 4, "percent_covered": 0.0, "percent_covered_display": "0", "missing_lines": 4, "excluded_lines": 0}, "missing_lines": [123, 125, 126, 128], "excluded_lines": []}, "TestMarkdownCompressionPerformance.test_compression_performance_1mb": {"executed_lines": [], "summary": {"covered_lines": 0, "num_statements": 6, "percent_covered": 0.0, "percent_covered_display": "0", "missing_lines": 6, "excluded_lines": 0}, "missing_lines": [137, 139, 140, 141, 143, 145], "excluded_lines": []}, "TestMarkdownCompressionPerformance.test_decompression_performance_1mb": {"executed_lines": [], "summary": {"covered_lines": 0, "num_statements": 7, "percent_covered": 0.0, "percent_covered_display": "0", "missing_lines": 7, "excluded_lines": 0}, "missing_lines": [150, 151, 153, 154, 155, 157, 159], "excluded_lines": []}, "TestMarkdownCompressionPerformance.test_compression_ratio": {"executed_lines": [], "summary": {"covered_lines": 0, "num_statements": 6, "percent_covered": 0.0, "percent_covered_display": "0", "missing_lines": 6, "excluded_lines": 0}, "missing_lines": [164, 180, 182, 183, 184, 187], "excluded_lines": []}, "TestExceptionHierarchy.test_compression_error_base": {"executed_lines": [], "summary": {"covered_lines": 0, "num_statements": 2, "percent_covered": 0.0, "percent_covered_display": "0", "missing_lines": 2, "excluded_lines": 0}, "missing_lines": [195, 196], "excluded_lines": []}, "TestExceptionHierarchy.test_can_catch_with_base_exception": {"executed_lines": [], "summary": {"covered_lines": 0, "num_statements": 9, "percent_covered": 0.0, "percent_covered_display": "0", "missing_lines": 9, "excluded_lines": 0}, "missing_lines": [200, 201, 202, 203, 204, 206, 207, 208, 209], "excluded_lines": []}, "TestEdgeCases.test_markdown_exactly_10mb": {"executed_lines": [], "summary": {"covered_lines": 0, "num_statements": 4, "percent_covered": 0.0, "percent_covered_display": "0", "missing_l
[...]
": [], "functions": {"": {"executed_lines": [], "summary": {"covered_lines": 0, "num_statements": 70, "percent_covered": 0.0, "percent_covered_display": "0", "missing_lines": 70, "excluded_lines": 0}, "missing_lines": [12, 13, 14, 15, 18, 20, 21, 23, 24, 25, 28, 29, 30, 31, 32, 35, 36, 42, 45, 46, 47, 49, 50, 52, 53, 56, 58, 69, 71, 83, 86, 88, 89, 91, 92, 95, 96, 97, 100, 102, 103, 105, 110, 115, 116, 118, 119, 121, 122, 125, 127, 128, 129, 131, 136, 137, 140, 141, 142, 143, 144, 146, 147, 148, 149, 150, 151, 152, 153, 154], "excluded_lines": []}}, "classes": {"": {"executed_lines": [], "summary": {"covered_lines": 0, "num_statements": 70, "percent_covered": 0.0, "percent_covered_display": "0", "missing_lines": 70, "excluded_lines": 0}, "missing_lines": [12, 13, 14, 15, 18, 20, 21, 23, 24, 25, 28, 29, 30, 31, 32, 35, 36, 42, 45, 46, 47, 49, 50, 52, 53, 56, 58, 69, 71, 83, 86, 88, 89, 91, 92, 95, 96, 97, 100, 102, 103, 105, 110, 115, 116, 118, 119, 121, 122, 125, 127, 128, 129, 131, 136, 137, 140, 141, 142, 143, 144, 146, 147, 148, 149, 150, 151, 152, 153, 154], "excluded_lines": []}}}, "src/storage/test_storage.py": {"executed_lines": [1, 16, 17, 18, 19, 21, 29, 30, 42, 43, 45, 46, 47, 48, 51, 52, 54, 55, 56, 57, 58, 64, 65, 68, 69, 71, 72, 73, 76, 77, 79, 86, 87, 89, 98, 99, 101, 108, 109, 111, 113, 116, 117, 120, 123, 125, 127, 128, 131, 133, 135, 136, 138, 139, 141, 143, 145, 146, 147, 148, 150, 151, 153, 156, 157, 158, 159, 166, 167, 169, 171, 172, 174, 175, 176, 178, 180, 182, 183, 185, 187, 189, 190, 191, 192, 194, 197, 204, 205, 207, 214, 215, 217, 224, 225, 227, 234, 235, 237, 244, 245, 247, 250, 251, 259, 260, 267, 270, 271, 277, 279, 286, 294, 295, 298, 299, 300, 301, 302, 303, 305, 307, 315, 316, 319, 320, 322, 329, 330, 332, 342, 343, 346, 347, 349, 357, 365, 366, 369, 370, 372, 380, 382, 391, 392, 395, 396, 403, 404, 406, 408, 411, 424, 426, 427, 428, 430, 432, 435, 442, 444, 445, 447, 449, 450, 452, 455, 456, 458, 460, 462, 469, 470, 477, 478, 480, 482, 483, 485, 493, 495, 497, 499, 504, 505, 507, 509, 514, 515, 522, 523, 525, 527, 530, 535, 539, 541, 546, 548, 549, 551, 553, 554, 561, 562, 564, 566, 567, 569, 577, 579, 589, 590, 592, 594, 596, 597, 599, 613, 628, 630, 634, 636, 638, 639, 643, 645, 646, 647, 649, 651, 653, 654, 656, 658, 660, 662, 679, 687, 689, 690, 694, 696, 699, 712, 718, 723, 728, 730, 733, 735, 738, 739, 745, 747, 748, 749, 750, 752, 754, 756, 757, 759, 762, 766, 768, 777, 778, 780, 788, 795, 798, 799, 811, 812, 814, 815, 818, 826, 827, 829, 838, 839, 842, 850, 858, 861, 865, 867, 868, 871], "summary": {"covered_lines": 281, "num_statements": 295, "percent_covered": 95.2542372881356, "percent_covered_display": "95", "missing_lines": 14, "excluded_lines": 0}, "missing_lines": [542, 543, 544, 580, 581, 582, 631, 632, 691, 692, 731, 769, 770, 872], "excluded_lines": [], "functions": {"mock_chroma_client": {"executed_lines": [45, 46, 47, 48], "summary": {"covered_lines": 4, "num_statements": 4, "percent_covered": 100.0, "percent_covered_display": "100", "missing_lines": 0, "excluded_lines": 0}, "missing_lines": [], "excluded_lines": []}, "mock_collection": {"executed_lines": [54, 55, 56, 57, 58, 64, 65], "summary": {"covered_lines": 7, "num_statements": 7, "percent_covered": 100.0, "percent_covered_display": "100", "missing_lines": 0, "excluded_lines": 0}, "missing_lines": [], "excluded_lines": []}, "chroma_client": {"executed_lines": [71, 72, 73], "summary": {"covered_lines": 3, "num_statements": 3, "percent_covered": 100.0, "percent_covered_display": "100", "missing_lines": 0, "excluded_lines": 0}, "missing_lines": [], "excluded_lines": []}, "sample_visual_metadata": {"executed_lines": [79], "summary": {"covered_lines": 1, "num_statements": 1, "percent_covered": 100.0, "percent_covered_display": "100", "missing_lines": 0, "excluded_lines": 0}, "missing_lines": [], "excluded_lines": []}, "sample_text_metadata": {"executed_lines": [89], "summary": {"covered_lines": 1, "num_statements": 1, "percent_covered": 100.0, "percent_covered_display": "100", "missing_lines": 0, "excluded_lines": 0}, "missing_lines": [], "excluded_lines": []}, "sample_embeddings": {"executed_lines": [101], "summary": {"covered_lines": 1, "num_statements": 1, "percent_covered": 100.0, "percent_covered_display": "100", "missing_lines": 0, "excluded_lines": 0}, "missing_lines": [], "excluded_lines": []}, "TestCompression.test_compress_decompress_roundtrip": {"executed_lines": [113, 116, 117, 120, 123], "summary": {"covered_lines": 5, "num_statements": 5, "percent_covered": 100.0, "percent_covered_display": "100", "missing_lines": 0, "excluded_lines": 0}, "missing_lines": [], "excluded_lines": []}, "TestCompression.test_compression_ratio": {"executed_lines": [127, 128, 131], "summary": {"covered_lines": 3, "num_statements": 3, "percent_covered": 100.0, "percent_covered_display": "100", "missing_lines": 0, "excluded_lines": 0}, "missing_lines": [], "excluded_lines": []}, "TestCompression.test_estimate_compressed_size": {"executed_lines": [135, 136, 138, 139], "summary": {"covered_lines": 4, "num_statements": 4, "percent_covered": 100.0, "percent_covered_display": "100", "missing_lines": 0, "excluded_lines": 0}, "missing_lines": [], "excluded_lines": []}, "TestCompression.test_compression_different_shapes": {"executed_lines": [143, 145, 146, 147, 148, 150, 151], "summary": {"covered_lines": 7, "num_statements": 7, "percent_covered": 100.0, "percent_covered_display": "100", "missing_lines": 0, "excluded_lines": 0}, "missing_lines": [], "excluded_lines": []}, "TestCompression.test_compression_edge_cases": {"executed_lines": [156, 157, 158, 159], "summary": {"covered_lines": 4, "num_statements": 4, "percent_covered": 100.0, "percent_covered_display": "100", "missing_lines": 0, "excluded_lines": 0}, "missing_lines": [], "excluded_lines": []}, "TestChromaClientInit.test_successful_connection": {"executed_lines": [171, 172, 174, 175, 176], "summary": {"covered_lines": 5, "num_statements": 5, "percent_covered": 100.0, "percent_covered_display": "100", "missing_lines": 0, "excluded_lines": 0}, "missing_lines": [], "excluded_lines": []}, "TestChromaClientInit.test_connection_failure": {"executed_lines": [180, 182, 183, 185], "summary": {"covered_lines": 4, "num_statements": 4, "percent_covered": 100.0, "percent_covered_display": "100", "missing_lines": 0, "excluded_lines": 0}, "missing_lines": [], "excluded_lines": []}, "TestChromaClientInit.test_collection_creation": {"executed_lines": [189, 190, 191, 192, 194, 197], "summary": {"covered_lines": 6, "num_statements": 6, "percent_covered": 100.0, "percent_covered_display": "100", "missing_lines": 0, "excluded_lines": 0}, "missing_lines": [], "excluded_lines": []}, "TestEmbeddingStorage.test_add_visual_embedding_success": {"executed_lines": [214, 215, 217, 224, 225], "summary": {"covered_lines": 5, "num_statements": 5, "percent_covered": 100.0, "percent_covered_display": "100", "missing_lines": 0, "excluded_lines": 0}, "missing_lines": [], "excluded_lines": []}, "TestEmbeddingStorage.test_add_text_embedding_success": {"executed_lines": [234, 235, 237, 244, 245], "summary": {"covered_lines": 5, "num_statements": 5, "percent_covered": 100.0, "percent_covered_display": "100", "missing_lines": 0, "excluded_lines": 0}, "missing_lines": [], "excluded_lines": []}, "TestEmbeddingStorage.test_invalid_embedding_shape": {"executed_lines": [250, 251, 259, 260], "summary": {"covered_lines": 4, "num_statements": 4, "percent_covered": 100.0, "percent_covered_display": "100", "missing_lines": 0, "excluded_lines": 0}, "missing_lines": [], "excluded_lines": []}, "TestEmbeddingStorage.test_missing_required_metadata": {"executed_lines": [270, 271, 277], "summary": {"covered_lines": 3, "num_statements": 3, "percent_covered": 100.0, "percent_covered_display": "100", "missing_lines": 0, "excluded_lines": 0}, "missing_lines": [], "excluded_lines": []}, "TestEmbeddingStorage.test_metadata_structure": {"executed_lines": [286, 294, 295, 298, 299, 300, 301, 302, 303], "summary": {"covered_lines": 9, "num_statements": 9, "percent_covered": 100.0, "percent_covered_display": "100", "missing_lines": 0, "excluded_lines": 0}, "missing_lines": [], "excluded_lines": []}, "TestEmbeddingStorage.test_cls_token_extraction": {"executed_lines": [307, 315, 316, 319, 320], "summary": {"covered_lines": 5, "num_statements": 5, "percent_covered": 100.0, "percent_covered_display": "100", "missing_lines": 0, "excluded_lines": 0}, "missing_lines": [], "excluded_lines": []}, "TestEmbeddingStorage.test_image_paths_stored_when_provided": {"executed_lines": [329, 330, 332, 342, 343, 346, 347], "summary": {"covered_lines": 7, "num_statements": 7, "percent_covered": 100.0, "percent_covered_display": "100", "missing_lines": 0, "excluded_lines": 0}, "missing_lines": [], "excluded_lines": []}, "TestEmbeddingStorage.test_image_paths_optional_backward_compatibility": {"executed_lines": [357, 365, 366, 369, 370], "summary": {"covered_lines": 5, "num_statements": 5, "percent_covered": 100.0, "percent_covered_display": "100", "missing_lines": 0, "excluded_lines": 0}, "missing_lines": [], "excluded_lines": []}, "TestEmbeddingStorage.test_image_paths_partial_provision": {"executed_lines": [380, 382, 391, 392, 395, 396], "summary": {"covered_lines": 6, "num_statements": 6, "percent_covered": 100.0, "percent_covered_display": "100", "missing_lines": 0, "excluded_lines": 0}, "missing_lines": [], "excluded_lines": []}, "TestSearch.test_visual_search_success": {"executed_lines": [408, 411, 424, 426, 427, 428], "summary": {"covered_lines": 6, "num_statements": 6, "percent_covered": 100.0, "percent_covered_display": "100", "missing_lines": 0, "excluded_lines": 0}, "missing_lines": [], "excluded_lines": []}, "TestSearch.test_text_search_success": {"executed_lines": [432, 435, 442, 444, 445], "summary": {"covered_lines": 5, "num_statements": 5, "percent_covered": 100.0, "percent_covered_display": "100", "missing_lines": 0, "excluded_lines": 0}, "missing_lines": [], "excluded_lines": []}, "TestSearch.test_search_with_filters": {"executed_lines": [449, 450, 452, 455, 456], "summary": {"covered_lines": 5, "num_statements": 5, "percent_covered": 100.0, "percent_covered_display": "100", "missing_lines": 0, "excluded_lines": 0}, "missing_lines": [], "excluded_lines": []}, "TestSearch.test_search_empty_results": {"executed_lines": [460, 462, 469, 470], "summary": {"covered_lines": 4, "num_statements": 4, "percent_covered": 100.0, "percent_covered_display": "100", "missing_lines": 0, "excluded_lines": 0}, "missing_lines": [], "excluded_lines": []}, "TestFullEmbeddingRetrieval.test_get_full_embeddings_success": {"executed_lines": [482, 483, 485, 493, 495], "summary": {"covered_lines": 5, "num_statements": 5, "percent_covered": 100.0, "percent_covered_display": "100", "missing_lines": 0, "excluded_lines": 0}, "missing_lines": [], "excluded_lines": []}, "TestFullEmbeddingRetrieval.test_get_full_embeddings_not_found": {"executed_lines": [499, 504, 505], "summary": {"covered_lines": 3, "num_statements": 3, "percent_covered": 100.0, "percent_covered_display": "100", "missing_lines": 0, "excluded_lines": 0}, "missing_lines": [], "excluded_lines": []}, "TestFullEmbeddingRetrieval.test_get_full_embeddings_corrupted_metadata": {"executed_lines": [509, 514, 515], "summary": {"covered_lines": 3, "num_statements": 3, "percent_covered": 100.0, "percent_covered_display": "100", "missing_lines": 0, "excluded_lines": 0}, "missing_lines": [], "excluded_lines": []}, "TestDocumentDeletion.test_delete_document_success": {"executed_lines": [527, 530, 535, 539, 541], "summary": {"covered_lines": 5, "num_statements": 8, "percent_covered": 62.5, "percent_covered_display": "62", "missing_lines": 3, "excluded_lines": 0}, "missing_lines": [542, 543, 544], "excluded_lines": []}, "TestDocumentDeletion.test_delete_nonexistent_document": {"executed_lines": [548, 549, 551, 553, 554], "summary": {"covered_lines": 5, "num_statements": 5, "percent_covered": 100.0, "percent_covered_display": "100", "missing_lines": 0, "excluded_lines": 0}, "missing_lines": [], "excluded_lines": []}, "TestCollectionStats.test_get_collection_stats": {"executed_lines": [566, 567, 569, 577, 579], "summary": {"covered_lines": 5, "num_statements": 8, "percent_covered": 62.5, "percent_covered_display": "62", "missing_lines": 3, "excluded_lines": 0}, "missing_lines": [580, 581, 582], "excluded_lines": []}, "TestCollectionManager.test_validate_collections": {"executed_lines": [594, 596, 597, 599, 613, 628, 630], "summary": {"covered_lines": 7, "num_statements": 9, "percent_covered": 77.77777777777777, "percent_covered_display": "78", "missing_lines": 2, "excluded_lines": 0}, "missing_lines": [631, 632], "excluded_lines": []}, "TestCollectionManager.test_reset_collection": {"executed_lines": [636, 638, 639, 643, 645, 646, 647], "summary": {"covered_lines": 7, "num_statements": 7, "percent_covered": 100.0, "percent_covered_display": "100", "missing_lines": 0, "excluded_lines": 0}, "missing_lines": [], "excluded_lines": []}, "TestCollectionManager.test_reset_requires_confirmation": {"executed_lines": [651, 653, 654, 656], "summary": {"covered_lines": 4, "num_statements": 4, "percent_covered": 100.0, "percent_covered_display": "100", "missing_lines": 0, "excluded_lines": 0}, "missing_lines": [], "excluded_lines": []}, "TestCollectionManager.test_get_document_list": {"executed_lines": [660, 662, 679, 687, 689, 690], "summary": {"covered_lines": 6, "num_statements": 8, "percent_covered": 75.0, "percent_covered_display": "75", "missing_lines": 2, "excluded_lines": 0}, "missing_lines": [691, 692], "excluded_lines": []}, "TestCollectionManager.test_get_orphaned_embeddings": {"executed_lines": [696, 699, 712, 718, 723, 728, 730], "summary": {"covered_lines": 7, "num_statements": 8, "percent_covered": 87.5, "percent_covered_display": "88", "missing_lines": 1, "excluded_lines": 0}, "missing_lines": [731], "excluded_lines": []}, "TestCollectionManager.test_cleanup_orphaned_embeddings": {"executed_lines": [735, 738, 739, 745, 747, 748, 749, 750], "summary": {"covered_lines": 8, "num_statements": 8, "percent_covered": 100.0, "percent_covered_display": "100", "missing_lines": 0, "excluded_lines": 0}, "missing_lines": [], "excluded_lines": []}, "TestCollectionManager.test_export_collection_metadata": {"executed_lines": [754, 756, 757, 759, 762, 766, 768], "summary": {"covered_lines": 7, "num_statements": 9, "percent_covered": 77.77777777777777, "percent_covered_display": "78", "missing_lines": 2, "excluded_lines": 0}, "missing_lines": [769, 770], "excluded_lines": []}, "TestIntegration.test_end_to_end_visual_workflow": {"executed_lines": [788, 795, 798, 799, 811, 812, 814, 815, 818, 826, 827], "summary": {"covered_lines": 11, "num_statements": 11, "percent_covered": 100.0, "percent_covered_display": "100", "missing_lines": 0, "excluded_lines": 0}, "missing_lines": [], "excluded_lines": []}, "TestIntegration.test_multi_document_storage_and_deletion": {"executed_lines": [838, 839, 842, 850, 858, 861, 865, 867, 868], "summary": {"covered_lines": 9, "num_statements": 9, "percent_covered": 100.0, "percent_covered_display": "100", "missing_lines": 0, "excluded_lines": 0}, "missing_lines": [], "excluded_lines": []}, "": {"executed_lines": [1, 16, 17, 18, 19, 21, 29, 30, 42, 43, 51, 52, 68, 69, 76, 77, 86, 87, 98, 99, 108, 109, 111, 125, 133, 141, 153, 166, 167, 169, 178, 187, 204, 205, 207, 227, 247, 267, 279, 305, 322, 349, 372, 403, 404, 406, 430, 447, 458, 477, 478, 480, 497, 507, 522, 523, 525, 546, 561, 562, 564, 589, 590, 592, 634, 649, 658, 694, 733, 752, 777, 778, 780, 829, 871], "summary": {"covered_lines": 65, "num_statements": 66, "percent_covered": 98.48484848484848, "percent_covered_display": "98", "missing_lines": 1, "excluded_lines": 0}, "missing_lines": [872], "excluded_lines": []}}, "classes": {"TestCompression": {"executed_lines": [113, 116, 117, 120, 123, 127, 128, 131, 135, 136, 138, 139, 143, 145, 146, 147, 148, 150, 151, 156, 157, 158, 159], "summary": {"covered_lines": 23, "num_statements": 23, "percent_covered": 100.0, "percent_covered_display": "100", "missing_lines": 0, "excluded_lines": 0}, "missing_lines": [], "excluded_lines": []}, "TestChromaClientInit": {"executed_lines": [171, 172, 174, 175, 176, 180, 182, 183, 185, 189, 190, 191, 192, 194, 197], "summary": {"covered_lines": 15, "num_statements": 15, "percent_covered": 100.0, "percent_covered_display": "100", "missing_lines": 0, "excluded_lines": 0}, "missing_lines": [], "excluded_lines": []}, "TestEmbeddingStorage": {"executed_lines": [214, 215, 217, 224, 225, 234, 235, 237, 244, 245, 250, 251, 259, 260, 270, 271, 277, 286, 294, 295, 298, 299, 300, 301, 302, 303, 307, 315, 316, 319, 320, 329, 330, 332, 342, 343, 346, 347, 357, 365, 366, 369, 370, 380, 382, 391, 392, 395, 396], "summary": {"covered_lines": 49, "num_statements": 49, "percent_covered": 100.0, "percent_covered_display": "100", "missing_lines": 0, "excluded_lines": 0}, "missing_lines": [], "excluded_lines": []}, "TestSearch": {"executed_lines": [408, 411, 424, 426, 427, 428, 432, 435, 442, 444, 445, 449, 450, 452, 455, 456, 460, 462, 469, 470], "summary": {"covered_lines": 20, "num_statements": 20, "percent_covered": 100.0, "percent_covered_display": "100", "missing_lines": 0, "excluded_lines": 0}, "missing_lines": [], "excluded_lines": []}, "TestFullEmbeddingRetrieval": {"executed_lines": [482, 483, 485, 493, 495, 499, 504, 505, 509, 514, 515], "summary": {"covered_lines": 11, "num_statements": 11, "percent_covered": 100.0, "percent_covered_display": "100", "missing_lines": 0, "excluded_lines": 0}, "missing_lines": [], "excluded_lines": []}, "TestDocumentDeletion": {"executed_lines": [527, 530, 535, 539, 541, 548, 549, 551, 553, 554], "summary": {"covered_lines": 10, "num_statements": 13, "percent_covered": 76.92307692307692, "percent_covered_display": "77", "missing_lines": 3, "excluded_lines": 0}, "missing_lines": [542, 543, 544], "excluded_lines": []}, "TestCollectionStats": {"executed_lines": [566, 567, 569, 577, 579], "summary": {"covered_lines": 5, "num_statements": 8, "percent_covered": 62.5, "percent_covered_display": "62", "missing_lines": 3, "excluded_lines": 0}, "missing_lines": [580, 581, 582], "excluded_lines": []}, "TestCollectionManager": {"executed_lines": [594, 596, 597, 599, 613, 628, 630, 636, 638, 639, 643, 645, 646, 647, 651, 653, 654, 656, 660, 662, 679, 687, 689, 690, 696, 699, 712, 718, 723, 728, 730, 735, 738, 739, 745, 747, 748, 749, 750, 754, 756, 757, 759, 762, 766, 768], "summary": {"covered_lines": 46, "num_statements": 53, "percent_covered": 86.79245283018868, "percent_covered_display": "87", "missing_lines": 7, "excluded_lines": 0}, "missing_lines": [631, 632, 691, 692, 731, 769, 770], "excluded_lines": []}, "TestIntegration": {"executed_lines": [788, 795, 798, 799, 811, 812, 814, 815, 818, 826, 827, 838, 839, 842, 850, 858, 861, 865, 867, 868], "summary": {"covered_lines": 20, "num_statements": 20, "percent_covered": 100.0, "percent_covered_display": "100", "missing_lines": 0, "excluded_lines": 0}, "missing_lines": [], "excluded_lines": []}, "": {"executed_lines": [1, 16, 17, 18, 19, 21, 29, 30, 42, 43, 45, 46, 47, 48, 51, 52, 54, 55, 56, 57, 58, 64, 65, 68, 69, 71, 72, 73, 76, 77, 79, 86, 87, 89, 98, 99, 101, 108, 109, 111, 125, 133, 141, 153, 166, 167, 169, 178, 187, 204, 205, 207, 227, 247, 267, 279, 305, 322, 349, 372, 403, 404, 406, 430, 447, 458, 477, 478, 480, 497, 507, 522, 523, 525, 546, 561, 562, 564, 589, 590, 592, 634, 649, 658, 694, 733, 752, 777, 778, 780, 829, 871], "summary": {"covered_lines": 82, "num_statements": 83, "percent_covered": 98.79518072289157, "percent_covered_display": "99", "missing_lines": 1, "excluded_lines": 0}, "missing_lines": [872], "excluded_lines": []}}}}, "totals": {"covered_lines": 1290, "num_statements": 2097, "percent_covered": 61.516452074391985, "percent_covered_display": "62", "missing_lines": 807, "excluded_lines": 1}}