{"meta": {"format": 3, "version": "7.10.7", "timestamp": "2025-10-26T00:34:11.919122", "branch_coverage": false, "show_contexts": false}, "files": {"src/api/__init__.py": {"executed_lines": [1, 10, 11, 13], "summary": {"covered_lines": 3, "num_statements": 3, "percent_covered": 100.0, "percent_covered_display": "100", "missing_lines": 0, "excluded_lines": 0}, "missing_lines": [], "excluded_lines": [], "functions": {"": {"executed_lines": [1, 10, 11, 13], "summary": {"covered_lines": 3, "num_statements": 3, "percent_covered": 100.0, "percent_covered_display": "100", "missing_lines": 0, "excluded_lines": 0}, "missing_lines": [], "excluded_lines": []}}, "classes": {"": {"executed_lines": [1, 10, 11, 13], "summary": {"covered_lines": 3, "num_statements": 3, "percent_covered": 100.0, "percent_covered_display": "100", "missing_lines": 0, "excluded_lines": 0}, "missing_lines": [], "excluded_lines": []}}}, "src/api/models.py": {"executed_lines": [1, 7, 8, 10, 17, 18, 20, 21, 22, 26, 30, 31, 41, 42, 44, 45, 46, 47, 48, 49, 51, 52, 64, 65, 67, 68, 69, 70, 71, 73, 74, 90, 91, 93, 94, 95, 96, 97, 98, 100, 101, 113, 114, 116, 117, 120, 121, 122, 123, 124, 125, 127, 128, 147, 148, 150, 151, 152, 153, 155, 156, 166, 167, 169, 170, 171, 172, 174, 175, 185, 186, 188, 191, 192, 193, 195, 196, 206, 207, 209, 210, 211, 213, 214, 224, 225, 227, 228, 229, 231, 232], "summary": {"covered_lines": 80, "num_statements": 80, "percent_covered": 100.0, "percent_covered_display": "100", "missing_lines": 0, "excluded_lines": 0}, "missing_lines": [], "excluded_lines": [], "functions": {"": {"executed_lines": [1, 7, 8, 10, 17, 18, 20, 21, 22, 26, 30, 31, 41, 42, 44, 45, 46, 47, 48, 49, 51, 52, 64, 65, 67, 68, 69, 70, 71, 73, 74, 90, 91, 93, 94, 95, 96, 97, 98, 100, 101, 113, 114, 116, 117, 120, 121, 122, 123, 124, 125, 127, 128, 147, 148, 150, 151, 152, 153, 155, 156, 166, 167, 169, 170, 171, 172, 174, 175, 185, 186, 188, 191, 192, 193, 195, 196, 206, 207, 209, 210, 211, 213, 214, 224, 225, 227, 228, 229, 231, 232], "summary": {"covered_lines": 80, "num_statements": 80, "percent_covered": 100.0, "percent_covered_display": "100", "missing_lines": 0, "excluded_lines": 0}, "missing_lines": [], "excluded_lines": []}}, "classes": {"SearchRequest": {"executed_lines": [], "summary": {"covered_lines": 0, "num_statements": 0, "percent_covered": 100.0, "percent_covered_display": "100", "missing_lines": 0, "excluded_lines": 0}, "missing_lines": [], "excluded_lines": []}, "SearchRequest.Config": {"executed_lines": [], "summary": {"covered_lines": 0, "num_statements": 0, "percent_covered": 100.0, "percent_covered_display": "100", "missing_lines": 0, "excluded_lines": 0}, "missing_lines": [], "excluded_lines": []}, "SearchResult": {"executed_lines": [], "summary": {"covered_lines": 0, "num_statements": 0, "percent_covered": 100.0, "percent_covered_display": "100", "missing_lines": 0, "excluded_lines": 0}, "missing_lines": [], "excluded_lines": []}, "SearchResult.Config": {"executed_lines": [], "summary": {"covered_lines": 0, "num_statements": 0, "percent_covered": 100.0, "percent_covered_display": "100", "missing_lines": 0, "excluded_lines": 0}, "missing_lines": [], "excluded_lines": []}, "SearchResponse": {"executed_lines": [], "summary": {"covered_lines": 0, "num_statements": 0, "percent_covered": 100.0, "percent_covered_display": "100", "missing_lines": 0, "excluded_lines": 0}, "missing_lines": [], "excluded_lines": []}, "SearchResponse.Config": {"executed_lines": [], "summary": {"covered_lines": 0, "num_statements": 0, "percent_covered": 100.0, "percent_covered_display": "100", "missing_lines": 0, "excluded_lines": 0}, "missing_lines": [], "excluded_lines": []}, "UploadResponse": {"executed_lines": [], "summary": {"covered_lines": 0, "num_statements": 0, "percent_covered": 100.0, "percent_covered_display": "100", "missing_lines": 0, "excluded_lines": 0}, "missing_lines": [], "excluded_lines": []}, "UploadResponse.Config": {"executed_lines": [], "summary": {"covered_lines": 0, "num_statements": 0, "percent_covered": 100.0, "percent_covered_display": "100", "missing_lines": 0, "excluded_lines": 0}, "missing_lines": [], "excluded_lines": []}, "ProcessingStatus": {"executed_lines": [], "summary": {"covered_lines": 0, "num_statements": 0, "percent_covered": 100.0, "percent_covered_display": "100", "missing_lines": 0, "excluded_lines": 0}, "missing_lines": [], "excluded_lines": []}, "ProcessingStatus.Config": {"executed_lines": [], "summary": {"covered_lines": 0, "num_statements": 0, "percent_covered": 100.0, "percent_covered_display": "100", "missing_lines": 0, "excluded_lines": 0}, "missing_lines": [], "excluded_lines": []}, "ComponentHealth": {"executed_lines": [], "summary": {"covered_lines": 0, "num_statements": 0, "percent_covered": 100.0, "percent_covered_display": "100", "missing_lines": 0, "excluded_lines": 0}, "missing_lines": [], "excluded_lines": []}, "ComponentHealth.Config": {"executed_lines": [], "summary": {"covered_lines": 0, "num_statements": 0, "percent_covered": 100.0, "percent_covered_display": "100", "missing_lines": 0, "excluded_lines": 0}, "missing_lines": [], "excluded_lines": []}, "SystemStats": {"executed_lines": [], "summary": {"covered_lines": 0, "num_statements": 0, "percent_covered": 100.0, "percent_covered_display": "100", "missing_lines": 0, "excluded_lines": 0}, "missing_lines": [], "excluded_lines": []}, "SystemStats.Config": {"executed_lines": [], "summary": {"covered_lines": 0, "num_statements": 0, "percent_covered": 100.0, "percent_covered_display": "100", "missing_lines": 0, "excluded_lines": 0}, "missing_lines": [], "excluded_lines": []}, "StatusResponse": {"executed_lines": [], "summary": {"covered_lines": 0, "num_statements": 0, "percent_covered": 100.0, "percent_covered_display": "100", "missing_lines": 0, "excluded_lines": 0}, "missing_lines": [], "excluded_lines": []}, "StatusResponse.Config": {"executed_lines": [], "summary": {"covered_lines": 0, "num_statements": 0, "percent_covered": 100.0, "percent_covered_display": "100", "missing_lines": 0, "excluded_lines": 0}, "missing_lines": [], "excluded_lines": []}, "HealthResponse": {"executed_lines": [], "summary": {"covered_lines": 0, "num_statements": 0, "percent_covered": 100.0, "percent_covered_display": "100", "missing_lines": 0, "excluded_lines": 0}, "missing_lines": [], "excluded_lines": []}, "HealthResponse.Config": {"executed_lines": [], "summary": {"covered_lines": 0, "num_statements": 0, "percent_covered": 100.0, "percent_covered_display": "100", "missing_lines": 0, "excluded_lines": 0}, "missing_lines": [], "excluded_lines": []}, "ErrorResponse": {"executed_lines": [], "summary": {"covered_lines": 0, "num_statements": 0, "percent_covered": 100.0, "percent_covered_display": "100", "missing_lines": 0, "excluded_lines": 0}, "missing_lines": [], "excluded_lines": []}, "ErrorResponse.Config": {"executed_lines": [], "summary": {"covered_lines": 0, "num_statements": 0, "percent_covered": 100.0, "percent_covered_display": "100", "missing_lines": 0, "excluded_lines": 0}, "missing_lines": [], "excluded_lines": []}, "": {"executed_lines": [1, 7, 8, 10, 17, 18, 20, 21, 22, 26, 30, 31, 41, 42, 44, 45, 46, 47, 48, 49, 51, 52, 64, 65, 67, 68, 69, 70, 71, 73, 74, 90, 91, 93, 94, 95, 96, 97, 98, 100, 101, 113, 114, 116, 117, 120, 121, 122, 123, 124, 125, 127, 128, 147, 148, 150, 151, 152, 153, 155, 156, 166, 167, 169, 170, 171, 172, 174, 175, 185, 186, 188, 191, 192, 193, 195, 196, 206, 207, 209, 210, 211, 213, 214, 224, 225, 227, 228, 229, 231, 232], "summary": {"covered_lines": 80, "num_statements": 80, "percent_covered": 100.0, "percent_covered_display": "100", "missing_lines": 0, "excluded_lines": 0}, "missing_lines": [], "excluded_lines": []}}}, "src/api/research.py": {"executed_lines": [1, 8, 9, 10, 11, 12, 14, 15, 16, 17, 18, 20, 21, 22, 23, 32, 33, 34, 36, 40, 41, 43, 44, 47, 50, 51, 56, 57, 59, 60, 61, 62, 65, 66, 68, 69, 72, 73, 75, 76, 77, 78, 79, 80, 81, 82, 83, 86, 87, 89, 90, 91, 92, 93, 94, 95, 96, 98, 99, 100, 102, 103, 104, 105, 106, 108, 109, 110, 111, 112, 113, 114, 116, 117, 118, 119, 122, 123, 125, 126, 127, 128, 129, 132, 133, 135, 136, 137, 140, 141, 143, 144, 145, 148, 149, 151, 152, 153, 154, 157, 158, 160, 161, 164, 165, 167, 168, 169, 172, 175, 176, 178, 179, 183, 184, 264, 272, 288, 289, 653, 654, 754, 755, 811, 812, 873, 874], "summary": {"covered_lines": 114, "num_statements": 280, "percent_covered": 40.714285714285715, "percent_covered_display": "41", "missing_lines": 166, "excluded_lines": 0}, "missing_lines": [186, 189, 190, 192, 195, 200, 205, 213, 224, 225, 226, 227, 228, 229, 231, 232, 233, 235, 238, 239, 240, 241, 245, 246, 247, 248, 250, 253, 255, 257, 260, 307, 309, 310, 318, 319, 325, 327, 336, 337, 343, 344, 345, 346, 347, 348, 349, 350, 351, 353, 354, 355, 356, 359, 362, 363, 365, 366, 367, 372, 373, 390, 395, 396, 397, 400, 403, 404, 415, 420, 422, 423, 424, 429, 432, 436, 437, 440, 444, 446, 449, 452, 453, 457, 469, 471, 472, 473, 474, 477, 478, 481, 484, 485, 486, 487, 488, 490, 491, 493, 495, 497, 506, 507, 508, 511, 514, 516, 524, 526, 536, 541, 542, 545, 547, 549, 555, 614, 615, 616, 617, 618, 622, 623, 624, 628, 629, 630, 634, 635, 636, 640, 641, 642, 645, 646, 647, 676, 678, 680, 681, 686, 695, 697, 699, 706, 713, 715, 727, 739, 740, 741, 746, 747, 748, 775, 777, 780, 783, 785, 789, 798, 799, 800, 835, 876], "excluded_lines": [], "functions": {"lifespan": {"executed_lines": [], "summary": {"covered_lines": 0, "num_statements": 31, "percent_covered": 0.0, "percent_covered_display": "0", "missing_lines": 31, "excluded_lines": 0}, "missing_lines": [186, 189, 190, 192, 195, 200, 205, 213, 224, 225, 226, 227, 228, 229, 231, 232, 233, 235, 238, 239, 240, 241, 245, 246, 247, 248, 250, 253, 255, 257, 260], "excluded_lines": []}, "ask_research_question": {"executed_lines": [], "summary": {"covered_lines": 0, "num_statements": 106, "percent_covered": 0.0, "percent_covered_display": "0", "missing_lines": 106, "excluded_lines": 0}, "missing_lines": [307, 309, 310, 318, 319, 325, 327, 336, 337, 343, 344, 345, 346, 347, 348, 349, 350, 351, 353, 354, 355, 356, 359, 362, 363, 365, 366, 367, 372, 373, 390, 395, 396, 397, 400, 403, 404, 415, 420, 422, 423, 424, 429, 432, 436, 437, 440, 444, 446, 449, 452, 453, 457, 469, 471, 472, 473, 474, 477, 478, 481, 484, 485, 486, 487, 488, 490, 491, 493, 495, 497, 506, 507, 508, 511, 514, 516, 524, 526, 536, 541, 542, 545, 547, 549, 555, 614, 615, 616, 617, 618, 622, 623, 624, 628, 629, 630, 634, 635, 636, 640, 641, 642, 645, 646, 647], "excluded_lines": []}, "local_inference": {"executed_lines": [], "summary": {"covered_lines": 0, "num_statements": 18, "percent_covered": 0.0, "percent_covered_display": "0", "missing_lines": 18, "excluded_lines": 0}, "missing_lines": [676, 678, 680, 681, 686, 695, 697, 699, 706, 713, 715, 727, 739, 740, 741, 746, 747, 748], "excluded_lines": []}, "health_check": {"executed_lines": [], "summary": {"covered_lines": 0, "num_statements": 9, "percent_covered": 0.0, "percent_covered_display": "0", "missing_lines": 9, "excluded_lines": 0}, "missing_lines": [775, 777, 780, 783, 785, 789, 798, 799, 800], "excluded_lines": []}, "list_models": {"executed_lines": [], "summary": {"covered_lines": 0, "num_statements": 1, "percent_covered": 0.0, "percent_covered_display": "0", "missing_lines": 1, "excluded_lines": 0}, "missing_lines": [835], "excluded_lines": []}, "http_exception_handler": {"executed_lines": [], "summary": {"covered_lines": 0, "num_statements": 1, "percent_covered": 0.0, "percent_covered_display": "0", "missing_lines": 1, "excluded_lines": 0}, "missing_lines": [876], "excluded_lines": []}, "": {"executed_lines": [1, 8, 9, 10, 11, 12, 14, 15, 16, 17, 18, 20, 21, 22, 23, 32, 33, 34, 36, 40, 41, 43, 44, 47, 50, 51, 56, 57, 59, 60, 61, 62, 65, 66, 68, 69, 72, 73, 75, 76, 77, 78, 79, 80, 81, 82, 83, 86, 87, 89, 90, 91, 92, 93, 94, 95, 96, 98, 99, 100, 102, 103, 104, 105, 106, 108, 109, 110, 111, 112, 113, 114, 116, 117, 118, 119, 122, 123, 125, 126, 127, 128, 129, 132, 133, 135, 136, 137, 140, 141, 143, 144, 145, 148, 149, 151, 152, 153, 154, 157, 158, 160, 161, 164, 165, 167, 168, 169, 172, 175, 176, 178, 179, 183, 184, 264, 272, 288, 289, 653, 654, 754, 755, 811, 812, 873, 874], "summary": {"covered_lines": 114, "num_statements": 114, "percent_covered": 100.0, "percent_covered_display": "100", "missing_lines": 0, "excluded_lines": 0}, "missing_lines": [], "excluded_lines": []}}, "classes": {"ResearchRequest": {"executed_lines": [], "summary": {"covered_lines": 0, "num_statements": 0, "percent_covered": 100.0, "percent_covered_display": "100", "missing_lines": 0, "excluded_lines": 0}, "missing_lines": [], "excluded_lines": []}, "CitationInfo": {"executed_lines": [], "summary": {"covered_lines": 0, "num_statements": 0, "percent_covered": 100.0, "percent_covered_display": "100", "missing_lines": 0, "excluded_lines": 0}, "missing_lines": [], "excluded_lines": []}, "SentenceInfo": {"executed_lines": [], "summary": {"covered_lines": 0, "num_statements": 0, "percent_covered": 100.0, "percent_covered_display": "100", "missing_lines": 0, "excluded_lines": 0}, "missing_lines": [], "excluded_lines": []}, "SourceInfo": {"executed_lines": [], "summary": {"covered_lines": 0, "num_statements": 0, "percent_covered": 100.0, "percent_covered_display": "100", "missing_lines": 0, "excluded_lines": 0}, "missing_lines": [], "excluded_lines": []}, "ResearchMetadata": {"executed_lines": [], "summary": {"covered_lines": 0, "num_statements": 0, "percent_covered": 100.0, "percent_covered_display": "100", "missing_lines": 0, "excluded_lines": 0}, "missing_lines": [], "excluded_lines": []}, "ResearchResponse": {"executed_lines": [], "summary": {"covered_lines": 0, "num_statements": 0, "percent_covered": 100.0, "percent_covered_display": "100", "missing_lines": 0, "excluded_lines": 0}, "missing_lines": [], "excluded_lines": []}, "ErrorResponse": {"executed_lines": [], "summary": {"covered_lines": 0, "num_statements": 0, "percent_covered": 100.0, "percent_covered_display": "100", "missing_lines": 0, "excluded_lines": 0}, "missing_lines": [], "excluded_lines": []}, "HealthResponse": {"executed_lines": [], "summary": {"covered_lines": 0, "num_statements": 0, "percent_covered": 100.0, "percent_covered_display": "100", "missing_lines": 0, "excluded_lines": 0}, "missing_lines": [], "excluded_lines": []}, "ModelInfo": {"executed_lines": [], "summary": {"covered_lines": 0, "num_statements": 0, "percent_covered": 100.0, "percent_covered_display": "100", "missing_lines": 0, "excluded_lines": 0}, "missing_lines": [], "excluded_lines": []}, "ModelsResponse": {"executed_lines": [], "summary": {"covered_lines": 0, "num_statements": 0, "percent_covered": 100.0, "percent_covered_display": "100", "missing_lines": 0, "excluded_lines": 0}, "missing_lines": [], "excluded_lines": []}, "LocalInferenceRequest": {"executed_lines": [], "summary": {"covered_lines": 0, "num_statements": 0, "percent_covered": 100.0, "percent_covered_display": "100", "missing_lines": 0, "excluded_lines": 0}, "missing_lines": [], "excluded_lines": []}, "LocalInferenceResponse": {"executed_lines": [], "summary": {"covered_lines": 0, "num_statements": 0, "percent_covered": 100.0, "percent_covered_display": "100", "missing_lines": 0, "excluded_lines": 0}, "missing_lines": [], "excluded_lines": []}, "": {"executed_lines": [1, 8, 9, 10, 11, 12, 14, 15, 16, 17, 18, 20, 21, 22, 23, 32, 33, 34, 36, 40, 41, 43, 44, 47, 50, 51, 56, 57, 59, 60, 61, 62, 65, 66, 68, 69, 72, 73, 75, 76, 77, 78, 79, 80, 81, 82, 83, 86, 87, 89, 90, 91, 92, 93, 94, 95, 96, 98, 99, 100, 102, 103, 104, 105, 106, 108, 109, 110, 111, 112, 113, 114, 116, 117, 118, 119, 122, 123, 125, 126, 127, 128, 129, 132, 133, 135, 136, 137, 140, 141, 143, 144, 145, 148, 149, 151, 152, 153, 154, 157, 158, 160, 161, 164, 165, 167, 168, 169, 172, 175, 176, 178, 179, 183, 184, 264, 272, 288, 289, 653, 654, 754, 755, 811, 812, 873, 874], "summary": {"covered_lines": 114, "num_statements": 280, "percent_covered": 40.714285714285715, "percent_covered_display": "41", "missing_lines": 166, "excluded_lines": 0}, "missing_lines": [186, 189, 190, 192, 195, 200, 205, 213, 224, 225, 226, 227, 228, 229, 231, 232, 233, 235, 238, 239, 240, 241, 245, 246, 247, 248, 250, 253, 255, 257, 260, 307, 309, 310, 318, 319, 325, 327, 336, 337, 343, 344, 345, 346, 347, 348, 349, 350, 351, 353, 354, 355, 356, 359, 362, 363, 365, 366, 367, 372, 373, 390, 395, 396, 397, 400, 403, 404, 415, 420, 422, 423, 424, 429, 432, 436, 437, 440, 444, 446, 449, 452, 453, 457, 469, 471, 472, 473, 474, 477, 478, 481, 484, 485, 486, 487, 488, 490, 491, 493, 495, 497, 506, 507, 508, 511, 514, 516, 524, 526, 536, 541, 542, 545, 547, 549, 555, 614, 615, 616, 617, 618, 622, 623, 624, 628, 629, 630, 634, 635, 636, 640, 641, 642, 645, 646, 647, 676, 678, 680, 681, 686, 695, 697, 699, 706, 713, 715, 727, 739, 740, 741, 746, 747, 748, 775, 777, 780, 783, 785, 789, 798, 799, 800, 835, 876], "excluded_lines": []}}}, "src/api/server.py": {"executed_lines": [1, 7, 8, 9, 10, 11, 13, 14, 15, 18, 19, 20, 21, 22, 34, 40, 41, 42, 60, 74, 92, 101, 104, 113, 114, 150, 151, 155, 159, 167, 173, 178, 184, 266, 272, 327, 333, 348, 354, 411, 417, 442, 445, 459, 471], "summary": {"covered_lines": 43, "num_statements": 141, "percent_covered": 30.49645390070922, "percent_covered_display": "30", "missing_lines": 98, "excluded_lines": 2}, "missing_lines": [116, 117, 119, 121, 122, 123, 126, 127, 128, 131, 135, 138, 142, 144, 146, 147, 148, 153, 175, 186, 189, 190, 196, 205, 206, 207, 209, 210, 211, 213, 214, 215, 216, 217, 218, 220, 230, 231, 232, 234, 235, 237, 238, 240, 241, 242, 245, 246, 247, 248, 249, 252, 253, 254, 256, 280, 281, 283, 284, 287, 294, 297, 298, 299, 311, 312, 314, 322, 323, 324, 339, 340, 361, 363, 364, 366, 367, 373, 374, 377, 379, 382, 383, 385, 386, 388, 390, 399, 400, 401, 402, 403, 426, 447, 448, 450, 451, 468], "excluded_lines": [471, 472], "functions": {"create_app": {"executed_lines": [92, 101, 104, 113, 114, 150, 151, 155], "summary": {"covered_lines": 8, "num_statements": 8, "percent_covered": 100.0, "percent_covered_display": "100", "missing_lines": 0, "excluded_lines": 0}, "missing_lines": [], "excluded_lines": []}, "create_app.startup_event": {"executed_lines": [], "summary": {"covered_lines": 0, "num_statements": 17, "percent_covered": 0.0, "percent_covered_display": "0", "missing_lines": 17, "excluded_lines": 0}, "missing_lines": [116, 117, 119, 121, 122, 123, 126, 127, 128, 131, 135, 138, 142, 144, 146, 147, 148], "excluded_lines": []}, "create_app.shutdown_event": {"executed_lines": [], "summary": {"covered_lines": 0, "num_statements": 1, "percent_covered": 0.0, "percent_covered_display": "0", "missing_lines": 1, "excluded_lines": 0}, "missing_lines": [153], "excluded_lines": []}, "health_check": {"executed_lines": [], "summary": {"covered_lines": 0, "num_statements": 1, "percent_covered": 0.0, "percent_covered_display": "0", "missing_lines": 1, "excluded_lines": 0}, "missing_lines": [175], "excluded_lines": []}, "get_status": {"executed_lines": [], "summary": {"covered_lines": 0, "num_statements": 36, "percent_covered": 0.0, "percent_covered_display": "0", "missing_lines": 36, "excluded_lines": 0}, "missing_lines": [186, 189, 190, 196, 205, 206, 207, 209, 210, 211, 213, 214, 215, 216, 217, 218, 220, 230, 231, 232, 234, 235, 237, 238, 240, 241, 242, 245, 246, 247, 248, 249, 252, 253, 254, 256], "excluded_lines": []}, "search_documents": {"executed_lines": [], "summary": {"covered_lines": 0, "num_statements": 15, "percent_covered": 0.0, "percent_covered_display": "0", "missing_lines": 15, "excluded_lines": 0}, "missing_lines": [280, 281, 283, 284, 287, 294, 297, 298, 299, 311, 312, 314, 322, 323, 324], "excluded_lines": []}, "search_documents_get": {"executed_lines": [], "summary": {"covered_lines": 0, "num_statements": 2, "percent_covered": 0.0, "percent_covered_display": "0", "missing_lines": 2, "excluded_lines": 0}, "missing_lines": [339, 340], "excluded_lines": []}, "upload_document": {"executed_lines": [], "summary": {"covered_lines": 0, "num_statements": 20, "percent_covered": 0.0, "percent_covered_display": "0", "missing_lines": 20, "excluded_lines": 0}, "missing_lines": [361, 363, 364, 366, 367, 373, 374, 377, 379, 382, 383, 385, 386, 388, 390, 399, 400, 401, 402, 403], "excluded_lines": []}, "get_processing_status": {"executed_lines": [], "summary": {"covered_lines": 0, "num_statements": 1, "percent_covered": 0.0, "percent_covered_display": "0", "missing_lines": 1, "excluded_lines": 0}, "missing_lines": [426], "excluded_lines": []}, "get_search_stats": {"executed_lines": [], "summary": {"covered_lines": 0, "num_statements": 4, "percent_covered": 0.0, "percent_covered_display": "0", "missing_lines": 4, "excluded_lines": 0}, "missing_lines": [447, 448, 450, 451], "excluded_lines": []}, "main": {"executed_lines": [], "summary": {"covered_lines": 0, "num_statements": 1, "percent_covered": 0.0, "percent_covered_display": "0", "missing_lines": 1, "excluded_lines": 0}, "missing_lines": [468], "excluded_lines": []}, "": {"executed_lines": [1, 7, 8, 9, 10, 11, 13, 14, 15, 18, 19, 20, 21, 22, 34, 40, 41, 42, 60, 74, 159, 167, 173, 178, 184, 266, 272, 327, 333, 348, 354, 411, 417, 442, 445, 459, 471], "summary": {"covered_lines": 35, "num_statements": 35, "percent_covered": 100.0, "percent_covered_display": "100", "missing_lines": 0, "excluded_lines": 2}, "missing_lines": [], "excluded_lines": [471, 472]}}, "classes": {"": {"executed_lines": [1, 7, 8, 9, 10, 11, 13, 14, 15, 18, 19, 20, 21, 22, 34, 40, 41, 42, 60, 74, 92, 101, 104, 113, 114, 150, 151, 155, 159, 167, 173, 178, 184, 266, 272, 327, 333, 348, 354, 411, 417, 442, 445, 459, 471], "summary": {"covered_lines": 43, "num_statements": 141, "percent_covered": 30.49645390070922, "percent_covered_display": "30", "missing_lines": 98, "excluded_lines": 2}, "missing_lines": [116, 117, 119, 121, 122, 123, 126, 127, 128, 131, 135, 138, 142, 144, 146, 147, 148, 153, 175, 186, 189, 190, 196, 205, 206, 207, 209, 210, 211, 213, 214, 215, 216, 217, 218, 220, 230, 231, 232, 234, 235, 237, 238, 240, 241, 242, 245, 246, 247, 248, 249, 252, 253, 254, 256, 280, 281, 283, 284, 287, 294, 297, 298, 299, 311, 312, 314, 322, 323, 324, 339, 340, 361, 363, 364, 366, 367, 373, 374, 377, 379, 382, 383, 385, 386, 388, 390, 399, 400, 401, 402, 403, 426, 447, 448, 450, 451, 468], "excluded_lines": [471, 472]}}}, "src/config/__init__.py": {"executed_lines": [1, 10, 11, 12, 14], "summary": {"covered_lines": 4, "num_statements": 4, "percent_covered": 100.0, "percent_covered_display": "100", "missing_lines": 0, "excluded_lines": 0}, "missing_lines": [], "excluded_lines": [], "functions": {"": {"executed_lines": [1, 10, 11, 12, 14], "summary": {"covered_lines": 4, "num_statements": 4, "percent_covered": 100.0, "percent_covered_display": "100", "missing_lines": 0, "excluded_lines": 0}, "missing_lines": [], "excluded_lines": []}}, "classes": {"": {"executed_lines": [1, 10, 11, 12, 14], "summary": {"covered_lines": 4, "num_statements": 4, "percent_covered": 100.0, "percent_covered_display": "100", "missing_lines": 0, "excluded_lines": 0}, "missing_lines": [], "excluded_lines": []}}}, "src/config/filter_groups.py": {"executed_lines": [], "summary": {"covered_lines": 0, "num_statements": 10, "percent_covered": 0.0, "percent_covered_display": "0", "missing_lines": 10, "excluded_lines": 0}, "missing_lines": [8, 12, 22, 25, 44, 46, 48, 51, 65, 74], "excluded_lines": [], "functions": {"resolve_filter_group": {"executed_lines": [], "summary": {"covered_lines": 0, "num_statements": 3, "percent_covered": 0.0, "percent_covered_display": "0", "missing_lines": 3, "excluded_lines": 0}, "missing_lines": [44, 46, 48], "excluded_lines": []}, "get_group_display_name": {"executed_lines": [], "summary": {"covered_lines": 0, "num_statements": 2, "percent_covered": 0.0, "percent_covered_display": "0", "missing_lines": 2, "excluded_lines": 0}, "missing_lines": [65, 74], "excluded_lines": []}, "": {"executed_lines": [], "summary": {"covered_lines": 0, "num_statements": 5, "percent_covered": 0.0, "percent_covered_display": "0", "missing_lines": 5, "excluded_lines": 0}, "missing_lines": [8, 12, 22, 25, 51], "excluded_lines": []}}, "classes": {"": {"executed_lines": [], "summary": {"covered_lines": 0, "num_statements": 10, "percent_covered": 0.0, "percent_covered_display": "0", "missing_lines": 10, "excluded_lines": 0}, "missing_lines": [8, 12, 22, 25, 44, 46, 48, 51, 65, 74], "excluded_lines": []}}}, "src/config/image_config.py": {"executed_lines": [1, 12, 13, 14, 16, 19, 20, 26, 27, 30, 33, 36, 39, 42, 45, 48, 58, 62, 76, 80, 81, 82, 83, 84, 92, 93, 94], "summary": {"covered_lines": 25, "num_statements": 41, "percent_covered": 60.97560975609756, "percent_covered_display": "61", "missing_lines": 16, "excluded_lines": 0}, "missing_lines": [59, 63, 64, 65, 66, 67, 70, 71, 77, 85, 86, 87, 88, 95, 96, 97], "excluded_lines": [], "functions": {"validate_config": {"executed_lines": [58, 62, 76, 80, 81, 82, 83, 84], "summary": {"covered_lines": 8, "num_statements": 21, "percent_covered": 38.095238095238095, "percent_covered_display": "38", "missing_lines": 13, "excluded_lines": 0}, "missing_lines": [59, 63, 64, 65, 66, 67, 70, 71, 77, 85, 86, 87, 88], "excluded_lines": []}, "": {"executed_lines": [1, 12, 13, 14, 16, 19, 20, 26, 27, 30, 33, 36, 39, 42, 45, 48, 92, 93, 94], "summary": {"covered_lines": 17, "num_statements": 20, "percent_covered": 85.0, "percent_covered_display": "85", "missing_lines": 3, "excluded_lines": 0}, "missing_lines": [95, 96, 97], "excluded_lines": []}}, "classes": {"ConfigurationError": {"executed_lines": [], "summary": {"covered_lines": 0, "num_statements": 0, "percent_covered": 100.0, "percent_covered_display": "100", "missing_lines": 0, "excluded_lines": 0}, "missing_lines": [], "excluded_lines": []}, "": {"executed_lines": [1, 12, 13, 14, 16, 19, 20, 26, 27, 30, 33, 36, 39, 42, 45, 48, 58, 62, 76, 80, 81, 82, 83, 84, 92, 93, 94], "summary": {"covered_lines": 25, "num_statements": 41, "percent_covered": 60.97560975609756, "percent_covered_display": "61", "missing_lines": 16, "excluded_lines": 0}, "missing_lines": [59, 63, 64, 65, 66, 67, 70, 71, 77, 85, 86, 87, 88, 95, 96, 97], "excluded_lines": []}}}, "src/config/model_config.py": {"executed_lines": [1, 8, 9, 10, 13, 14, 15, 28, 29, 32, 35, 36, 39, 42, 44, 55, 79, 80, 91, 92, 100, 117], "summary": {"covered_lines": 19, "num_statements": 43, "percent_covered": 44.18604651162791, "percent_covered_display": "44", "missing_lines": 24, "excluded_lines": 10}, "missing_lines": [46, 47, 48, 49, 52, 53, 61, 62, 65, 66, 67, 68, 70, 71, 74, 75, 76, 77, 86, 87, 88, 89, 98, 106], "excluded_lines": [117, 118, 119, 120, 121, 122, 123, 124, 125, 126], "functions": {"ModelConfig.__post_init__": {"executed_lines": [], "summary": {"covered_lines": 0, "num_statements": 6, "percent_covered": 0.0, "percent_covered_display": "0", "missing_lines": 6, "excluded_lines": 0}, "missing_lines": [46, 47, 48, 49, 52, 53], "excluded_lines": []}, "ModelConfig._detect_device": {"executed_lines": [], "summary": {"covered_lines": 0, "num_statements": 12, "percent_covered": 0.0, "percent_covered_display": "0", "missing_lines": 12, "excluded_lines": 0}, "missing_lines": [61, 62, 65, 66, 67, 68, 70, 71, 74, 75, 76, 77], "excluded_lines": []}, "ModelConfig.memory_estimate_gb": {"executed_lines": [], "summary": {"covered_lines": 0, "num_statements": 4, "percent_covered": 0.0, "percent_covered_display": "0", "missing_lines": 4, "excluded_lines": 0}, "missing_lines": [86, 87, 88, 89], "excluded_lines": []}, "ModelConfig.is_quantized": {"executed_lines": [], "summary": {"covered_lines": 0, "num_statements": 1, "percent_covered": 0.0, "percent_covered_display": "0", "missing_lines": 1, "excluded_lines": 0}, "missing_lines": [98], "excluded_lines": []}, "ModelConfig.to_dict": {"executed_lines": [], "summary": {"covered_lines": 0, "num_statements": 1, "percent_covered": 0.0, "percent_covered_display": "0", "missing_lines": 1, "excluded_lines": 0}, "missing_lines": [106], "excluded_lines": []}, "ModelConfig.__repr__": {"executed_lines": [], "summary": {"covered_lines": 0, "num_statements": 0, "percent_covered": 100.0, "percent_covered_display": "100", "missing_lines": 0, "excluded_lines": 9}, "missing_lines": [], "excluded_lines": [118, 119, 120, 121, 122, 123, 124, 125, 126]}, "": {"executed_lines": [1, 8, 9, 10, 13, 14, 15, 28, 29, 32, 35, 36, 39, 42, 44, 55, 79, 80, 91, 92, 100, 117], "summary": {"covered_lines": 19, "num_statements": 19, "percent_covered": 100.0, "percent_covered_display": "100", "missing_lines": 0, "excluded_lines": 1}, "missing_lines": [], "excluded_lines": [117]}}, "classes": {"ModelConfig": {"executed_lines": [], "summary": {"covered_lines": 0, "num_statements": 24, "percent_covered": 0.0, "percent_covered_display": "0", "missing_lines": 24, "excluded_lines": 9}, "missing_lines": [46, 47, 48, 49, 52, 53, 61, 62, 65, 66, 67, 68, 70, 71, 74, 75, 76, 77, 86, 87, 88, 89, 98, 106], "excluded_lines": [118, 119, 120, 121, 122, 123, 124, 125, 126]}, "": {"executed_lines": [1, 8, 9, 10, 13, 14, 15, 28, 29, 32, 35, 36, 39, 42, 44, 55, 79, 80, 91, 92, 100, 117], "summary": {"covered_lines": 19, "num_statements": 19, "percent_covered": 100.0, "percent_covered_display": "100", "missing_lines": 0, "excluded_lines": 1}, "missing_lines": [], "excluded_lines": [117]}}}, "src/config/processing_config.py": {"executed_lines": [1, 8, 9, 10, 11, 12, 14, 17, 18, 25, 26, 29, 30, 31, 48, 49, 50, 53, 54, 57, 60, 61, 64, 65, 66, 68, 77, 92, 93, 103, 104, 112, 113, 123, 144, 155, 156, 157, 180, 181, 182, 183, 186, 187, 188, 189, 192, 193, 194, 195, 198, 200, 201, 280, 314, 360, 361, 362, 382, 383, 384, 385, 386, 387, 388, 391, 392, 393, 394, 396, 441, 523, 524, 532, 533, 541, 542, 615, 635], "summary": {"covered_lines": 72, "num_statements": 206, "percent_covered": 34.95145631067961, "percent_covered_display": "35", "missing_lines": 134, "excluded_lines": 16}, "missing_lines": [70, 71, 75, 88, 90, 99, 101, 110, 119, 120, 121, 129, 219, 221, 222, 223, 224, 227, 228, 229, 230, 231, 234, 236, 237, 238, 241, 242, 243, 244, 246, 248, 262, 264, 272, 274, 275, 276, 277, 290, 294, 298, 303, 308, 323, 325, 328, 329, 330, 331, 334, 335, 342, 343, 344, 346, 352, 399, 400, 401, 404, 405, 406, 409, 410, 413, 414, 417, 418, 422, 423, 425, 426, 430, 431, 436, 437, 451, 452, 453, 457, 458, 463, 464, 465, 466, 468, 473, 475, 482, 484, 494, 495, 497, 500, 507, 509, 518, 519, 521, 526, 527, 528, 529, 530, 535, 536, 537, 538, 539, 568, 569, 570, 571, 572, 573, 576, 577, 578, 579, 580, 581, 583, 597, 603, 605, 607, 608, 609, 610, 611, 612, 613, 621], "excluded_lines": [144, 145, 146, 147, 148, 149, 150, 151, 152, 635, 636, 637, 638, 639, 640, 641], "functions": {"ProcessingConfig.__post_init__": {"executed_lines": [], "summary": {"covered_lines": 0, "num_statements": 3, "percent_covered": 0.0, "percent_covered_display": "0", "missing_lines": 3, "excluded_lines": 0}, "missing_lines": [70, 71, 75], "excluded_lines": []}, "ProcessingConfig.validate_file": {"executed_lines": [], "summary": {"covered_lines": 0, "num_statements": 2, "percent_covered": 0.0, "percent_covered_display": "0", "missing_lines": 2, "excluded_lines": 0}, "missing_lines": [88, 90], "excluded_lines": []}, "ProcessingConfig.supported_extensions_set": {"executed_lines": [], "summary": {"covered_lines": 0, "num_statements": 2, "percent_covered": 0.0, "percent_covered_display": "0", "missing_lines": 2, "excluded_lines": 0}, "missing_lines": [99, 101], "excluded_lines": []}, "ProcessingConfig.max_file_size_bytes": {"executed_lines": [], "summary": {"covered_lines": 0, "num_statements": 1, "percent_covered": 0.0, "percent_covered_display": "0", "missing_lines": 1, "excluded_lines": 0}, "missing_lines": [110], "excluded_lines": []}, "ProcessingConfig.chunk_overlap_ratio": {"executed_lines": [], "summary": {"covered_lines": 0, "num_statements": 3, "percent_covered": 0.0, "percent_covered_display": "0", "missing_lines": 3, "excluded_lines": 0}, "missing_lines": [119, 120, 121], "excluded_lines": []}, "ProcessingConfig.to_dict": {"executed_lines": [], "summary": {"covered_lines": 0, "num_statements": 1, "percent_covered": 0.0, "percent_covered_display": "0", "missing_lines": 1, "excluded_lines": 0}, "missing_lines": [129], "excluded_lines": []}, "ProcessingConfig.__repr__": {"executed_lines": [], "summary": {"covered_lines": 0, "num_statements": 0, "percent_covered": 100.0, "percent_covered_display": "100", "missing_lines": 0, "excluded_lines": 8}, "missing_lines": [], "excluded_lines": [145, 146, 147, 148, 149, 150, 151, 152]}, "EnhancedModeConfig.from_env": {"executed_lines": [], "summary": {"covered_lines": 0, "num_statements": 27, "percent_covered": 0.0, "percent_covered_display": "0", "missing_lines": 27, "excluded_lines": 0}, "missing_lines": [219, 221, 222, 223, 224, 227, 228, 229, 230, 231, 234, 236, 237, 238, 241, 242, 243, 244, 246, 248, 262, 264, 272, 274, 275, 276, 277], "excluded_lines": []}, "validate_config": {"executed_lines": [], "summary": {"covered_lines": 0, "num_statements": 5, "percent_covered": 0.0, "percent_covered_display": "0", "missing_lines": 5, "excluded_lines": 0}, "missing_lines": [290, 294, 298, 303, 308], "excluded_lines": []}, "create_pipeline_options": {"executed_lines": [], "summary": {"covered_lines": 0, "num_statements": 13, "percent_covered": 0.0, "percent_covered_display": "0", "missing_lines": 13, "excluded_lines": 0}, "missing_lines": [323, 325, 328, 329, 330, 331, 334, 335, 342, 343, 344, 346, 352], "excluded_lines": []}, "AsrConfig.__post_init__": {"executed_lines": [], "summary": {"covered_lines": 0, "num_statements": 20, "percent_covered": 0.0, "percent_covered_display": "0", "missing_lines": 20, "excluded_lines": 0}, "missing_lines": [399, 400, 401, 404, 405, 406, 409, 410, 413, 414, 417, 418, 422, 423, 425, 426, 430, 431, 436, 437], "excluded_lines": []}, "AsrConfig.to_docling_model_spec": {"executed_lines": [], "summary": {"covered_lines": 0, "num_statements": 23, "percent_covered": 0.0, "percent_covered_display": "0", "missing_lines": 23, "excluded_lines": 0}, "missing_lines": [451, 452, 453, 457, 458, 463, 464, 465, 466, 468, 473, 475, 482, 484, 494, 495, 497, 500, 507, 509, 518, 519, 521], "excluded_lines": []}, "AsrConfig._parse_float_env": {"executed_lines": [], "summary": {"covered_lines": 0, "num_statements": 5, "percent_covered": 0.0, "percent_covered_display": "0", "missing_lines": 5, "excluded_lines": 0}, "missing_lines": [526, 527, 528, 529, 530], "excluded_lines": []}, "AsrConfig._parse_int_env": {"executed_lines": [], "summary": {"covered_lines": 0, "num_statements": 5, "percent_covered": 0.0, "percent_covered_display": "0", "missing_lines": 5, "excluded_lines": 0}, "missing_lines": [535, 536, 537, 538, 539], "excluded_lines": []}, "AsrConfig.from_env": {"executed_lines": [], "summary": {"covered_lines": 0, "num_statements": 23, "percent_covered": 0.0, "percent_covered_display": "0", "missing_lines": 23, "excluded_lines": 0}, "missing_lines": [568, 569, 570, 571, 572, 573, 576, 577, 578, 579, 580, 581, 583, 597, 603, 605, 607, 608, 609, 610, 611, 612, 613], "excluded_lines": []}, "AsrConfig.to_dict": {"executed_lines": [], "summary": {"covered_lines": 0, "num_statements": 1, "percent_covered": 0.0, "percent_covered_display": "0", "missing_lines": 1, "excluded_lines": 0}, "missing_lines": [621], "excluded_lines": []}, "AsrConfig.__repr__": {"executed_lines": [], "summary": {"covered_lines": 0, "num_statements": 0, "percent_covered": 100.0, "percent_covered_display": "100", "missing_lines": 0, "excluded_lines": 6}, "missing_lines": [], "excluded_lines": [636, 637, 638, 639, 640, 641]}, "": {"executed_lines": [1, 8, 9, 10, 11, 12, 14, 17, 18, 25, 26, 29, 30, 31, 48, 49, 50, 53, 54, 57, 60, 61, 64, 65, 66, 68, 77, 92, 93, 103, 104, 112, 113, 123, 144, 155, 156, 157, 180, 181, 182, 183, 186, 187, 188, 189, 192, 193, 194, 195, 198, 200, 201, 280, 314, 360, 361, 362, 382, 383, 384, 385, 386, 387, 388, 391, 392, 393, 394, 396, 441, 523, 524, 532, 533, 541, 542, 615, 635], "summary": {"covered_lines": 72, "num_statements": 72, "percent_covered": 100.0, "percent_covered_display": "100", "missing_lines": 0, "excluded_lines": 2}, "missing_lines": [], "excluded_lines": [144, 635]}}, "classes": {"ChunkingStrategy": {"executed_lines": [], "summary": {"covered_lines": 0, "num_statements": 0, "percent_covered": 100.0, "percent_covered_display": "100", "missing_lines": 0, "excluded_lines": 0}, "missing_lines": [], "excluded_lines": []}, "ProcessingConfig": {"executed_lines": [], "summary": {"covered_lines": 0, "num_statements": 12, "percent_covered": 0.0, "percent_covered_display": "0", "missing_lines": 12, "excluded_lines": 8}, "missing_lines": [70, 71, 75, 88, 90, 99, 101, 110, 119, 120, 121, 129], "excluded_lines": [145, 146, 147, 148, 149, 150, 151, 152]}, "EnhancedModeConfig": {"executed_lines": [], "summary": {"covered_lines": 0, "num_statements": 27, "percent_covered": 0.0, "percent_covered_display": "0", "missing_lines": 27, "excluded_lines": 0}, "missing_lines": [219, 221, 222, 223, 224, 227, 228, 229, 230, 231, 234, 236, 237, 238, 241, 242, 243, 244, 246, 248, 262, 264, 272, 274, 275, 276, 277], "excluded_lines": []}, "AsrConfig": {"executed_lines": [], "summary": {"covered_lines": 0, "num_statements": 77, "percent_covered": 0.0, "percent_covered_display": "0", "missing_lines": 77, "excluded_lines": 6}, "missing_lines": [399, 400, 401, 404, 405, 406, 409, 410, 413, 414, 417, 418, 422, 423, 425, 426, 430, 431, 436, 437, 451, 452, 453, 457, 458, 463, 464, 465, 466, 468, 473, 475, 482, 484, 494, 495, 497, 500, 507, 509, 518, 519, 521, 526, 527, 528, 529, 530, 535, 536, 537, 538, 539, 568, 569, 570, 571, 572, 573, 576, 577, 578, 579, 580, 581, 583, 597, 603, 605, 607, 608, 609, 610, 611, 612, 613, 621], "excluded_lines": [636, 637, 638, 639, 640, 641]}, "": {"executed_lines": [1, 8, 9, 10, 11, 12, 14, 17, 18, 25, 26, 29, 30, 31, 48, 49, 50, 53, 54, 57, 60, 61, 64, 65, 66, 68, 77, 92, 93, 103, 104, 112, 113, 123, 144, 155, 156, 157, 180, 181, 182, 183, 186, 187, 188, 189, 192, 193, 194, 195, 198, 200, 201, 280, 314, 360, 361, 362, 382, 383, 384, 385, 386, 387, 388, 391, 392, 393, 394, 396, 441, 523, 524, 532, 533, 541, 542, 615, 635], "summary": {"covered_lines": 72, "num_statements": 90, "percent_covered": 80.0, "percent_covered_display": "80", "missing_lines": 18, "excluded_lines": 2}, "missing_lines": [290, 294, 298, 303, 308, 323, 325, 328, 329, 330, 331, 334, 335, 342, 343, 344, 346, 352], "excluded_lines": [144, 635]}}}, "src/config/storage_config.py": {"executed_lines": [1, 7, 8, 11, 12, 13, 25, 26, 29, 30, 33, 36, 38, 39, 47, 48, 56, 72], "summary": {"covered_lines": 15, "num_statements": 18, "percent_covered": 83.33333333333333, "percent_covered_display": "83", "missing_lines": 3, "excluded_lines": 8}, "missing_lines": [45, 54, 62], "excluded_lines": [72, 73, 74, 75, 76, 77, 78, 79], "functions": {"StorageConfig.connection_string": {"executed_lines": [], "summary": {"covered_lines": 0, "num_statements": 1, "percent_covered": 0.0, "percent_covered_display": "0", "missing_lines": 1, "excluded_lines": 0}, "missing_lines": [45], "excluded_lines": []}, "StorageConfig.connection_url": {"executed_lines": [], "summary": {"covered_lines": 0, "num_statements": 1, "percent_covered": 0.0, "percent_covered_display": "0", "missing_lines": 1, "excluded_lines": 0}, "missing_lines": [54], "excluded_lines": []}, "StorageConfig.to_dict": {"executed_lines": [], "summary": {"covered_lines": 0, "num_statements": 1, "percent_covered": 0.0, "percent_covered_display": "0", "missing_lines": 1, "excluded_lines": 0}, "missing_lines": [62], "excluded_lines": []}, "StorageConfig.__repr__": {"executed_lines": [], "summary": {"covered_lines": 0, "num_statements": 0, "percent_covered": 100.0, "percent_covered_display": "100", "missing_lines": 0, "excluded_lines": 7}, "missing_lines": [], "excluded_lines": [73, 74, 75, 76, 77, 78, 79]}, "": {"executed_lines": [1, 7, 8, 11, 12, 13, 25, 26, 29, 30, 33, 36, 38, 39, 47, 48, 56, 72], "summary": {"covered_lines": 15, "num_statements": 15, "percent_covered": 100.0, "percent_covered_display": "100", "missing_lines": 0, "excluded_lines": 1}, "missing_lines": [], "excluded_lines": [72]}}, "classes": {"StorageConfig": {"executed_lines": [], "summary": {"covered_lines": 0, "num_statements": 3, "percent_covered": 0.0, "percent_covered_display": "0", "missing_lines": 3, "excluded_lines": 7}, "missing_lines": [45, 54, 62], "excluded_lines": [73, 74, 75, 76, 77, 78, 79]}, "": {"executed_lines": [1, 7, 8, 11, 12, 13, 25, 26, 29, 30, 33, 36, 38, 39, 47, 48, 56, 72], "summary": {"covered_lines": 15, "num_statements": 15, "percent_covered": 100.0, "percent_covered_display": "100", "missing_lines": 0, "excluded_lines": 1}, "missing_lines": [], "excluded_lines": [72]}}}, "src/embeddings/__init__.py": {"executed_lines": [1, 32, 33, 41, 42, 43, 45, 66, 67], "summary": {"covered_lines": 8, "num_statements": 8, "percent_covered": 100.0, "percent_covered_display": "100", "missing_lines": 0, "excluded_lines": 0}, "missing_lines": [], "excluded_lines": [], "functions": {"": {"executed_lines": [1, 32, 33, 41, 42, 43, 45, 66, 67], "summary": {"covered_lines": 8, "num_statements": 8, "percent_covered": 100.0, "percent_covered_display": "100", "missing_lines": 0, "excluded_lines": 0}, "missing_lines": [], "excluded_lines": []}}, "classes": {"": {"executed_lines": [1, 32, 33, 41, 42, 43, 45, 66, 67], "summary": {"covered_lines": 8, "num_statements": 8, "percent_covered": 100.0, "percent_covered_display": "100", "missing_lines": 0, "excluded_lines": 0}, "missing_lines": [], "excluded_lines": []}}}, "src/embeddings/colpali_wrapper.py": {"executed_lines": [1, 10, 11, 12, 14, 15, 17, 18, 19, 20, 21, 22, 31, 34, 35, 37, 86, 157, 232, 278, 342, 371], "summary": {"covered_lines": 20, "num_statements": 125, "percent_covered": 16.0, "percent_covered_display": "16", "missing_lines": 105, "excluded_lines": 0}, "missing_lines": [23, 25, 26, 27, 28, 29, 62, 63, 70, 71, 73, 75, 78, 81, 83, 84, 112, 113, 115, 116, 118, 119, 121, 123, 124, 126, 127, 128, 131, 133, 134, 137, 140, 142, 143, 145, 153, 154, 155, 183, 184, 187, 188, 190, 191, 193, 194, 196, 198, 199, 201, 202, 203, 206, 208, 209, 212, 215, 217, 218, 220, 228, 229, 230, 254, 255, 257, 258, 260, 262, 264, 266, 274, 275, 276, 313, 314, 316, 318, 321, 322, 325, 327, 329, 330, 332, 336, 337, 338, 339, 340, 359, 380, 381, 383, 384, 385, 386, 387, 388, 390, 392, 393, 394, 395], "excluded_lines": [], "functions": {"ColPaliEngine.__init__": {"executed_lines": [], "summary": {"covered_lines": 0, "num_statements": 10, "percent_covered": 0.0, "percent_covered_display": "0", "missing_lines": 10, "excluded_lines": 0}, "missing_lines": [62, 63, 70, 71, 73, 75, 78, 81, 83, 84], "excluded_lines": []}, "ColPaliEngine.embed_images": {"executed_lines": [], "summary": {"covered_lines": 0, "num_statements": 23, "percent_covered": 0.0, "percent_covered_display": "0", "missing_lines": 23, "excluded_lines": 0}, "missing_lines": [112, 113, 115, 116, 118, 119, 121, 123, 124, 126, 127, 128, 131, 133, 134, 137, 140, 142, 143, 145, 153, 154, 155], "excluded_lines": []}, "ColPaliEngine.embed_texts": {"executed_lines": [], "summary": {"covered_lines": 0, "num_statements": 25, "percent_covered": 0.0, "percent_covered_display": "0", "missing_lines": 25, "excluded_lines": 0}, "missing_lines": [183, 184, 187, 188, 190, 191, 193, 194, 196, 198, 199, 201, 202, 203, 206, 208, 209, 212, 215, 217, 218, 220, 228, 229, 230], "excluded_lines": []}, "ColPaliEngine.embed_query": {"executed_lines": [], "summary": {"covered_lines": 0, "num_statements": 11, "percent_covered": 0.0, "percent_covered_display": "0", "missing_lines": 11, "excluded_lines": 0}, "missing_lines": [254, 255, 257, 258, 260, 262, 264, 266, 274, 275, 276], "excluded_lines": []}, "ColPaliEngine.score_multi_vector": {"executed_lines": [], "summary": {"covered_lines": 0, "num_statements": 16, "percent_covered": 0.0, "percent_covered_display": "0", "missing_lines": 16, "excluded_lines": 0}, "missing_lines": [313, 314, 316, 318, 321, 322, 325, 327, 329, 330, 332, 336, 337, 338, 339, 340], "excluded_lines": []}, "ColPaliEngine.get_model_info": {"executed_lines": [], "summary": {"covered_lines": 0, "num_statements": 1, "percent_covered": 0.0, "percent_covered_display": "0", "missing_lines": 1, "excluded_lines": 0}, "missing_lines": [359], "excluded_lines": []}, "ColPaliEngine.clear_cache": {"executed_lines": [], "summary": {"covered_lines": 0, "num_statements": 13, "percent_covered": 0.0, "percent_covered_display": "0", "missing_lines": 13, "excluded_lines": 0}, "missing_lines": [380, 381, 383, 384, 385, 386, 387, 388, 390, 392, 393, 394, 395], "excluded_lines": []}, "": {"executed_lines": [1, 10, 11, 12, 14, 15, 17, 18, 19, 20, 21, 22, 31, 34, 35, 37, 86, 157, 232, 278, 342, 371], "summary": {"covered_lines": 20, "num_statements": 26, "percent_covered": 76.92307692307692, "percent_covered_display": "77", "missing_lines": 6, "excluded_lines": 0}, "missing_lines": [23, 25, 26, 27, 28, 29], "excluded_lines": []}}, "classes": {"ColPaliEngine": {"executed_lines": [], "summary": {"covered_lines": 0, "num_statements": 99, "percent_covered": 0.0, "percent_covered_display": "0", "missing_lines": 99, "excluded_lines": 0}, "missing_lines": [62, 63, 70, 71, 73, 75, 78, 81, 83, 84, 112, 113, 115, 116, 118, 119, 121, 123, 124, 126, 127, 128, 131, 133, 134, 137, 140, 142, 143, 145, 153, 154, 155, 183, 184, 187, 188, 190, 191, 193, 194, 196, 198, 199, 201, 202, 203, 206, 208, 209, 212, 215, 217, 218, 220, 228, 229, 230, 254, 255, 257, 258, 260, 262, 264, 266, 274, 275, 276, 313, 314, 316, 318, 321, 322, 325, 327, 329, 330, 332, 336, 337, 338, 339, 340, 359, 380, 381, 383, 384, 385, 386, 387, 388, 390, 392, 393, 394, 395], "excluded_lines": []}, "": {"executed_lines": [1, 10, 11, 12, 14, 15, 17, 18, 19, 20, 21, 22, 31, 34, 35, 37, 86, 157, 232, 278, 342, 371], "summary": {"covered_lines": 20, "num_statements": 26, "percent_covered": 76.92307692307692, "percent_covered_display": "77", "missing_lines": 6, "excluded_lines": 0}, "missing_lines": [23, 25, 26, 27, 28, 29], "excluded_lines": []}}}, "src/embeddings/example_usage.py": {"executed_lines": [], "summary": {"covered_lines": 0, "num_statements": 145, "percent_covered": 0.0, "percent_covered_display": "0", "missing_lines": 145, "excluded_lines": 2}, "missing_lines": [14, 15, 17, 19, 21, 22, 25, 27, 28, 29, 32, 35, 36, 37, 38, 39, 40, 43, 45, 46, 47, 50, 59, 61, 62, 63, 64, 65, 66, 69, 71, 72, 73, 75, 78, 85, 87, 88, 89, 90, 91, 92, 93, 96, 98, 99, 100, 102, 105, 112, 114, 115, 116, 117, 118, 119, 120, 121, 124, 126, 127, 128, 130, 133, 136, 138, 139, 140, 141, 142, 145, 147, 148, 149, 151, 154, 157, 165, 166, 167, 170, 171, 172, 173, 176, 180, 181, 182, 185, 187, 188, 189, 192, 194, 195, 196, 199, 200, 203, 206, 209, 210, 215, 222, 223, 228, 231, 232, 233, 234, 237, 238, 239, 242, 243, 244, 245, 246, 247, 248, 249, 252, 253, 254, 257, 259, 260, 261, 262, 263, 267, 268, 269, 270, 271, 272, 273, 274, 276, 277, 278, 280, 281, 282, 284], "excluded_lines": [287, 288], "functions": {"example_basic_initialization": {"executed_lines": [], "summary": {"covered_lines": 0, "num_statements": 10, "percent_covered": 0.0, "percent_covered_display": "0", "missing_lines": 10, "excluded_lines": 0}, "missing_lines": [27, 28, 29, 32, 35, 36, 37, 38, 39, 40], "excluded_lines": []}, "example_custom_config": {"executed_lines": [], "summary": {"covered_lines": 0, "num_statements": 11, "percent_covered": 0.0, "percent_covered_display": "0", "missing_lines": 11, "excluded_lines": 0}, "missing_lines": [45, 46, 47, 50, 59, 61, 62, 63, 64, 65, 66], "excluded_lines": []}, "example_image_embedding": {"executed_lines": [], "summary": {"covered_lines": 0, "num_statements": 13, "percent_covered": 0.0, "percent_covered_display": "0", "missing_lines": 13, "excluded_lines": 0}, "missing_lines": [71, 72, 73, 75, 78, 85, 87, 88, 89, 90, 91, 92, 93], "excluded_lines": []}, "example_text_embedding": {"executed_lines": [], "summary": {"covered_lines": 0, "num_statements": 14, "percent_covered": 0.0, "percent_covered_display": "0", "missing_lines": 14, "excluded_lines": 0}, "missing_lines": [98, 99, 100, 102, 105, 112, 114, 115, 116, 117, 118, 119, 120, 121], "excluded_lines": []}, "example_query_embedding": {"executed_lines": [], "summary": {"covered_lines": 0, "num_statements": 11, "percent_covered": 0.0, "percent_covered_display": "0", "missing_lines": 11, "excluded_lines": 0}, "missing_lines": [126, 127, 128, 130, 133, 136, 138, 139, 140, 141, 142], "excluded_lines": []}, "example_late_interaction_scoring": {"executed_lines": [], "summary": {"covered_lines": 0, "num_statements": 21, "percent_covered": 0.0, "percent_covered_display": "0", "missing_lines": 21, "excluded_lines": 0}, "missing_lines": [147, 148, 149, 151, 154, 157, 165, 166, 167, 170, 171, 172, 173, 176, 180, 181, 182, 185, 187, 188, 189], "excluded_lines": []}, "example_end_to_end_workflow": {"executed_lines": [], "summary": {"covered_lines": 0, "num_statements": 31, "percent_covered": 0.0, "percent_covered_display": "0", "missing_lines": 31, "excluded_lines": 0}, "missing_lines": [194, 195, 196, 199, 200, 203, 206, 209, 210, 215, 222, 223, 228, 231, 232, 233, 234, 237, 238, 239, 242, 243, 244, 245, 246, 247, 248, 249, 252, 253, 254], "excluded_lines": []}, "main": {"executed_lines": [], "summary": {"covered_lines": 0, "num_statements": 20, "percent_covered": 0.0, "percent_covered_display": "0", "missing_lines": 20, "excluded_lines": 0}, "missing_lines": [259, 260, 261, 262, 263, 267, 268, 269, 270, 271, 272, 273, 274, 276, 277, 278, 280, 281, 282, 284], "excluded_lines": []}, "": {"executed_lines": [], "summary": {"covered_lines": 0, "num_statements": 14, "percent_covered": 0.0, "percent_covered_display": "0", "missing_lines": 14, "excluded_lines": 2}, "missing_lines": [14, 15, 17, 19, 21, 22, 25, 43, 69, 96, 124, 145, 192, 257], "excluded_lines": [287, 288]}}, "classes": {"": {"executed_lines": [], "summary": {"covered_lines": 0, "num_statements": 145, "percent_covered": 0.0, "percent_covered_display": "0", "missing_lines": 145, "excluded_lines": 2}, "missing_lines": [14, 15, 17, 19, 21, 22, 25, 27, 28, 29, 32, 35, 36, 37, 38, 39, 40, 43, 45, 46, 47, 50, 59, 61, 62, 63, 64, 65, 66, 69, 71, 72, 73, 75, 78, 85, 87, 88, 89, 90, 91, 92, 93, 96, 98, 99, 100, 102, 105, 112, 114, 115, 116, 117, 118, 119, 120, 121, 124, 126, 127, 128, 130, 133, 136, 138, 139, 140, 141, 142, 145, 147, 148, 149, 151, 154, 157, 165, 166, 167, 170, 171, 172, 173, 176, 180, 181, 182, 185, 187, 188, 189, 192, 194, 195, 196, 199, 200, 203, 206, 209, 210, 215, 222, 223, 228, 231, 232, 233, 234, 237, 238, 239, 242, 243, 244, 245, 246, 247, 248, 249, 252, 253, 254, 257, 259, 260, 261, 262, 263, 267, 268, 269, 270, 271, 272, 273, 274, 276, 277, 278, 280, 281, 282, 284], "excluded_lines": [287, 288]}}}, "src/embeddings/exceptions.py": {"executed_lines": [1, 8, 9, 12, 13, 16, 17, 20, 21, 24, 25, 28, 29], "summary": {"covered_lines": 6, "num_statements": 6, "percent_covered": 100.0, "percent_covered_display": "100", "missing_lines": 0, "excluded_lines": 0}, "missing_lines": [], "excluded_lines": [], "functions": {"": {"executed_lines": [1, 8, 9, 12, 13, 16, 17, 20, 21, 24, 25, 28, 29], "summary": {"covered_lines": 6, "num_statements": 6, "percent_covered": 100.0, "percent_covered_display": "100", "missing_lines": 0, "excluded_lines": 0}, "missing_lines": [], "excluded_lines": []}}, "classes": {"EmbeddingError": {"executed_lines": [], "summary": {"covered_lines": 0, "num_statements": 0, "percent_covered": 100.0, "percent_covered_display": "100", "missing_lines": 0, "excluded_lines": 0}, "missing_lines": [], "excluded_lines": []}, "ModelLoadError": {"executed_lines": [], "summary": {"covered_lines": 0, "num_statements": 0, "percent_covered": 100.0, "percent_covered_display": "100", "missing_lines": 0, "excluded_lines": 0}, "missing_lines": [], "excluded_lines": []}, "DeviceError": {"executed_lines": [], "summary": {"covered_lines": 0, "num_statements": 0, "percent_covered": 100.0, "percent_covered_display": "100", "missing_lines": 0, "excluded_lines": 0}, "missing_lines": [], "excluded_lines": []}, "EmbeddingGenerationError": {"executed_lines": [], "summary": {"covered_lines": 0, "num_statements": 0, "percent_covered": 100.0, "percent_covered_display": "100", "missing_lines": 0, "excluded_lines": 0}, "missing_lines": [], "excluded_lines": []}, "ScoringError": {"executed_lines": [], "summary": {"covered_lines": 0, "num_statements": 0, "percent_covered": 100.0, "percent_covered_display": "100", "missing_lines": 0, "excluded_lines": 0}, "missing_lines": [], "excluded_lines": []}, "QuantizationError": {"executed_lines": [], "summary": {"covered_lines": 0, "num_statements": 0, "percent_covered": 100.0, "percent_covered_display": "100", "missing_lines": 0, "excluded_lines": 0}, "missing_lines": [], "excluded_lines": []}, "": {"executed_lines": [1, 8, 9, 12, 13, 16, 17, 20, 21, 24, 25, 28, 29], "summary": {"covered_lines": 6, "num_statements": 6, "percent_covered": 100.0, "percent_covered_display": "100", "missing_lines": 0, "excluded_lines": 0}, "missing_lines": [], "excluded_lines": []}}}, "src/embeddings/model_loader.py": {"executed_lines": [1, 10, 11, 13, 15, 16, 17, 23, 26, 27, 29, 30, 36, 37, 43, 59, 93, 94, 96, 102, 103, 105, 119, 171, 254, 298, 327], "summary": {"covered_lines": 23, "num_statements": 160, "percent_covered": 14.375, "percent_covered_display": "14", "missing_lines": 137, "excluded_lines": 0}, "missing_lines": [18, 20, 21, 31, 32, 33, 52, 53, 54, 55, 56, 57, 69, 71, 72, 74, 76, 77, 79, 82, 85, 87, 88, 90, 98, 99, 113, 114, 115, 116, 117, 129, 131, 133, 135, 138, 141, 147, 149, 152, 154, 155, 157, 158, 159, 161, 162, 164, 166, 167, 168, 188, 189, 190, 191, 194, 195, 196, 199, 200, 201, 204, 205, 206, 207, 210, 213, 215, 220, 223, 225, 226, 228, 229, 230, 233, 235, 242, 244, 245, 247, 248, 249, 250, 251, 267, 268, 270, 271, 272, 273, 275, 276, 278, 279, 280, 281, 283, 284, 286, 287, 288, 291, 293, 294, 295, 311, 312, 314, 315, 316, 318, 320, 322, 323, 324, 338, 339, 341, 342, 343, 345, 347, 348, 350, 352, 353, 354, 355, 357, 358, 360, 361, 363, 365, 366, 367], "excluded_lines": [], "functions": {"MockColPaliModel.__init__": {"executed_lines": [], "summary": {"covered_lines": 0, "num_statements": 6, "percent_covered": 0.0, "percent_covered_display": "0", "missing_lines": 6, "excluded_lines": 0}, "missing_lines": [52, 53, 54, 55, 56, 57], "excluded_lines": []}, "MockColPaliModel.embed_batch": {"executed_lines": [], "summary": {"covered_lines": 0, "num_statements": 12, "percent_covered": 0.0, "percent_covered_display": "0", "missing_lines": 12, "excluded_lines": 0}, "missing_lines": [69, 71, 72, 74, 76, 77, 79, 82, 85, 87, 88, 90], "excluded_lines": []}, "MockColPaliProcessor.__init__": {"executed_lines": [], "summary": {"covered_lines": 0, "num_statements": 2, "percent_covered": 0.0, "percent_covered_display": "0", "missing_lines": 2, "excluded_lines": 0}, "missing_lines": [98, 99], "excluded_lines": []}, "RealColPaliModel.__init__": {"executed_lines": [], "summary": {"covered_lines": 0, "num_statements": 5, "percent_covered": 0.0, "percent_covered_display": "0", "missing_lines": 5, "excluded_lines": 0}, "missing_lines": [113, 114, 115, 116, 117], "excluded_lines": []}, "RealColPaliModel.embed_batch": {"executed_lines": [], "summary": {"covered_lines": 0, "num_statements": 20, "percent_covered": 0.0, "percent_covered_display": "0", "missing_lines": 20, "excluded_lines": 0}, "missing_lines": [129, 131, 133, 135, 138, 141, 147, 149, 152, 154, 155, 157, 158, 159, 161, 162, 164, 166, 167, 168], "excluded_lines": []}, "load_model": {"executed_lines": [], "summary": {"covered_lines": 0, "num_statements": 34, "percent_covered": 0.0, "percent_covered_display": "0", "missing_lines": 34, "excluded_lines": 0}, "missing_lines": [188, 189, 190, 191, 194, 195, 196, 199, 200, 201, 204, 205, 206, 207, 210, 213, 215, 220, 223, 225, 226, 228, 229, 230, 233, 235, 242, 244, 245, 247, 248, 249, 250, 251], "excluded_lines": []}, "_validate_device": {"executed_lines": [], "summary": {"covered_lines": 0, "num_statements": 21, "percent_covered": 0.0, "percent_covered_display": "0", "missing_lines": 21, "excluded_lines": 0}, "missing_lines": [267, 268, 270, 271, 272, 273, 275, 276, 278, 279, 280, 281, 283, 284, 286, 287, 288, 291, 293, 294, 295], "excluded_lines": []}, "get_torch_dtype": {"executed_lines": [], "summary": {"covered_lines": 0, "num_statements": 10, "percent_covered": 0.0, "percent_covered_display": "0", "missing_lines": 10, "excluded_lines": 0}, "missing_lines": [311, 312, 314, 315, 316, 318, 320, 322, 323, 324], "excluded_lines": []}, "estimate_memory_usage": {"executed_lines": [], "summary": {"covered_lines": 0, "num_statements": 21, "percent_covered": 0.0, "percent_covered_display": "0", "missing_lines": 21, "excluded_lines": 0}, "missing_lines": [338, 339, 341, 342, 343, 345, 347, 348, 350, 352, 353, 354, 355, 357, 358, 360, 361, 363, 365, 366, 367], "excluded_lines": []}, "": {"executed_lines": [1, 10, 11, 13, 15, 16, 17, 23, 26, 27, 29, 30, 36, 37, 43, 59, 93, 94, 96, 102, 103, 105, 119, 171, 254, 298, 327], "summary": {"covered_lines": 23, "num_statements": 29, "percent_covered": 79.3103448275862, "percent_covered_display": "79", "missing_lines": 6, "excluded_lines": 0}, "missing_lines": [18, 20, 21, 31, 32, 33], "excluded_lines": []}}, "classes": {"MockColPaliModel": {"executed_lines": [], "summary": {"covered_lines": 0, "num_statements": 18, "percent_covered": 0.0, "percent_covered_display": "0", "missing_lines": 18, "excluded_lines": 0}, "missing_lines": [52, 53, 54, 55, 56, 57, 69, 71, 72, 74, 76, 77, 79, 82, 85, 87, 88, 90], "excluded_lines": []}, "MockColPaliProcessor": {"executed_lines": [], "summary": {"covered_lines": 0, "num_statements": 2, "percent_covered": 0.0, "percent_covered_display": "0", "missing_lines": 2, "excluded_lines": 0}, "missing_lines": [98, 99], "excluded_lines": []}, "RealColPaliModel": {"executed_lines": [], "summary": {"covered_lines": 0, "num_statements": 25, "percent_covered": 0.0, "percent_covered_display": "0", "missing_lines": 25, "excluded_lines": 0}, "missing_lines": [113, 114, 115, 116, 117, 129, 131, 133, 135, 138, 141, 147, 149, 152, 154, 155, 157, 158, 159, 161, 162, 164, 166, 167, 168], "excluded_lines": []}, "": {"executed_lines": [1, 10, 11, 13, 15, 16, 17, 23, 26, 27, 29, 30, 36, 37, 43, 59, 93, 94, 96, 102, 103, 105, 119, 171, 254, 298, 327], "summary": {"covered_lines": 23, "num_statements": 115, "percent_covered": 20.0, "percent_covered_display": "20", "missing_lines": 92, "excluded_lines": 0}, "missing_lines": [18, 20, 21, 31, 32, 33, 188, 189, 190, 191, 194, 195, 196, 199, 200, 201, 204, 205, 206, 207, 210, 213, 215, 220, 223, 225, 226, 228, 229, 230, 233, 235, 242, 244, 245, 247, 248, 249, 250, 251, 267, 268, 270, 271, 272, 273, 275, 276, 278, 279, 280, 281, 283, 284, 286, 287, 288, 291, 293, 294, 295, 311, 312, 314, 315, 316, 318, 320, 322, 323, 324, 338, 339, 341, 342, 343, 345, 347, 348, 350, 352, 353, 354, 355, 357, 358, 360, 361, 363, 365, 366, 367], "excluded_lines": []}}}, "src/embeddings/run_tests.py": {"executed_lines": [], "summary": {"covered_lines": 0, "num_statements": 198, "percent_covered": 0.0, "percent_covered_display": "0", "missing_lines": 198, "excluded_lines": 12}, "missing_lines": [8, 9, 12, 14, 16, 17, 19, 22, 23, 24, 27, 30, 32, 33, 34, 35, 37, 39, 46, 47, 48, 49, 51, 54, 56, 58, 60, 61, 63, 64, 65, 66, 67, 68, 71, 74, 76, 78, 81, 83, 85, 86, 87, 88, 89, 92, 93, 94, 95, 97, 100, 102, 104, 105, 106, 109, 110, 111, 113, 115, 116, 118, 120, 121, 124, 127, 130, 132, 134, 136, 138, 140, 141, 142, 143, 145, 147, 153, 155, 156, 159, 160, 161, 163, 165, 166, 168, 170, 171, 173, 175, 176, 178, 179, 182, 185, 187, 189, 191, 193, 195, 196, 197, 198, 199, 202, 203, 204, 207, 209, 211, 212, 214, 216, 217, 220, 223, 226, 228, 230, 233, 234, 236, 237, 240, 244, 245, 246, 247, 249, 250, 253, 254, 255, 257, 259, 261, 266, 268, 272, 275, 276, 277, 279, 282, 283, 285, 287, 288, 289, 291, 294, 296, 299, 301, 303, 306, 307, 309, 314, 317, 320, 322, 324, 326, 328, 329, 330, 332, 334, 335, 336, 338, 340, 341, 342, 345, 348, 350, 352, 354, 355, 357, 358, 360, 363, 366, 369, 371, 372, 374, 375, 377, 379, 380, 382, 383, 386], "excluded_lines": [389, 391, 392, 393, 394, 397, 398, 399, 400, 401, 404, 407], "functions": {"TestModelLoading.test_default_initialization": {"executed_lines": [], "summary": {"covered_lines": 0, "num_statements": 4, "percent_covered": 0.0, "percent_covered_display": "0", "missing_lines": 4, "excluded_lines": 0}, "missing_lines": [32, 33, 34, 35], "excluded_lines": []}, "TestModelLoading.test_custom_config": {"executed_lines": [], "summary": {"covered_lines": 0, "num_statements": 5, "percent_covered": 0.0, "percent_covered_display": "0", "missing_lines": 5, "excluded_lines": 0}, "missing_lines": [39, 46, 47, 48, 49], "excluded_lines": []}, "TestModelLoading.test_device_fallback": {"executed_lines": [], "summary": {"covered_lines": 0, "num_statements": 2, "percent_covered": 0.0, "percent_covered_display": "0", "missing_lines": 2, "excluded_lines": 0}, "missing_lines": [54, 56], "excluded_lines": []}, "TestModelLoading.test_get_model_info": {"executed_lines": [], "summary": {"covered_lines": 0, "num_statements": 8, "percent_covered": 0.0, "percent_covered_display": "0", "missing_lines": 8, "excluded_lines": 0}, "missing_lines": [60, 61, 63, 64, 65, 66, 67, 68], "excluded_lines": []}, "TestImageEmbedding.setUp": {"executed_lines": [], "summary": {"covered_lines": 0, "num_statements": 1, "percent_covered": 0.0, "percent_covered_display": "0", "missing_lines": 1, "excluded_lines": 0}, "missing_lines": [76], "excluded_lines": []}, "TestImageEmbedding.test_single_image_embedding": {"executed_lines": [], "summary": {"covered_lines": 0, "num_statements": 11, "percent_covered": 0.0, "percent_covered_display": "0", "missing_lines": 11, "excluded_lines": 0}, "missing_lines": [81, 83, 85, 86, 87, 88, 89, 92, 93, 94, 95], "excluded_lines": []}, "TestImageEmbedding.test_batch_image_embedding": {"executed_lines": [], "summary": {"covered_lines": 0, "num_statements": 8, "percent_covered": 0.0, "percent_covered_display": "0", "missing_lines": 8, "excluded_lines": 0}, "missing_lines": [100, 102, 104, 105, 106, 109, 110, 111], "excluded_lines": []}, "TestImageEmbedding.test_empty_image_list_error": {"executed_lines": [], "summary": {"covered_lines": 0, "num_statements": 2, "percent_covered": 0.0, "percent_covered_display": "0", "missing_lines": 2, "excluded_lines": 0}, "missing_lines": [115, 116], "excluded_lines": []}, "TestImageEmbedding.test_cls_token_extraction": {"executed_lines": [], "summary": {"covered_lines": 0, "num_statements": 3, "percent_covered": 0.0, "percent_covered_display": "0", "missing_lines": 3, "excluded_lines": 0}, "missing_lines": [120, 121, 124], "excluded_lines": []}, "TestTextEmbedding.setUp": {"executed_lines": [], "summary": {"covered_lines": 0, "num_statements": 1, "percent_covered": 0.0, "percent_covered_display": "0", "missing_lines": 1, "excluded_lines": 0}, "missing_lines": [132], "excluded_lines": []}, "TestTextEmbedding.test_single_text_embedding": {"executed_lines": [], "summary": {"covered_lines": 0, "num_statements": 6, "percent_covered": 0.0, "percent_covered_display": "0", "missing_lines": 6, "excluded_lines": 0}, "missing_lines": [136, 138, 140, 141, 142, 143], "excluded_lines": []}, "TestTextEmbedding.test_batch_text_embedding": {"executed_lines": [], "summary": {"covered_lines": 0, "num_statements": 7, "percent_covered": 0.0, "percent_covered_display": "0", "missing_lines": 7, "excluded_lines": 0}, "missing_lines": [147, 153, 155, 156, 159, 160, 161], "excluded_lines": []}, "TestTextEmbedding.test_empty_text_list_error": {"executed_lines": [], "summary": {"covered_lines": 0, "num_statements": 2, "percent_covered": 0.0, "percent_covered_display": "0", "missing_lines": 2, "excluded_lines": 0}, "missing_lines": [165, 166], "excluded_lines": []}, "TestTextEmbedding.test_empty_string_error": {"executed_lines": [], "summary": {"covered_lines": 0, "num_statements": 2, "percent_covered": 0.0, "percent_covered_display": "0", "missing_lines": 2, "excluded_lines": 0}, "missing_lines": [170, 171], "excluded_lines": []}, "TestTextEmbedding.test_processing_time_recorded": {"executed_lines": [], "summary": {"covered_lines": 0, "num_statements": 4, "percent_covered": 0.0, "percent_covered_display": "0", "missing_lines": 4, "excluded_lines": 0}, "missing_lines": [175, 176, 178, 179], "excluded_lines": []}, "TestQueryEmbedding.setUp": {"executed_lines": [], "summary": {"covered_lines": 0, "num_statements": 1, "percent_covered": 0.0, "percent_covered_display": "0", "missing_lines": 1, "excluded_lines": 0}, "missing_lines": [187], "excluded_lines": []}, "TestQueryEmbedding.test_query_embedding": {"executed_lines": [], "summary": {"covered_lines": 0, "num_statements": 11, "percent_covered": 0.0, "percent_covered_display": "0", "missing_lines": 11, "excluded_lines": 0}, "missing_lines": [191, 193, 195, 196, 197, 198, 199, 202, 203, 204, 207], "excluded_lines": []}, "TestQueryEmbedding.test_empty_query_error": {"executed_lines": [], "summary": {"covered_lines": 0, "num_statements": 2, "percent_covered": 0.0, "percent_covered_display": "0", "missing_lines": 2, "excluded_lines": 0}, "missing_lines": [211, 212], "excluded_lines": []}, "TestQueryEmbedding.test_query_processing_time": {"executed_lines": [], "summary": {"covered_lines": 0, "num_statements": 3, "percent_covered": 0.0, "percent_covered_display": "0", "missing_lines": 3, "excluded_lines": 0}, "missing_lines": [216, 217, 220], "excluded_lines": []}, "TestLateInteractionScoring.setUp": {"executed_lines": [], "summary": {"covered_lines": 0, "num_statements": 1, "percent_covered": 0.0, "percent_covered_display": "0", "missing_lines": 1, "excluded_lines": 0}, "missing_lines": [228], "excluded_lines": []}, "TestLateInteractionScoring.test_single_document_scoring": {"executed_lines": [], "summary": {"covered_lines": 0, "num_statements": 14, "percent_covered": 0.0, "percent_covered_display": "0", "missing_lines": 14, "excluded_lines": 0}, "missing_lines": [233, 234, 236, 237, 240, 244, 245, 246, 247, 249, 250, 253, 254, 255], "excluded_lines": []}, "TestLateInteractionScoring.test_batch_document_scoring": {"executed_lines": [], "summary": {"covered_lines": 0, "num_statements": 8, "percent_covered": 0.0, "percent_covered_display": "0", "missing_lines": 8, "excluded_lines": 0}, "missing_lines": [259, 261, 266, 268, 272, 275, 276, 277], "excluded_lines": []}, "TestLateInteractionScoring.test_maxsim_algorithm": {"executed_lines": [], "summary": {"covered_lines": 0, "num_statements": 6, "percent_covered": 0.0, "percent_covered_display": "0", "missing_lines": 6, "excluded_lines": 0}, "missing_lines": [282, 283, 285, 287, 288, 289], "excluded_lines": []}, "TestLateInteractionScoring.test_identical_embeddings_high_score": {"executed_lines": [], "summary": {"covered_lines": 0, "num_statements": 3, "percent_covered": 0.0, "percent_covered_display": "0", "missing_lines": 3, "excluded_lines": 0}, "missing_lines": [294, 296, 299], "excluded_lines": []}, "TestLateInteractionScoring.test_scoring_time_performance": {"executed_lines": [], "summary": {"covered_lines": 0, "num_statements": 5, "percent_covered": 0.0, "percent_covered_display": "0", "missing_lines": 5, "excluded_lines": 0}, "missing_lines": [303, 306, 307, 309, 314], "excluded_lines": []}, "TestEmbeddingValidation.test_valid_embedding_shape": {"executed_lines": [], "summary": {"covered_lines": 0, "num_statements": 2, "percent_covered": 0.0, "percent_covered_display": "0", "missing_lines": 2, "excluded_lines": 0}, "missing_lines": [322, 324], "excluded_lines": []}, "TestEmbeddingValidation.test_wrong_dimensions_error": {"executed_lines": [], "summary": {"covered_lines": 0, "num_statements": 3, "percent_covered": 0.0, "percent_covered_display": "0", "missing_lines": 3, "excluded_lines": 0}, "missing_lines": [328, 329, 330], "excluded_lines": []}, "TestEmbeddingValidation.test_wrong_embedding_dim_error": {"executed_lines": [], "summary": {"covered_lines": 0, "num_statements": 3, "percent_covered": 0.0, "percent_covered_display": "0", "missing_lines": 3, "excluded_lines": 0}, "missing_lines": [334, 335, 336], "excluded_lines": []}, "TestEmbeddingValidation.test_zero_sequence_length_error": {"executed_lines": [], "summary": {"covered_lines": 0, "num_statements": 3, "percent_covered": 0.0, "percent_covered_display": "0", "missing_lines": 3, "excluded_lines": 0}, "missing_lines": [340, 341, 342], "excluded_lines": []}, "TestErrorHandling.setUp": {"executed_lines": [], "summary": {"covered_lines": 0, "num_statements": 1, "percent_covered": 0.0, "percent_covered_display": "0", "missing_lines": 1, "excluded_lines": 0}, "missing_lines": [350], "excluded_lines": []}, "TestErrorHandling.test_invalid_embedding_shapes_in_scoring": {"executed_lines": [], "summary": {"covered_lines": 0, "num_statements": 4, "percent_covered": 0.0, "percent_covered_display": "0", "missing_lines": 4, "excluded_lines": 0}, "missing_lines": [354, 355, 357, 358], "excluded_lines": []}, "TestErrorHandling.test_clear_cache_no_error": {"executed_lines": [], "summary": {"covered_lines": 0, "num_statements": 1, "percent_covered": 0.0, "percent_covered_display": "0", "missing_lines": 1, "excluded_lines": 0}, "missing_lines": [363], "excluded_lines": []}, "TestConfigurationEdgeCases.test_quantization_flag": {"executed_lines": [], "summary": {"covered_lines": 0, "num_statements": 4, "percent_covered": 0.0, "percent_covered_display": "0", "missing_lines": 4, "excluded_lines": 0}, "missing_lines": [371, 372, 374, 375], "excluded_lines": []}, "TestConfigurationEdgeCases.test_memory_estimate": {"executed_lines": [], "summary": {"covered_lines": 0, "num_statements": 5, "percent_covered": 0.0, "percent_covered_display": "0", "missing_lines": 5, "excluded_lines": 0}, "missing_lines": [379, 380, 382, 383, 386], "excluded_lines": []}, "": {"executed_lines": [], "summary": {"covered_lines": 0, "num_statements": 52, "percent_covered": 0.0, "percent_covered_display": "0", "missing_lines": 52, "excluded_lines": 12}, "missing_lines": [8, 9, 12, 14, 16, 17, 19, 22, 23, 24, 27, 30, 37, 51, 58, 71, 74, 78, 97, 113, 118, 127, 130, 134, 145, 163, 168, 173, 182, 185, 189, 209, 214, 223, 226, 230, 257, 279, 291, 301, 317, 320, 326, 332, 338, 345, 348, 352, 360, 366, 369, 377], "excluded_lines": [389, 391, 392, 393, 394, 397, 398, 399, 400, 401, 404, 407]}}, "classes": {"TestModelLoading": {"executed_lines": [], "summary": {"covered_lines": 0, "num_statements": 19, "percent_covered": 0.0, "percent_covered_display": "0", "missing_lines": 19, "excluded_lines": 0}, "missing_lines": [32, 33, 34, 35, 39, 46, 47, 48, 49, 54, 56, 60, 61, 63, 64, 65, 66, 67, 68], "excluded_lines": []}, "TestImageEmbedding": {"executed_lines": [], "summary": {"covered_lines": 0, "num_statements": 25, "percent_covered": 0.0, "percent_covered_display": "0", "missing_lines": 25, "excluded_lines": 0}, "missing_lines": [76, 81, 83, 85, 86, 87, 88, 89, 92, 93, 94, 95, 100, 102, 104, 105, 106, 109, 110, 111, 115, 116, 120, 121, 124], "excluded_lines": []}, "TestTextEmbedding": {"executed_lines": [], "summary": {"covered_lines": 0, "num_statements": 22, "percent_covered": 0.0, "percent_covered_display": "0", "missing_lines": 22, "excluded_lines": 0}, "missing_lines": [132, 136, 138, 140, 141, 142, 143, 147, 153, 155, 156, 159, 160, 161, 165, 166, 170, 171, 175, 176, 178, 179], "excluded_lines": []}, "TestQueryEmbedding": {"executed_lines": [], "summary": {"covered_lines": 0, "num_statements": 17, "percent_covered": 0.0, "percent_covered_display": "0", "missing_lines": 17, "excluded_lines": 0}, "missing_lines": [187, 191, 193, 195, 196, 197, 198, 199, 202, 203, 204, 207, 211, 212, 216, 217, 220], "excluded_lines": []}, "TestLateInteractionScoring": {"executed_lines": [], "summary": {"covered_lines": 0, "num_statements": 37, "percent_covered": 0.0, "percent_covered_display": "0", "missing_lines": 37, "excluded_lines": 0}, "missing_lines": [228, 233, 234, 236, 237, 240, 244, 245, 246, 247, 249, 250, 253, 254, 255, 259, 261, 266, 268, 272, 275, 276, 277, 282, 283, 285, 287, 288, 289, 294, 296, 299, 303, 306, 307, 309, 314], "excluded_lines": []}, "TestEmbeddingValidation": {"executed_lines": [], "summary": {"covered_lines": 0, "num_statements": 11, "percent_covered": 0.0, "percent_covered_display": "0", "missing_lines": 11, "excluded_lines": 0}, "missing_lines": [322, 324, 328, 329, 330, 334, 335, 336, 340, 341, 342], "excluded_lines": []}, "TestErrorHandling": {"executed_lines": [], "summary": {"covered_lines": 0, "num_statements": 6, "percent_covered": 0.0, "percent_covered_display": "0", "missing_lines": 6, "excluded_lines": 0}, "missing_lines": [350, 354, 355, 357, 358, 363], "excluded_lines": []}, "TestConfigurationEdgeCases": {"executed_lines": [], "summary": {"covered_lines": 0, "num_statements": 9, "percent_covered": 0.0, "percent_covered_display": "0", "missing_lines": 9, "excluded_lines": 0}, "missing_lines": [371, 372, 374, 375, 379, 380, 382, 383, 386], "excluded_lines": []}, "": {"executed_lines": [], "summary": {"covered_lines": 0, "num_statements": 52, "percent_covered": 0.0, "percent_covered_display": "0", "missing_lines": 52, "excluded_lines": 12}, "missing_lines": [8, 9, 12, 14, 16, 17, 19, 22, 23, 24, 27, 30, 37, 51, 58, 71, 74, 78, 97, 113, 118, 127, 130, 134, 145, 163, 168, 173, 182, 185, 189, 209, 214, 223, 226, 230, 257, 279, 291, 301, 317, 320, 326, 332, 338, 345, 348, 352, 360, 366, 369, 377], "excluded_lines": [389, 391, 392, 393, 394, 397, 398, 399, 400, 401, 404, 407]}}}, "src/embeddings/scoring.py": {"executed_lines": [1, 8, 9, 11, 13, 14, 18, 21, 73, 102], "summary": {"covered_lines": 9, "num_statements": 48, "percent_covered": 18.75, "percent_covered_display": "19", "missing_lines": 39, "excluded_lines": 0}, "missing_lines": [15, 16, 39, 40, 41, 43, 44, 47, 48, 51, 54, 57, 60, 61, 64, 66, 68, 69, 70, 90, 91, 92, 93, 94, 95, 97, 98, 99, 113, 114, 116, 117, 119, 120, 121, 124, 125, 127, 128], "excluded_lines": [], "functions": {"maxsim_score": {"executed_lines": [], "summary": {"covered_lines": 0, "num_statements": 17, "percent_covered": 0.0, "percent_covered_display": "0", "missing_lines": 17, "excluded_lines": 0}, "missing_lines": [39, 40, 41, 43, 44, 47, 48, 51, 54, 57, 60, 61, 64, 66, 68, 69, 70], "excluded_lines": []}, "batch_maxsim_scores": {"executed_lines": [], "summary": {"covered_lines": 0, "num_statements": 9, "percent_covered": 0.0, "percent_covered_display": "0", "missing_lines": 9, "excluded_lines": 0}, "missing_lines": [90, 91, 92, 93, 94, 95, 97, 98, 99], "excluded_lines": []}, "validate_embedding_shape": {"executed_lines": [], "summary": {"covered_lines": 0, "num_statements": 11, "percent_covered": 0.0, "percent_covered_display": "0", "missing_lines": 11, "excluded_lines": 0}, "missing_lines": [113, 114, 116, 117, 119, 120, 121, 124, 125, 127, 128], "excluded_lines": []}, "": {"executed_lines": [1, 8, 9, 11, 13, 14, 18, 21, 73, 102], "summary": {"covered_lines": 9, "num_statements": 11, "percent_covered": 81.81818181818181, "percent_covered_display": "82", "missing_lines": 2, "excluded_lines": 0}, "missing_lines": [15, 16], "excluded_lines": []}}, "classes": {"": {"executed_lines": [1, 8, 9, 11, 13, 14, 18, 21, 73, 102], "summary": {"covered_lines": 9, "num_statements": 48, "percent_covered": 18.75, "percent_covered_display": "19", "missing_lines": 39, "excluded_lines": 0}, "missing_lines": [15, 16, 39, 40, 41, 43, 44, 47, 48, 51, 54, 57, 60, 61, 64, 66, 68, 69, 70, 90, 91, 92, 93, 94, 95, 97, 98, 99, 113, 114, 116, 117, 119, 120, 121, 124, 125, 127, 128], "excluded_lines": []}}}, "src/embeddings/types.py": {"executed_lines": [1, 7, 9, 12, 13, 15, 16, 17, 18, 19, 22, 23, 25, 26, 27, 28, 29, 32, 33, 35, 36, 37], "summary": {"covered_lines": 18, "num_statements": 18, "percent_covered": 100.0, "percent_covered_display": "100", "missing_lines": 0, "excluded_lines": 0}, "missing_lines": [], "excluded_lines": [], "functions": {"": {"executed_lines": [1, 7, 9, 12, 13, 15, 16, 17, 18, 19, 22, 23, 25, 26, 27, 28, 29, 32, 33, 35, 36, 37], "summary": {"covered_lines": 18, "num_statements": 18, "percent_covered": 100.0, "percent_covered_display": "100", "missing_lines": 0, "excluded_lines": 0}, "missing_lines": [], "excluded_lines": []}}, "classes": {"EmbeddingOutput": {"executed_lines": [], "summary": {"covered_lines": 0, "num_statements": 0, "percent_covered": 100.0, "percent_covered_display": "100", "missing_lines": 0, "excluded_lines": 0}, "missing_lines": [], "excluded_lines": []}, "BatchEmbeddingOutput": {"executed_lines": [], "summary": {"covered_lines": 0, "num_statements": 0, "percent_covered": 100.0, "percent_covered_display": "100", "missing_lines": 0, "excluded_lines": 0}, "missing_lines": [], "excluded_lines": []}, "ScoringOutput": {"executed_lines": [], "summary": {"covered_lines": 0, "num_statements": 0, "percent_covered": 100.0, "percent_covered_display": "100", "missing_lines": 0, "excluded_lines": 0}, "missing_lines": [], "excluded_lines": []}, "": {"executed_lines": [1, 7, 9, 12, 13, 15, 16, 17, 18, 19, 22, 23, 25, 26, 27, 28, 29, 32, 33, 35, 36, 37], "summary": {"covered_lines": 18, "num_statements": 18, "percent_covered": 100.0, "percent_covered_display": "100", "missing_lines": 0, "excluded_lines": 0}, "missing_lines": [], "excluded_lines": []}}}, "src/embeddings/verify_implementation.py": {"executed_lines": [], "summary": {"covered_lines": 0, "num_statements": 221, "percent_covered": 0.0, "percent_covered_display": "0", "missing_lines": 221, "excluded_lines": 2}, "missing_lines": [8, 9, 11, 13, 14, 16, 17, 20, 22, 23, 24, 27, 29, 31, 48, 49, 50, 51, 53, 56, 58, 60, 62, 72, 73, 74, 75, 76, 77, 79, 82, 84, 86, 89, 90, 91, 93, 94, 95, 96, 97, 98, 99, 100, 101, 102, 105, 106, 107, 109, 110, 111, 112, 113, 114, 117, 118, 120, 121, 122, 123, 124, 127, 128, 130, 131, 132, 133, 134, 135, 136, 137, 139, 142, 144, 146, 149, 150, 151, 153, 154, 155, 158, 159, 162, 163, 164, 166, 167, 168, 171, 172, 175, 176, 177, 178, 179, 180, 182, 185, 187, 189, 192, 193, 194, 195, 196, 197, 199, 200, 201, 202, 203, 205, 206, 207, 208, 209, 212, 213, 214, 215, 216, 217, 219, 222, 224, 226, 229, 230, 231, 232, 235, 236, 237, 238, 239, 242, 243, 244, 245, 246, 247, 249, 252, 254, 256, 259, 260, 261, 264, 266, 267, 270, 271, 272, 273, 275, 278, 280, 282, 285, 286, 287, 288, 291, 292, 293, 294, 297, 298, 300, 303, 305, 307, 309, 312, 313, 314, 317, 320, 321, 322, 325, 328, 329, 330, 332, 335, 337, 338, 339, 340, 342, 343, 344, 345, 346, 347, 348, 349, 350, 351, 353, 354, 355, 356, 357, 358, 359, 360, 361, 363, 365, 366, 367, 368, 369, 370, 372, 373], "excluded_lines": [376, 377], "functions": {"check_section": {"executed_lines": [], "summary": {"covered_lines": 0, "num_statements": 3, "percent_covered": 0.0, "percent_covered_display": "0", "missing_lines": 3, "excluded_lines": 0}, "missing_lines": [22, 23, 24], "excluded_lines": []}, "verify_imports": {"executed_lines": [], "summary": {"covered_lines": 0, "num_statements": 7, "percent_covered": 0.0, "percent_covered_display": "0", "missing_lines": 7, "excluded_lines": 0}, "missing_lines": [29, 31, 48, 49, 50, 51, 53], "excluded_lines": []}, "verify_api_structure": {"executed_lines": [], "summary": {"covered_lines": 0, "num_statements": 10, "percent_covered": 0.0, "percent_covered_display": "0", "missing_lines": 10, "excluded_lines": 0}, "missing_lines": [58, 60, 62, 72, 73, 74, 75, 76, 77, 79], "excluded_lines": []}, "verify_output_shapes": {"executed_lines": [], "summary": {"covered_lines": 0, "num_statements": 42, "percent_covered": 0.0, "pe
[...]
8, 391, 397, 398, 404, 405, 408, 416, 429, 434, 442, 444], "summary": {"covered_lines": 103, "num_statements": 136, "percent_covered": 75.73529411764706, "percent_covered_display": "76", "missing_lines": 33, "excluded_lines": 0}, "missing_lines": [81, 83, 85, 86, 87, 90, 91, 92, 94, 95, 98, 101, 102, 103, 104, 106, 114, 118, 120, 121, 123, 124, 125, 155, 179, 200, 220, 230, 348, 349, 350, 392, 406], "excluded_lines": [], "functions": {"get_chunks_for_document": {"executed_lines": [], "summary": {"covered_lines": 0, "num_statements": 23, "percent_covered": 0.0, "percent_covered_display": "0", "missing_lines": 23, "excluded_lines": 0}, "missing_lines": [81, 83, 85, 86, 87, 90, 91, 92, 94, 95, 98, 101, 102, 103, 104, 106, 114, 118, 120, 121, 123, 124, 125], "excluded_lines": []}, "_escape_html_in_markdown": {"executed_lines": [138], "summary": {"covered_lines": 1, "num_statements": 1, "percent_covered": 100.0, "percent_covered_display": "100", "missing_lines": 0, "excluded_lines": 0}, "missing_lines": [], "excluded_lines": []}, "_find_chunk_position": {"executed_lines": [154, 158, 161, 164, 165, 167, 168, 169, 172, 173, 176, 177, 181, 182], "summary": {"covered_lines": 14, "num_statements": 16, "percent_covered": 87.5, "percent_covered_display": "88", "missing_lines": 2, "excluded_lines": 0}, "missing_lines": [155, 179], "excluded_lines": []}, "_extract_frontmatter": {"executed_lines": [194, 195, 198, 199, 202, 203, 204, 206], "summary": {"covered_lines": 8, "num_statements": 9, "percent_covered": 88.88888888888889, "percent_covered_display": "89", "missing_lines": 1, "excluded_lines": 0}, "missing_lines": [200], "excluded_lines": []}, "_update_frontmatter_chunk_count": {"executed_lines": [219, 223, 225, 232], "summary": {"covered_lines": 4, "num_statements": 6, "percent_covered": 66.66666666666667, "percent_covered_display": "67", "missing_lines": 2, "excluded_lines": 0}, "missing_lines": [220, 230], "excluded_lines": []}, "insert_chunk_markers": {"executed_lines": [267, 268, 269, 271, 272, 273, 275, 277, 280, 281, 282, 283, 286, 289, 290, 292, 298, 300, 301, 302, 305, 306, 309, 312, 315, 318, 324, 329, 339, 340, 343, 345, 346], "summary": {"covered_lines": 33, "num_statements": 36, "percent_covered": 91.66666666666667, "percent_covered_display": "92", "missing_lines": 3, "excluded_lines": 0}, "missing_lines": [348, 349, 350], "excluded_lines": []}, "validate_chunk_markers": {"executed_lines": [370, 371, 374, 377, 378, 381, 382, 385, 388, 391, 397, 398, 404, 405, 408], "summary": {"covered_lines": 15, "num_statements": 17, "percent_covered": 88.23529411764706, "percent_covered_display": "88", "missing_lines": 2, "excluded_lines": 0}, "missing_lines": [392, 406], "excluded_lines": []}, "strip_chunk_markers": {"executed_lines": [429, 434, 442, 444], "summary": {"covered_lines": 4, "num_statements": 4, "percent_covered": 100.0, "percent_covered_display": "100", "missing_lines": 0, "excluded_lines": 0}, "missing_lines": [], "excluded_lines": []}, "": {"executed_lines": [1, 11, 12, 13, 14, 16, 18, 26, 27, 35, 36, 37, 49, 50, 51, 52, 53, 54, 55, 63, 128, 141, 185, 209, 235, 353, 416], "summary": {"covered_lines": 24, "num_statements": 24, "percent_covered": 100.0, "percent_covered_display": "100", "missing_lines": 0, "excluded_lines": 0}, "missing_lines": [], "excluded_lines": []}}, "classes": {"ChunkMarkupError": {"executed_lines": [], "summary": {"covered_lines": 0, "num_statements": 0, "percent_covered": 100.0, "percent_covered_display": "100", "missing_lines": 0, "excluded_lines": 0}, "missing_lines": [], "excluded_lines": []}, "ChunkMetadata": {"executed_lines": [], "summary": {"covered_lines": 0, "num_statements": 0, "percent_covered": 100.0, "percent_covered_display": "100", "missing_lines": 0, "excluded_lines": 0}, "missing_lines": [], "excluded_lines": []}, "": {"executed_lines": [1, 11, 12, 13, 14, 16, 18, 26, 27, 35, 36, 37, 49, 50, 51, 52, 53, 54, 55, 63, 128, 138, 141, 154, 158, 161, 164, 165, 167, 168, 169, 172, 173, 176, 177, 181, 182, 185, 194, 195, 198, 199, 202, 203, 204, 206, 209, 219, 223, 225, 232, 235, 267, 268, 269, 271, 272, 273, 275, 277, 280, 281, 282, 283, 286, 289, 290, 292, 298, 300, 301, 302, 305, 306, 309, 312, 315, 318, 324, 329, 339, 340, 343, 345, 346, 353, 370, 371, 374, 377, 378, 381, 382, 385, 388, 391, 397, 398, 404, 405, 408, 416, 429, 434, 442, 444], "summary": {"covered_lines": 103, "num_statements": 136, "percent_covered": 75.73529411764706, "percent_covered_display": "76", "missing_lines": 33, "excluded_lines": 0}, "missing_lines": [81, 83, 85, 86, 87, 90, 91, 92, 94, 95, 98, 101, 102, 103, 104, 106, 114, 118, 120, 121, 123, 124, 125, 155, 179, 200, 220, 230, 348, 349, 350, 392, 406], "excluded_lines": []}}}, "src/storage/markdown_utils.py": {"executed_lines": [1, 11, 12, 14, 16, 19, 22, 30, 31, 39, 58, 59, 61, 64, 65, 66, 68, 69, 70, 73, 74, 75, 76, 78, 79, 80, 83, 97, 98, 99, 101, 102, 103, 104, 105, 108, 127, 128, 130, 133, 150, 151, 152, 154, 156, 157, 159, 160, 161, 162, 164, 165, 172, 175, 176, 178], "summary": {"covered_lines": 54, "num_statements": 60, "percent_covered": 90.0, "percent_covered_display": "90", "missing_lines": 6, "excluded_lines": 0}, "missing_lines": [166, 167, 168, 169, 170, 173], "excluded_lines": [], "functions": {"delete_document_markdown": {"executed_lines": [58, 59, 61, 64, 65, 66, 68, 69, 70, 73, 74, 75, 76, 78, 79, 80], "summary": {"covered_lines": 16, "num_statements": 16, "percent_covered": 100.0, "percent_covered_display": "100", "missing_lines": 0, "excluded_lines": 0}, "missing_lines": [], "excluded_lines": []}, "markdown_exists": {"executed_lines": [97, 98, 99, 101, 102, 103, 104, 105], "summary": {"covered_lines": 8, "num_statements": 8, "percent_covered": 100.0, "percent_covered_display": "100", "missing_lines": 0, "excluded_lines": 0}, "missing_lines": [], "excluded_lines": []}, "get_markdown_path": {"executed_lines": [127, 128, 130], "summary": {"covered_lines": 3, "num_statements": 3, "percent_covered": 100.0, "percent_covered_display": "100", "missing_lines": 0, "excluded_lines": 0}, "missing_lines": [], "excluded_lines": []}, "cleanup_orphaned_markdown": {"executed_lines": [150, 151, 152, 154, 156, 157, 159, 160, 161, 162, 164, 165, 172, 175, 176, 178], "summary": {"covered_lines": 16, "num_statements": 22, "percent_covered": 72.72727272727273, "percent_covered_display": "73", "missing_lines": 6, "excluded_lines": 0}, "missing_lines": [166, 167, 168, 169, 170, 173], "excluded_lines": []}, "": {"executed_lines": [1, 11, 12, 14, 16, 19, 22, 30, 31, 39, 83, 108, 133], "summary": {"covered_lines": 11, "num_statements": 11, "percent_covered": 100.0, "percent_covered_display": "100", "missing_lines": 0, "excluded_lines": 0}, "missing_lines": [], "excluded_lines": []}}, "classes": {"MarkdownStorageError": {"executed_lines": [], "summary": {"covered_lines": 0, "num_statements": 0, "percent_covered": 100.0, "percent_covered_display": "100", "missing_lines": 0, "excluded_lines": 0}, "missing_lines": [], "excluded_lines": []}, "": {"executed_lines": [1, 11, 12, 14, 16, 19, 22, 30, 31, 39, 58, 59, 61, 64, 65, 66, 68, 69, 70, 73, 74, 75, 76, 78, 79, 80, 83, 97, 98, 99, 101, 102, 103, 104, 105, 108, 127, 128, 130, 133, 150, 151, 152, 154, 156, 157, 159, 160, 161, 162, 164, 165, 172, 175, 176, 178], "summary": {"covered_lines": 54, "num_statements": 60, "percent_covered": 90.0, "percent_covered_display": "90", "missing_lines": 6, "excluded_lines": 0}, "missing_lines": [166, 167, 168, 169, 170, 173], "excluded_lines": []}}}, "src/storage/metadata_schema.py": {"executed_lines": [1, 8, 9, 10, 11, 14, 15, 17, 18, 19, 20, 23, 24, 26, 27, 28, 29, 30, 31, 34, 35, 36, 46, 47, 48, 49, 50, 53, 54, 55, 67, 68, 69, 70, 71, 72, 73, 76, 77, 78, 89, 90, 91, 92, 93, 94, 97, 98, 99, 108, 109, 110, 111, 114, 115, 116, 124, 125, 126, 129, 130, 131, 144, 145, 146, 147, 148, 151, 152, 153, 155, 157, 205, 206, 208, 211, 212, 223, 224, 237, 238, 250, 251, 261, 262, 271, 272, 273, 274, 276, 278, 280, 281, 284, 285, 286, 299, 300, 301, 302, 303, 304, 305, 306, 308, 310, 321, 322, 324, 336, 345, 346, 349, 359, 360, 362, 363, 366, 376, 377, 380, 381, 384, 389, 390, 393, 403, 404, 409, 410, 413, 414, 417], "summary": {"covered_lines": 123, "num_statements": 123, "percent_covered": 100.0, "percent_covered_display": "100", "missing_lines": 0, "excluded_lines": 0}, "missing_lines": [], "excluded_lines": [], "functions": {"DocumentStructure.to_dict": {"executed_lines": [157], "summary": {"covered_lines": 1, "num_statements": 1, "percent_covered": 100.0, "percent_covered_display": "100", "missing_lines": 0, "excluded_lines": 0}, "missing_lines": [], "excluded_lines": []}, "DocumentStructure.from_dict": {"executed_lines": [208, 211, 212, 223, 224, 237, 238, 250, 251, 261, 262, 271, 272, 273, 274, 276], "summary": {"covered_lines": 16, "num_statements": 16, "percent_covered": 100.0, "percent_covered_display": "100", "missing_lines": 0, "excluded_lines": 0}, "missing_lines": [], "excluded_lines": []}, "DocumentStructure.size_estimate_kb": {"executed_lines": [280, 281], "summary": {"covered_lines": 2, "num_statements": 2, "percent_covered": 100.0, "percent_covered_display": "100", "missing_lines": 0, "excluded_lines": 0}, "missing_lines": [], "excluded_lines": []}, "ChunkContext.to_dict": {"executed_lines": [310], "summary": {"covered_lines": 1, "num_statements": 1, "percent_covered": 100.0, "percent_covered_display": "100", "missing_lines": 0, "excluded_lines": 0}, "missing_lines": [], "excluded_lines": []}, "ChunkContext.from_dict": {"executed_lines": [324], "summary": {"covered_lines": 1, "num_statements": 1, "percent_covered": 100.0, "percent_covered_display": "100", "missing_lines": 0, "excluded_lines": 0}, "missing_lines": [], "excluded_lines": []}, "estimate_metadata_size": {"executed_lines": [345, 346], "summary": {"covered_lines": 2, "num_statements": 2, "percent_covered": 100.0, "percent_covered_display": "100", "missing_lines": 0, "excluded_lines": 0}, "missing_lines": [], "excluded_lines": []}, "validate_metadata_size": {"executed_lines": [359, 360, 362, 363], "summary": {"covered_lines": 4, "num_statements": 4, "percent_covered": 100.0, "percent_covered_display": "100", "missing_lines": 0, "excluded_lines": 0}, "missing_lines": [], "excluded_lines": []}, "validate_document_structure": {"executed_lines": [376, 377, 380, 381, 384, 389, 390], "summary": {"covered_lines": 7, "num_statements": 7, "percent_covered": 100.0, "percent_covered_display": "100", "missing_lines": 0, "excluded_lines": 0}, "missing_lines": [], "excluded_lines": []}, "validate_chunk_context": {"executed_lines": [403, 404, 409, 410, 413, 414, 417], "summary": {"covered_lines": 7, "num_statements": 7, "percent_covered": 100.0, "percent_covered_display": "100", "missing_lines": 0, "excluded_lines": 0}, "missing_lines": [], "excluded_lines": []}, "": {"executed_lines": [1, 8, 9, 10, 11, 14, 15, 17, 18, 19, 20, 23, 24, 26, 27, 28, 29, 30, 31, 34, 35, 36, 46, 47, 48, 49, 50, 53, 54, 55, 67, 68, 69, 70, 71, 72, 73, 76, 77, 78, 89, 90, 91, 92, 93, 94, 97, 98, 99, 108, 109, 110, 111, 114, 115, 116, 124, 125, 126, 129, 130, 131, 144, 145, 146, 147, 148, 151, 152, 153, 155, 205, 206, 278, 284, 285, 286, 299, 300, 301, 302, 303, 304, 305, 306, 308, 321, 322, 336, 349, 366, 393], "summary": {"covered_lines": 82, "num_statements": 82, "percent_covered": 100.0, "percent_covered_display": "100", "missing_lines": 0, "excluded_lines": 0}, "missing_lines": [], "excluded_lines": []}}, "classes": {"HeadingLevel": {"executed_lines": [], "summary": {"covered_lines": 0, "num_statements": 0, "percent_covered": 100.0, "percent_covered_display": "100", "missing_lines": 0, "excluded_lines": 0}, "missing_lines": [], "excluded_lines": []}, "PictureType": {"executed_lines": [], "summary": {"covered_lines": 0, "num_statements": 0, "percent_covered": 100.0, "percent_covered_display": "100", "missing_lines": 0, "excluded_lines": 0}, "missing_lines": [], "excluded_lines": []}, "HeadingInfo": {"executed_lines": [], "summary": {"covered_lines": 0, "num_statements": 0, "percent_covered": 100.0, "percent_covered_display": "100", "missing_lines": 0, "excluded_lines": 0}, "missing_lines": [], "excluded_lines": []}, "TableInfo": {"executed_lines": [], "summary": {"covered_lines": 0, "num_statements": 0, "percent_covered": 100.0, "percent_covered_display": "100", "missing_lines": 0, "excluded_lines": 0}, "missing_lines": [], "excluded_lines": []}, "PictureInfo": {"executed_lines": [], "summary": {"covered_lines": 0, "num_statements": 0, "percent_covered": 100.0, "percent_covered_display": "100", "missing_lines": 0, "excluded_lines": 0}, "missing_lines": [], "excluded_lines": []}, "CodeBlockInfo": {"executed_lines": [], "summary": {"covered_lines": 0, "num_statements": 0, "percent_covered": 100.0, "percent_covered_display": "100", "missing_lines": 0, "excluded_lines": 0}, "missing_lines": [], "excluded_lines": []}, "FormulaInfo": {"executed_lines": [], "summary": {"covered_lines": 0, "num_statements": 0, "percent_covered": 100.0, "percent_covered_display": "100", "missing_lines": 0, "excluded_lines": 0}, "missing_lines": [], "excluded_lines": []}, "DocumentStructure": {"executed_lines": [157, 208, 211, 212, 223, 224, 237, 238, 250, 251, 261, 262, 271, 272, 273, 274, 276, 280, 281], "summary": {"covered_lines": 19, "num_statements": 19, "percent_covered": 100.0, "percent_covered_display": "100", "missing_lines": 0, "excluded_lines": 0}, "missing_lines": [], "excluded_lines": []}, "ChunkContext": {"executed_lines": [310, 324], "summary": {"covered_lines": 2, "num_statements": 2, "percent_covered": 100.0, "percent_covered_display": "100", "missing_lines": 0, "excluded_lines": 0}, "missing_lines": [], "excluded_lines": []}, "": {"executed_lines": [1, 8, 9, 10, 11, 14, 15, 17, 18, 19, 20, 23, 24, 26, 27, 28, 29, 30, 31, 34, 35, 36, 46, 47, 48, 49, 50, 53, 54, 55, 67, 68, 69, 70, 71, 72, 73, 76, 77, 78, 89, 90, 91, 92, 93, 94, 97, 98, 99, 108, 109, 110, 111, 114, 115, 116, 124, 125, 126, 129, 130, 131, 144, 145, 146, 147, 148, 151, 152, 153, 155, 205, 206, 278, 284, 285, 286, 299, 300, 301, 302, 303, 304, 305, 306, 308, 321, 322, 336, 345, 346, 349, 359, 360, 362, 363, 366, 376, 377, 380, 381, 384, 389, 390, 393, 403, 404, 409, 410, 413, 414, 417], "summary": {"covered_lines": 102, "num_statements": 102, "percent_covered": 100.0, "percent_covered_display": "100", "missing_lines": 0, "excluded_lines": 0}, "missing_lines": [], "excluded_lines": []}}}, "src/utils/__init__.py": {"executed_lines": [1, 3, 15], "summary": {"covered_lines": 2, "num_statements": 2, "percent_covered": 100.0, "percent_covered_display": "100", "missing_lines": 0, "excluded_lines": 0}, "missing_lines": [], "excluded_lines": [], "functions": {"": {"executed_lines": [1, 3, 15], "summary": {"covered_lines": 2, "num_statements": 2, "percent_covered": 100.0, "percent_covered_display": "100", "missing_lines": 0, "excluded_lines": 0}, "missing_lines": [], "excluded_lines": []}}, "classes": {"": {"executed_lines": [1, 3, 15], "summary": {"covered_lines": 2, "num_statements": 2, "percent_covered": 100.0, "percent_covered_display": "100", "missing_lines": 0, "excluded_lines": 0}, "missing_lines": [], "excluded_lines": []}}}, "src/utils/paths.py": {"executed_lines": [1, 13, 14, 15, 17, 21, 25, 32, 64, 96, 130, 135, 140, 145, 150, 155, 163, 178, 193, 230], "summary": {"covered_lines": 19, "num_statements": 56, "percent_covered": 33.92857142857143, "percent_covered_display": "34", "missing_lines": 37, "excluded_lines": 0}, "missing_lines": [26, 55, 57, 58, 61, 88, 90, 91, 93, 116, 118, 119, 121, 122, 124, 132, 137, 142, 147, 152, 157, 173, 174, 175, 188, 189, 190, 210, 212, 221, 222, 224, 238, 239, 241, 249, 250], "excluded_lines": [], "functions": {"resolve_absolute": {"executed_lines": [], "summary": {"covered_lines": 0, "num_statements": 4, "percent_covered": 0.0, "percent_covered_display": "0", "missing_lines": 4, "excluded_lines": 0}, "missing_lines": [55, 57, 58, 61], "excluded_lines": []}, "ensure_absolute": {"executed_lines": [], "summary": {"covered_lines": 0, "num_statements": 4, "percent_covered": 0.0, "percent_covered_display": "0", "missing_lines": 4, "excluded_lines": 0}, "missing_lines": [88, 90, 91, 93], "excluded_lines": []}, "validate_file_path": {"executed_lines": [], "summary": {"covered_lines": 0, "num_statements": 6, "percent_covered": 0.0, "percent_covered_display": "0", "missing_lines": 6, "excluded_lines": 0}, "missing_lines": [116, 118, 119, 121, 122, 124], "excluded_lines": []}, "get_data_dir": {"executed_lines": [], "summary": {"covered_lines": 0, "num_statements": 1, "percent_covered": 0.0, "percent_covered_display": "0", "missing_lines": 1, "excluded_lines": 0}, "missing_lines": [132], "excluded_lines": []}, "get_uploads_dir": {"executed_lines": [], "summary": {"covered_lines": 0, "num_statements": 1, "percent_covered": 0.0, "percent_covered_display": "0", "missing_lines": 1, "excluded_lines": 0}, "missing_lines": [137], "excluded_lines": []}, "get_images_dir": {"executed_lines": [], "summary": {"covered_lines": 0, "num_statements": 1, "percent_covered": 0.0, "percent_covered_display": "0", "missing_lines": 1, "excluded_lines": 0}, "missing_lines": [142], "excluded_lines": []}, "get_models_dir": {"executed_lines": [], "summary": {"covered_lines": 0, "num_statements": 1, "percent_covered": 0.0, "percent_covered_display": "0", "missing_lines": 1, "excluded_lines": 0}, "missing_lines": [147], "excluded_lines": []}, "get_logs_dir": {"executed_lines": [], "summary": {"covered_lines": 0, "num_statements": 1, "percent_covered": 0.0, "percent_covered_display": "0", "missing_lines": 1, "excluded_lines": 0}, "missing_lines": [152], "excluded_lines": []}, "get_chroma_db_dir": {"executed_lines": [], "summary": {"covered_lines": 0, "num_statements": 1, "percent_covered": 0.0, "percent_covered_display": "0", "missing_lines": 1, "excluded_lines": 0}, "missing_lines": [157], "excluded_lines": []}, "is_audio_file": {"executed_lines": [], "summary": {"covered_lines": 0, "num_statements": 3, "percent_covered": 0.0, "percent_covered_display": "0", "missing_lines": 3, "excluded_lines": 0}, "missing_lines": [173, 174, 175], "excluded_lines": []}, "is_document_file": {"executed_lines": [], "summary": {"covered_lines": 0, "num_statements": 3, "percent_covered": 0.0, "percent_covered_display": "0", "missing_lines": 3, "excluded_lines": 0}, "missing_lines": [188, 189, 190], "excluded_lines": []}, "get_file_info": {"executed_lines": [], "summary": {"covered_lines": 0, "num_statements": 5, "percent_covered": 0.0, "percent_covered_display": "0", "missing_lines": 5, "excluded_lines": 0}, "missing_lines": [210, 212, 221, 222, 224], "excluded_lines": []}, "log_path_info": {"executed_lines": [], "summary": {"covered_lines": 0, "num_statements": 5, "percent_covered": 0.0, "percent_covered_display": "0", "missing_lines": 5, "excluded_lines": 0}, "missing_lines": [238, 239, 241, 249, 250], "excluded_lines": []}, "": {"executed_lines": [1, 13, 14, 15, 17, 21, 25, 32, 64, 96, 130, 135, 140, 145, 150, 155, 163, 178, 193, 230], "summary": {"covered_lines": 19, "num_statements": 20, "percent_covered": 95.0, "percent_covered_display": "95", "missing_lines": 1, "excluded_lines": 0}, "missing_lines": [26], "excluded_lines": []}}, "classes": {"": {"executed_lines": [1, 13, 14, 15, 17, 21, 25, 32, 64, 96, 130, 135, 140, 145, 150, 155, 163, 178, 193, 230], "summary": {"covered_lines": 19, "num_statements": 56, "percent_covered": 33.92857142857143, "percent_covered_display": "34", "missing_lines": 37, "excluded_lines": 0}, "missing_lines": [26, 55, 57, 58, 61, 88, 90, 91, 93, 116, 118, 119, 121, 122, 124, 132, 137, 142, 147, 152, 157, 173, 174, 175, 188, 189, 190, 210, 212, 221, 222, 224, 238, 239, 241, 249, 250], "excluded_lines": []}}}}, "totals": {"covered_lines": 2815, "num_statements": 8739, "percent_covered": 32.211923561048174, "percent_covered_display": "32", "missing_lines": 5924, "excluded_lines": 66}}
